#
# There is insufficient memory for the Java Runtime Environment to continue.
# Native memory allocation (malloc) failed to allocate 1048576 bytes for AllocateHeap
# Possible reasons:
#   The system is out of physical RAM or swap space
#   The process is running with CompressedOops enabled, and the Java Heap may be blocking the growth of the native heap
# Possible solutions:
#   Reduce memory load on the system
#   Increase physical memory or swap space
#   Check if swap backing store is full
#   Decrease Java heap size (-Xmx/-Xms)
#   Decrease number of Java threads
#   Decrease Java thread stack sizes (-Xss)
#   Set larger code cache with -XX:ReservedCodeCacheSize=
#   JVM is running with Unscaled Compressed Oops mode in which the Java heap is
#     placed in the first 4GB address space. The Java Heap base address is the
#     maximum limit for the native heap growth. Please use -XX:HeapBaseMinAddress
#     to set the Java Heap base and to place the Java Heap above 4GB virtual address.
# This output file may be truncated or incomplete.
#
#  Out of Memory Error (allocation.cpp:44), pid=15208, tid=1596
#
# JRE version:  (17.0+35) (build )
# Java VM: Java HotSpot(TM) 64-Bit Server VM (17+35-LTS-2724, mixed mode, sharing, tiered, compressed oops, compressed class ptrs, g1 gc, windows-amd64)
# No core dump will be written. Minidumps are not enabled by default on client versions of Windows
#

---------------  S U M M A R Y ------------

Command Line: -Dnet.bytebuddy.agent.attacher.dump= net.bytebuddy.agent.Attacher com.sun.tools.attach.VirtualMachine 34672 C:\Users\Tejas\.m2\repository\net\bytebuddy\byte-buddy-agent\1.14.13\byte-buddy-agent-1.14.13.jar false 

Host: 12th Gen Intel(R) Core(TM) i5-1240P, 16 cores, 7G,  Windows 10 , 64 bit Build 26100 (10.0.26100.7623)
Time: Wed Jan 14 22:00:45 2026 India Standard Time elapsed time: 0.012461 seconds (0d 0h 0m 0s)

---------------  T H R E A D  ---------------

Current thread (0x0000018d025e1190):  JavaThread "Unknown thread" [_thread_in_vm, id=1596, stack(0x0000008c1ee00000,0x0000008c1ef00000)]

Stack: [0x0000008c1ee00000,0x0000008c1ef00000]
Native frames: (J=compiled Java code, j=interpreted, Vv=VM code, C=native code)
V  [jvm.dll+0x66f8ea]
V  [jvm.dll+0x7ce224]
V  [jvm.dll+0x7cf9ce]
V  [jvm.dll+0x7d0033]
V  [jvm.dll+0x242bb5]
V  [jvm.dll+0xa4673]
V  [jvm.dll+0x2e0b57]
V  [jvm.dll+0x2d8a2b]
V  [jvm.dll+0x7a00a1]
V  [jvm.dll+0x365781]
V  [jvm.dll+0x77f59c]
V  [jvm.dll+0x3e805f]
V  [jvm.dll+0x3e9b01]
C  [jli.dll+0x527b]
C  [ucrtbase.dll+0x37b0]
C  [KERNEL32.DLL+0x2e8d7]
C  [ntdll.dll+0x8c53c]


---------------  P R O C E S S  ---------------

Threads class SMR info:
_java_thread_list=0x00007ff97cb47818, length=0, elements={
}

Java Threads: ( => current thread )

Other Threads:
  0x0000018d0261e5a0 GCTaskThread "GC Thread#0" [stack: 0x0000008c1ef00000,0x0000008c1f000000] [id=31576]

[error occurred during error reporting (printing all threads), id 0xc0000005, EXCEPTION_ACCESS_VIOLATION (0xc0000005) at pc=0x00007ff97c395aa0]

VM state: not at safepoint (not fully initialized)

VM Mutex/Monitor currently owned by a thread:  ([mutex/lock_event])
[0x0000018d025dc430] Heap_lock - owner thread: 0x0000018d025e1190

Heap address: 0x0000000085200000, size: 1966 MB, Compressed Oops mode: 32-bit

CDS archive(s) mapped at: [0x0000000000000000-0x0000000000000000-0x0000000000000000), size 0, SharedBaseAddress: 0x0000000800000000, ArchiveRelocationMode: 0.
Narrow klass base: 0x0000000000000000, Narrow klass shift: 0, Narrow klass range: 0x0

GC Precious Log:
<Empty>

Heap:
 garbage-first heap   total 0K, used 0K [0x0000000085200000, 0x0000000100000000)
  region size 1024K, 0 young (0K), 0 survivors (0K)

[error occurred during error reporting (printing heap information), id 0xc0000005, EXCEPTION_ACCESS_VIOLATION (0xc0000005) at pc=0x00007ff97c778c59]

GC Heap History (0 events):
No events

Deoptimization events (0 events):
No events

Classes unloaded (0 events):
No events

Classes redefined (0 events):
No events

Internal exceptions (0 events):
No events

VM Operations (0 events):
No events

Events (1 events):
Event: 0.008 Loaded shared library C:\Program Files\Java\jdk-17\bin\java.dll


Dynamic libraries:
0x00007ff6af980000 - 0x00007ff6af990000 	C:\Program Files\Java\jdk-17\bin\java.exe
0x00007ff9e49a0000 - 0x00007ff9e4c07000 	C:\WINDOWS\SYSTEM32\ntdll.dll
0x00007ff9e3c20000 - 0x00007ff9e3ce9000 	C:\WINDOWS\System32\KERNEL32.DLL
0x00007ff9e2130000 - 0x00007ff9e251f000 	C:\WINDOWS\System32\KERNELBASE.dll
0x00007ff9e25c0000 - 0x00007ff9e270b000 	C:\WINDOWS\System32\ucrtbase.dll
0x00007ff9d6b40000 - 0x00007ff9d6b58000 	C:\Program Files\Java\jdk-17\bin\jli.dll
0x00007ff9e2a40000 - 0x00007ff9e2af4000 	C:\WINDOWS\System32\ADVAPI32.dll
0x00007ff9da1d0000 - 0x00007ff9da1ea000 	C:\Program Files\Java\jdk-17\bin\VCRUNTIME140.dll
0x00007ff9e45c0000 - 0x00007ff9e4669000 	C:\WINDOWS\System32\msvcrt.dll
0x00007ff9e39a0000 - 0x00007ff9e3a46000 	C:\WINDOWS\System32\sechost.dll
0x00007ff9e3720000 - 0x00007ff9e3838000 	C:\WINDOWS\System32\RPCRT4.dll
0x00007ff9e4750000 - 0x00007ff9e4915000 	C:\WINDOWS\System32\USER32.dll
0x00007ff9e2710000 - 0x00007ff9e2737000 	C:\WINDOWS\System32\win32u.dll
0x00007ff9e4920000 - 0x00007ff9e494b000 	C:\WINDOWS\System32\GDI32.dll
0x00007ff9be430000 - 0x00007ff9be6c3000 	C:\WINDOWS\WinSxS\amd64_microsoft.windows.common-controls_6595b64144ccf1df_6.0.26100.7309_none_3e05feeae336a044\COMCTL32.dll
0x00007ff9e1af0000 - 0x00007ff9e1c1c000 	C:\WINDOWS\System32\gdi32full.dll
0x00007ff9e1d90000 - 0x00007ff9e1e33000 	C:\WINDOWS\System32\msvcp_win.dll
0x00007ff9d4f30000 - 0x00007ff9d4f3b000 	C:\WINDOWS\SYSTEM32\VERSION.dll
0x00007ff9e3a50000 - 0x00007ff9e3a81000 	C:\WINDOWS\System32\IMM32.DLL
0x00007ff9be3a0000 - 0x00007ff9be3ac000 	C:\Program Files\Java\jdk-17\bin\vcruntime140_1.dll
0x00007ff9b25d0000 - 0x00007ff9b265d000 	C:\Program Files\Java\jdk-17\bin\msvcp140.dll
0x00007ff97c0b0000 - 0x00007ff97cc6e000 	C:\Program Files\Java\jdk-17\bin\server\jvm.dll
0x00007ff9e2740000 - 0x00007ff9e2748000 	C:\WINDOWS\System32\PSAPI.DLL
0x00007ff9b8860000 - 0x00007ff9b886a000 	C:\WINDOWS\SYSTEM32\WSOCK32.dll
0x00007ff9d8580000 - 0x00007ff9d85b5000 	C:\WINDOWS\SYSTEM32\WINMM.dll
0x00007ff9e3920000 - 0x00007ff9e3994000 	C:\WINDOWS\System32\WS2_32.dll
0x00007ff9e08a0000 - 0x00007ff9e08bb000 	C:\WINDOWS\SYSTEM32\kernel.appcore.dll
0x00007ff9b8a30000 - 0x00007ff9b8a3a000 	C:\Program Files\Java\jdk-17\bin\jimage.dll
0x00007ff9df150000 - 0x00007ff9df392000 	C:\WINDOWS\SYSTEM32\DBGHELP.DLL
0x00007ff9e3140000 - 0x00007ff9e34c6000 	C:\WINDOWS\System32\combase.dll
0x00007ff9e3840000 - 0x00007ff9e3916000 	C:\WINDOWS\System32\OLEAUT32.dll
0x00007ff9bc8e0000 - 0x00007ff9bc91c000 	C:\WINDOWS\SYSTEM32\dbgcore.DLL
0x00007ff9e1e40000 - 0x00007ff9e1ee5000 	C:\WINDOWS\System32\bcryptPrimitives.dll
0x00007ff9b2570000 - 0x00007ff9b2595000 	C:\Program Files\Java\jdk-17\bin\java.dll

dbghelp: loaded successfully - version: 4.0.5 - missing functions: none
symbol engine: initialized successfully - sym options: 0x614 - pdb path: .;C:\Program Files\Java\jdk-17\bin;C:\WINDOWS\SYSTEM32;C:\WINDOWS\WinSxS\amd64_microsoft.windows.common-controls_6595b64144ccf1df_6.0.26100.7309_none_3e05feeae336a044;C:\Program Files\Java\jdk-17\bin\server

VM Arguments:
jvm_args: -Dnet.bytebuddy.agent.attacher.dump= 
java_command: net.bytebuddy.agent.Attacher com.sun.tools.attach.VirtualMachine 34672 C:\Users\Tejas\.m2\repository\net\bytebuddy\byte-buddy-agent\1.14.13\byte-buddy-agent-1.14.13.jar false 
java_class_path (initial): C:\Users\Tejas\.m2\repository\net\bytebuddy\byte-buddy-agent\1.14.13\byte-buddy-agent-1.14.13.jar
Launcher Type: SUN_STANDARD

[Global flags]
     intx CICompilerCount                          = 12                                        {product} {ergonomic}
     uint ConcGCThreads                            = 3                                         {product} {ergonomic}
     uint G1ConcRefinementThreads                  = 13                                        {product} {ergonomic}
   size_t G1HeapRegionSize                         = 1048576                                   {product} {ergonomic}
    uintx GCDrainStackTargetSize                   = 64                                        {product} {ergonomic}
   size_t InitialHeapSize                          = 130023424                                 {product} {ergonomic}
   size_t MarkStackSize                            = 4194304                                   {product} {ergonomic}
   size_t MaxHeapSize                              = 2061500416                                {product} {ergonomic}
   size_t MinHeapDeltaBytes                        = 1048576                                   {product} {ergonomic}
   size_t MinHeapSize                              = 8388608                                   {product} {ergonomic}
    uintx NonNMethodCodeHeapSize                   = 7602480                                {pd product} {ergonomic}
    uintx NonProfiledCodeHeapSize                  = 122027880                              {pd product} {ergonomic}
    uintx ProfiledCodeHeapSize                     = 122027880                              {pd product} {ergonomic}
    uintx ReservedCodeCacheSize                    = 251658240                              {pd product} {ergonomic}
     bool SegmentedCodeCache                       = true                                      {product} {ergonomic}
   size_t SoftMaxHeapSize                          = 2061500416                             {manageable} {ergonomic}
     bool UseCompressedClassPointers               = true                           {product lp64_product} {ergonomic}
     bool UseCompressedOops                        = true                           {product lp64_product} {ergonomic}
     bool UseG1GC                                  = true                                      {product} {ergonomic}
     bool UseLargePagesIndividualAllocation        = false                                  {pd product} {ergonomic}

Logging:
Log output configuration:
 #0: stdout all=warning uptime,level,tags
 #1: stderr all=off uptime,level,tags

Environment Variables:
PATH=C:/Users/Tejas/.p2/pool/plugins/org.eclipse.justj.openjdk.hotspot.jre.full.win32.x86_64_21.0.8.v20250724-1412/jre/bin/server;C:/Users/Tejas/.p2/pool/plugins/org.eclipse.justj.openjdk.hotspot.jre.full.win32.x86_64_21.0.8.v20250724-1412/jre/bin;C:\Program Files\Common Files\Oracle\Java\javapath;C:\WINDOWS\system32;C:\WINDOWS;C:\WINDOWS\System32\Wbem;C:\WINDOWS\System32\WindowsPowerShell\v1.0\;C:\WINDOWS\System32\OpenSSH\;C:\Program Files (x86)\Microsoft SQL Server\160\Tools\Binn\;C:\Program Files\Microsoft SQL Server\160\Tools\Binn\;C:\Program Files\Microsoft SQL Server\Client SDK\ODBC\170\Tools\Binn\;C:\Program Files\Microsoft SQL Server\160\DTS\Binn\;C:\Program Files\Azure Data Studio\bin;C:\Program Files (x86)\Microsoft SQL Server\160\DTS\Binn\;C:\windows\IsmFiles;C:\Program Files\nodejs\;C:\Program Files\Git\cmd;C:\Program Files\MySQL\MySQL Shell 8.0\bin\;C:\Users\Tejas\AppData\Local\Microsoft\WindowsApps;C:\Users\Tejas\AppData\Local\Programs\Microsoft VS Code\bin;C:\Program Files\Azure Data Studio\bin;C:\Users\Tejas\AppData\Local\Programs\mongosh\;C:\Users\Tejas\AppData\Roaming\npm;C:\Users\Tejas\AppData\Local\PowerToys\;C:\Users\Tejas\AppData\Local\GitHubDesktop\bin;C:\WINDOWS\system32;
USERNAME=Tejas
OS=Windows_NT
PROCESSOR_IDENTIFIER=Intel64 Family 6 Model 154 Stepping 3, GenuineIntel



---------------  S Y S T E M  ---------------

OS:
 Windows 10 , 64 bit Build 26100 (10.0.26100.7623)
OS uptime: 0 days 5:17 hours
Hyper-V role detected

CPU: total 16 (initial active 16) (8 cores per cpu, 2 threads per core) family 6 model 154 stepping 3 microcode 0x434, cx8, cmov, fxsr, ht, mmx, 3dnowpref, sse, sse2, sse3, ssse3, sse4.1, sse4.2, popcnt, lzcnt, tsc, tscinvbit, avx, avx2, aes, erms, clmul, bmi1, bmi2, adx, sha, fma, vzeroupper, clflush, clflushopt, clwb, hv

Memory: 4k page, system-wide physical 7860M (627M free)
TotalPageFile size 18646M (AvailPageFile size 5M)
current process WorkingSet (physical memory assigned to process): 12M, peak: 12M
current process commit charge ("private bytes"): 58M, peak: 59M

vm_info: Java HotSpot(TM) 64-Bit Server VM (17+35-LTS-2724) for windows-amd64 JRE (17+35-LTS-2724), built on Aug  5 2021 23:28:28 by "mach5one" with MS VC++ 16.8 (VS2019)

END.
