#
# There is insufficient memory for the Java Runtime Environment to continue.
# Native memory allocation (malloc) failed to allocate 1165312 bytes for Chunk::new
# Possible reasons:
#   The system is out of physical RAM or swap space
#   The process is running with CompressedOops enabled, and the Java Heap may be blocking the growth of the native heap
# Possible solutions:
#   Reduce memory load on the system
#   Increase physical memory or swap space
#   Check if swap backing store is full
#   Decrease Java heap size (-Xmx/-Xms)
#   Decrease number of Java threads
#   Decrease Java thread stack sizes (-Xss)
#   Set larger code cache with -XX:ReservedCodeCacheSize=
#   JVM is running with Unscaled Compressed Oops mode in which the Java heap is
#     placed in the first 4GB address space. The Java Heap base address is the
#     maximum limit for the native heap growth. Please use -XX:HeapBaseMinAddress
#     to set the Java Heap base and to place the Java Heap above 4GB virtual address.
# This output file may be truncated or incomplete.
#
#  Out of Memory Error (arena.cpp:189), pid=16828, tid=2424
#
# JRE version: Java(TM) SE Runtime Environment (17.0+35) (build 17+35-LTS-2724)
# Java VM: Java HotSpot(TM) 64-Bit Server VM (17+35-LTS-2724, mixed mode, sharing, tiered, compressed oops, compressed class ptrs, g1 gc, windows-amd64)
# No core dump will be written. Minidumps are not enabled by default on client versions of Windows
#

---------------  S U M M A R Y ------------

Command Line: -Dfile.encoding=UTF-8 -Dstdout.encoding=UTF-8 -Dstderr.encoding=UTF-8 -XX:+ShowCodeDetailsInExceptionMessages com.hms.HospitalManagementSystemApplication

Host: 12th Gen Intel(R) Core(TM) i5-1240P, 16 cores, 7G,  Windows 10 , 64 bit Build 26100 (10.0.26100.7309)
Time: Tue Jan 13 12:54:32 2026 India Standard Time elapsed time: 936.095357 seconds (0d 0h 15m 36s)

---------------  T H R E A D  ---------------

Current thread (0x000001bba843f9d0):  JavaThread "C2 CompilerThread0" daemon [_thread_in_native, id=2424, stack(0x0000009d08e00000,0x0000009d08f00000)]


Current CompileTask:
C2: 936095 7202       4       java.util.TreeMap::put (221 bytes)

Stack: [0x0000009d08e00000,0x0000009d08f00000]
Native frames: (J=compiled Java code, j=interpreted, Vv=VM code, C=native code)
V  [jvm.dll+0x66f8ea]
V  [jvm.dll+0x7ce224]
V  [jvm.dll+0x7cf9ce]
V  [jvm.dll+0x7d0033]
V  [jvm.dll+0x242bb5]
V  [jvm.dll+0xaa05b]
V  [jvm.dll+0xaa5ec]
V  [jvm.dll+0x35f9f7]
V  [jvm.dll+0x329f61]
V  [jvm.dll+0x32940a]
V  [jvm.dll+0x215ca1]
V  [jvm.dll+0x2150c1]
V  [jvm.dll+0x1a168d]
V  [jvm.dll+0x2248f8]
V  [jvm.dll+0x222a5c]
V  [jvm.dll+0x78422b]
V  [jvm.dll+0x77e7ea]
V  [jvm.dll+0x66e715]
C  [ucrtbase.dll+0x37b0]
C  [KERNEL32.DLL+0x2e8d7]
C  [ntdll.dll+0x8c53c]


---------------  P R O C E S S  ---------------

Threads class SMR info:
_java_thread_list=0x000001bbb0238bd0, length=29, elements={
0x000001bba8422360, 0x000001bba8424d20, 0x000001bba8436ba0, 0x000001bba8437550,
0x000001bba84386a0, 0x000001bba843e4a0, 0x000001bba843f9d0, 0x000001bba8450480,
0x000001bba845a3f0, 0x000001bba9124fb0, 0x000001bba9139ed0, 0x000001bbabb40a30,
0x000001bbad8cc010, 0x000001bbaba2a480, 0x000001bbaba2a950, 0x000001bbaba2b2f0,
0x000001bbb0135150, 0x000001bbb0134c80, 0x000001bbb0137ca0, 0x000001bbb0135fc0,
0x000001bbb0135af0, 0x000001bbb0138640, 0x000001bbb0136490, 0x000001bbb0135620,
0x000001bbb0136960, 0x000001bbb0136e30, 0x000001bbb0137300, 0x000001bbb01377d0,
0x000001bbb0138170
}

Java Threads: ( => current thread )
  0x000001bba8422360 JavaThread "Reference Handler" daemon [_thread_blocked, id=27212, stack(0x0000009d08800000,0x0000009d08900000)]
  0x000001bba8424d20 JavaThread "Finalizer" daemon [_thread_blocked, id=5744, stack(0x0000009d08900000,0x0000009d08a00000)]
  0x000001bba8436ba0 JavaThread "Signal Dispatcher" daemon [_thread_blocked, id=18368, stack(0x0000009d08a00000,0x0000009d08b00000)]
  0x000001bba8437550 JavaThread "Attach Listener" daemon [_thread_blocked, id=2956, stack(0x0000009d08b00000,0x0000009d08c00000)]
  0x000001bba84386a0 JavaThread "Service Thread" daemon [_thread_blocked, id=15232, stack(0x0000009d08c00000,0x0000009d08d00000)]
  0x000001bba843e4a0 JavaThread "Monitor Deflation Thread" daemon [_thread_blocked, id=27612, stack(0x0000009d08d00000,0x0000009d08e00000)]
=>0x000001bba843f9d0 JavaThread "C2 CompilerThread0" daemon [_thread_in_native, id=2424, stack(0x0000009d08e00000,0x0000009d08f00000)]
  0x000001bba8450480 JavaThread "C1 CompilerThread0" daemon [_thread_blocked, id=22688, stack(0x0000009d08f00000,0x0000009d09000000)]
  0x000001bba845a3f0 JavaThread "Sweeper thread" daemon [_thread_blocked, id=17736, stack(0x0000009d09000000,0x0000009d09100000)]
  0x000001bba9124fb0 JavaThread "Notification Thread" daemon [_thread_blocked, id=7072, stack(0x0000009d09400000,0x0000009d09500000)]
  0x000001bba9139ed0 JavaThread "Common-Cleaner" daemon [_thread_blocked, id=23240, stack(0x0000009d09600000,0x0000009d09700000)]
  0x000001bbabb40a30 JavaThread "mysql-cj-abandoned-connection-cleanup" daemon [_thread_blocked, id=24400, stack(0x0000009d0a600000,0x0000009d0a700000)]
  0x000001bbad8cc010 JavaThread "HikariPool-1 housekeeper" daemon [_thread_blocked, id=23004, stack(0x0000009d0a800000,0x0000009d0a900000)]
  0x000001bbaba2a480 JavaThread "Catalina-utility-1" [_thread_blocked, id=26700, stack(0x0000009d0ab00000,0x0000009d0ac00000)]
  0x000001bbaba2a950 JavaThread "Catalina-utility-2" [_thread_blocked, id=23360, stack(0x0000009d0ac00000,0x0000009d0ad00000)]
  0x000001bbaba2b2f0 JavaThread "container-0" [_thread_blocked, id=22716, stack(0x0000009d0ad00000,0x0000009d0ae00000)]
  0x000001bbb0135150 JavaThread "http-nio-8083-exec-1" daemon [_thread_blocked, id=13920, stack(0x0000009d0af00000,0x0000009d0b000000)]
  0x000001bbb0134c80 JavaThread "http-nio-8083-exec-2" daemon [_thread_blocked, id=24412, stack(0x0000009d0b000000,0x0000009d0b100000)]
  0x000001bbb0137ca0 JavaThread "http-nio-8083-exec-3" daemon [_thread_blocked, id=12004, stack(0x0000009d0b100000,0x0000009d0b200000)]
  0x000001bbb0135fc0 JavaThread "http-nio-8083-exec-4" daemon [_thread_blocked, id=10316, stack(0x0000009d0b200000,0x0000009d0b300000)]
  0x000001bbb0135af0 JavaThread "http-nio-8083-exec-5" daemon [_thread_blocked, id=23432, stack(0x0000009d0b300000,0x0000009d0b400000)]
  0x000001bbb0138640 JavaThread "http-nio-8083-exec-6" daemon [_thread_blocked, id=11584, stack(0x0000009d0b400000,0x0000009d0b500000)]
  0x000001bbb0136490 JavaThread "http-nio-8083-exec-7" daemon [_thread_blocked, id=14724, stack(0x0000009d0b500000,0x0000009d0b600000)]
  0x000001bbb0135620 JavaThread "http-nio-8083-exec-8" daemon [_thread_blocked, id=6548, stack(0x0000009d0b600000,0x0000009d0b700000)]
  0x000001bbb0136960 JavaThread "http-nio-8083-exec-9" daemon [_thread_blocked, id=26880, stack(0x0000009d0b700000,0x0000009d0b800000)]
  0x000001bbb0136e30 JavaThread "http-nio-8083-exec-10" daemon [_thread_blocked, id=10652, stack(0x0000009d0b800000,0x0000009d0b900000)]
  0x000001bbb0137300 JavaThread "http-nio-8083-Poller" daemon [_thread_in_native, id=27600, stack(0x0000009d0b900000,0x0000009d0ba00000)]
  0x000001bbb01377d0 JavaThread "http-nio-8083-Acceptor" daemon [_thread_in_native, id=26984, stack(0x0000009d0ba00000,0x0000009d0bb00000)]
  0x000001bbb0138170 JavaThread "DestroyJavaVM" [_thread_blocked, id=2320, stack(0x0000009d08100000,0x0000009d08200000)]

Other Threads:
  0x000001bba841e230 VMThread "VM Thread" [stack: 0x0000009d08700000,0x0000009d08800000] [id=26936]
  0x000001bba9127400 WatcherThread [stack: 0x0000009d09500000,0x0000009d09600000] [id=23392]
  0x000001bb89b68500 GCTaskThread "GC Thread#0" [stack: 0x0000009d08200000,0x0000009d08300000] [id=18956]
  0x000001bba9b78cd0 GCTaskThread "GC Thread#1" [stack: 0x0000009d09800000,0x0000009d09900000] [id=24684]
  0x000001bba9ba8ca0 GCTaskThread "GC Thread#2" [stack: 0x0000009d09900000,0x0000009d09a00000] [id=27576]
  0x000001bba9ba9f60 GCTaskThread "GC Thread#3" [stack: 0x0000009d09a00000,0x0000009d09b00000] [id=14720]
  0x000001bba9baa210 GCTaskThread "GC Thread#4" [stack: 0x0000009d09b00000,0x0000009d09c00000] [id=26796]
  0x000001bbaa50e760 GCTaskThread "GC Thread#5" [stack: 0x0000009d09d00000,0x0000009d09e00000] [id=2616]
  0x000001bbaa2a8300 GCTaskThread "GC Thread#6" [stack: 0x0000009d09e00000,0x0000009d09f00000] [id=27504]
  0x000001bbaa405020 GCTaskThread "GC Thread#7" [stack: 0x0000009d09f00000,0x0000009d0a000000] [id=27480]
  0x000001bbaa682530 GCTaskThread "GC Thread#8" [stack: 0x0000009d0a000000,0x0000009d0a100000] [id=27488]
  0x000001bbaa4e9340 GCTaskThread "GC Thread#9" [stack: 0x0000009d0a200000,0x0000009d0a300000] [id=2340]
  0x000001bbaa4e95f0 GCTaskThread "GC Thread#10" [stack: 0x0000009d0a300000,0x0000009d0a400000] [id=27616]
  0x000001bbaa4e98a0 GCTaskThread "GC Thread#11" [stack: 0x0000009d0a400000,0x0000009d0a500000] [id=18148]
  0x000001bbaa4e85d0 GCTaskThread "GC Thread#12" [stack: 0x0000009d09c00000,0x0000009d09d00000] [id=24416]
  0x000001bb89b796d0 ConcurrentGCThread "G1 Main Marker" [stack: 0x0000009d08300000,0x0000009d08400000] [id=21464]
  0x000001bb89b7db50 ConcurrentGCThread "G1 Conc#0" [stack: 0x0000009d08400000,0x0000009d08500000] [id=11160]
  0x000001bbaa4e8880 ConcurrentGCThread "G1 Conc#1" [stack: 0x0000009d0a100000,0x0000009d0a200000] [id=18940]
  0x000001bbaa4e9090 ConcurrentGCThread "G1 Conc#2" [stack: 0x0000009d0a500000,0x0000009d0a600000] [id=16900]
  0x000001bb89bee790 ConcurrentGCThread "G1 Refine#0" [stack: 0x0000009d08500000,0x0000009d08600000] [id=23832]
  0x000001bba82cc100 ConcurrentGCThread "G1 Service" [stack: 0x0000009d08600000,0x0000009d08700000] [id=18772]

Threads with active compile tasks:
C2 CompilerThread0   936126 7202       4       java.util.TreeMap::put (221 bytes)

VM state: not at safepoint (normal execution)

VM Mutex/Monitor currently owned by a thread: None

Heap address: 0x0000000085200000, size: 1966 MB, Compressed Oops mode: 32-bit

CDS archive(s) mapped at: [0x0000000800000000-0x0000000800bc0000-0x0000000800bc0000), size 12320768, SharedBaseAddress: 0x0000000800000000, ArchiveRelocationMode: 0.
Compressed class space mapped at: 0x0000000800c00000-0x0000000840c00000, reserved size: 1073741824
Narrow klass base: 0x0000000800000000, Narrow klass shift: 0, Narrow klass range: 0x100000000

GC Precious Log:
 CPUs: 16 total, 16 available
 Memory: 7860M
 Large Page Support: Disabled
 NUMA Support: Disabled
 Compressed Oops: Enabled (32-bit)
 Heap Region Size: 1M
 Heap Min Capacity: 8M
 Heap Initial Capacity: 124M
 Heap Max Capacity: 1966M
 Pre-touch: Disabled
 Parallel Workers: 13
 Concurrent Workers: 3
 Concurrent Refinement Workers: 13
 Periodic GC: Disabled

Heap:
 garbage-first heap   total 71680K, used 41182K [0x0000000085200000, 0x0000000100000000)
  region size 1024K, 13 young (13312K), 2 survivors (2048K)
 Metaspace       used 72065K, committed 72640K, reserved 1114112K
  class space    used 9906K, committed 10176K, reserved 1048576K

Heap Regions: E=young(eden), S=young(survivor), O=old, HS=humongous(starts), HC=humongous(continues), CS=collection set, F=free, OA=open archive, CA=closed archive, TAMS=top-at-mark-start (previous, next)
|   0|0x0000000085200000, 0x0000000085300000, 0x0000000085300000|100%|HS|  |TAMS 0x0000000085300000, 0x0000000085200000| Complete 
|   1|0x0000000085300000, 0x0000000085400000, 0x0000000085400000|100%| O|  |TAMS 0x0000000085400000, 0x0000000085300000| Untracked 
|   2|0x0000000085400000, 0x0000000085500000, 0x0000000085500000|100%| O|  |TAMS 0x0000000085500000, 0x0000000085400000| Untracked 
|   3|0x0000000085500000, 0x0000000085600000, 0x0000000085600000|100%| O|  |TAMS 0x0000000085600000, 0x0000000085500000| Untracked 
|   4|0x0000000085600000, 0x0000000085700000, 0x0000000085700000|100%| O|  |TAMS 0x0000000085700000, 0x0000000085600000| Untracked 
|   5|0x0000000085700000, 0x0000000085800000, 0x0000000085800000|100%| O|  |TAMS 0x0000000085800000, 0x0000000085700000| Untracked 
|   6|0x0000000085800000, 0x0000000085900000, 0x0000000085900000|100%| O|  |TAMS 0x0000000085900000, 0x0000000085800000| Untracked 
|   7|0x0000000085900000, 0x0000000085a00000, 0x0000000085a00000|100%| O|  |TAMS 0x0000000085a00000, 0x0000000085900000| Untracked 
|   8|0x0000000085a00000, 0x0000000085b00000, 0x0000000085b00000|100%| O|  |TAMS 0x0000000085b00000, 0x0000000085a00000| Untracked 
|   9|0x0000000085b00000, 0x0000000085c00000, 0x0000000085c00000|100%| O|  |TAMS 0x0000000085c00000, 0x0000000085b00000| Untracked 
|  10|0x0000000085c00000, 0x0000000085d00000, 0x0000000085d00000|100%| O|  |TAMS 0x0000000085d00000, 0x0000000085c00000| Untracked 
|  11|0x0000000085d00000, 0x0000000085e00000, 0x0000000085e00000|100%| O|  |TAMS 0x0000000085e00000, 0x0000000085d00000| Untracked 
|  12|0x0000000085e00000, 0x0000000085f00000, 0x0000000085f00000|100%| O|  |TAMS 0x0000000085f00000, 0x0000000085e00000| Untracked 
|  13|0x0000000085f00000, 0x0000000086000000, 0x0000000086000000|100%| O|  |TAMS 0x0000000086000000, 0x0000000085f00000| Untracked 
|  14|0x0000000086000000, 0x0000000086100000, 0x0000000086100000|100%| O|  |TAMS 0x0000000086100000, 0x0000000086000000| Untracked 
|  15|0x0000000086100000, 0x0000000086200000, 0x0000000086200000|100%| O|  |TAMS 0x0000000086200000, 0x0000000086100000| Untracked 
|  16|0x0000000086200000, 0x0000000086300000, 0x0000000086300000|100%| O|  |TAMS 0x0000000086300000, 0x0000000086200000| Untracked 
|  17|0x0000000086300000, 0x0000000086400000, 0x0000000086400000|100%| O|  |TAMS 0x0000000086400000, 0x0000000086300000| Untracked 
|  18|0x0000000086400000, 0x000000008646e600, 0x0000000086500000| 43%| O|  |TAMS 0x000000008646e600, 0x0000000086400000| Untracked 
|  19|0x0000000086500000, 0x0000000086600000, 0x0000000086600000|100%| O|  |TAMS 0x0000000086600000, 0x0000000086500000| Untracked 
|  20|0x0000000086600000, 0x0000000086700000, 0x0000000086700000|100%| O|  |TAMS 0x0000000086700000, 0x0000000086600000| Untracked 
|  21|0x0000000086700000, 0x0000000086800000, 0x0000000086800000|100%| O|  |TAMS 0x0000000086800000, 0x0000000086700000| Untracked 
|  22|0x0000000086800000, 0x0000000086900000, 0x0000000086900000|100%| O|  |TAMS 0x000000008687ee00, 0x0000000086800000| Untracked 
|  23|0x0000000086900000, 0x0000000086a00000, 0x0000000086a00000|100%| O|  |TAMS 0x0000000086900000, 0x0000000086900000| Untracked 
|  24|0x0000000086a00000, 0x0000000086b00000, 0x0000000086b00000|100%| O|  |TAMS 0x0000000086a00000, 0x0000000086a00000| Untracked 
|  25|0x0000000086b00000, 0x0000000086c00000, 0x0000000086c00000|100%| O|  |TAMS 0x0000000086b00000, 0x0000000086b00000| Untracked 
|  26|0x0000000086c00000, 0x0000000086d00000, 0x0000000086d00000|100%| O|  |TAMS 0x0000000086c00000, 0x0000000086c00000| Untracked 
|  27|0x0000000086d00000, 0x0000000086e00000, 0x0000000086e00000|100%| O|  |TAMS 0x0000000086d00000, 0x0000000086d00000| Untracked 
|  28|0x0000000086e00000, 0x0000000086f00000, 0x0000000086f00000|100%| O|  |TAMS 0x0000000086e00000, 0x0000000086e00000| Untracked 
|  29|0x0000000086f00000, 0x0000000086fc9200, 0x0000000087000000| 78%| O|  |TAMS 0x0000000086f00000, 0x0000000086f00000| Untracked 
|  30|0x0000000087000000, 0x0000000087000000, 0x0000000087100000|  0%| F|  |TAMS 0x0000000087000000, 0x0000000087000000| Untracked 
|  31|0x0000000087100000, 0x0000000087100000, 0x0000000087200000|  0%| F|  |TAMS 0x0000000087100000, 0x0000000087100000| Untracked 
|  32|0x0000000087200000, 0x0000000087200000, 0x0000000087300000|  0%| F|  |TAMS 0x0000000087200000, 0x0000000087200000| Untracked 
|  33|0x0000000087300000, 0x0000000087300000, 0x0000000087400000|  0%| F|  |TAMS 0x0000000087300000, 0x0000000087300000| Untracked 
|  34|0x0000000087400000, 0x0000000087400000, 0x0000000087500000|  0%| F|  |TAMS 0x0000000087400000, 0x0000000087400000| Untracked 
|  35|0x0000000087500000, 0x0000000087500000, 0x0000000087600000|  0%| F|  |TAMS 0x0000000087500000, 0x0000000087500000| Untracked 
|  36|0x0000000087600000, 0x0000000087600000, 0x0000000087700000|  0%| F|  |TAMS 0x0000000087600000, 0x0000000087600000| Untracked 
|  37|0x0000000087700000, 0x0000000087700000, 0x0000000087800000|  0%| F|  |TAMS 0x0000000087700000, 0x0000000087700000| Untracked 
|  38|0x0000000087800000, 0x0000000087800000, 0x0000000087900000|  0%| F|  |TAMS 0x0000000087800000, 0x0000000087800000| Untracked 
|  39|0x0000000087900000, 0x0000000087900000, 0x0000000087a00000|  0%| F|  |TAMS 0x0000000087900000, 0x0000000087900000| Untracked 
|  40|0x0000000087a00000, 0x0000000087a00000, 0x0000000087b00000|  0%| F|  |TAMS 0x0000000087a00000, 0x0000000087a00000| Untracked 
|  41|0x0000000087b00000, 0x0000000087b00000, 0x0000000087c00000|  0%| F|  |TAMS 0x0000000087b00000, 0x0000000087b00000| Untracked 
|  42|0x0000000087c00000, 0x0000000087d00000, 0x0000000087d00000|100%| S|CS|TAMS 0x0000000087c00000, 0x0000000087c00000| Complete 
|  43|0x0000000087d00000, 0x0000000087e00000, 0x0000000087e00000|100%| S|CS|TAMS 0x0000000087d00000, 0x0000000087d00000| Complete 
|  44|0x0000000087e00000, 0x0000000087e00000, 0x0000000087f00000|  0%| F|  |TAMS 0x0000000087e00000, 0x0000000087e00000| Untracked 
|  45|0x0000000087f00000, 0x0000000087f00000, 0x0000000088000000|  0%| F|  |TAMS 0x0000000087f00000, 0x0000000087f00000| Untracked 
|  46|0x0000000088000000, 0x0000000088000000, 0x0000000088100000|  0%| F|  |TAMS 0x0000000088000000, 0x0000000088000000| Untracked 
|  47|0x0000000088100000, 0x0000000088100000, 0x0000000088200000|  0%| F|  |TAMS 0x0000000088100000, 0x0000000088100000| Untracked 
|  48|0x0000000088200000, 0x0000000088200000, 0x0000000088300000|  0%| F|  |TAMS 0x0000000088200000, 0x0000000088200000| Untracked 
|  49|0x0000000088300000, 0x0000000088300000, 0x0000000088400000|  0%| F|  |TAMS 0x0000000088300000, 0x0000000088300000| Untracked 
|  50|0x0000000088400000, 0x0000000088400000, 0x0000000088500000|  0%| F|  |TAMS 0x0000000088400000, 0x0000000088400000| Untracked 
|  51|0x0000000088500000, 0x0000000088500000, 0x0000000088600000|  0%| F|  |TAMS 0x0000000088500000, 0x0000000088500000| Untracked 
|  52|0x0000000088600000, 0x0000000088600000, 0x0000000088700000|  0%| F|  |TAMS 0x0000000088600000, 0x0000000088600000| Untracked 
|  53|0x0000000088700000, 0x0000000088700000, 0x0000000088800000|  0%| F|  |TAMS 0x0000000088700000, 0x0000000088700000| Untracked 
|  54|0x0000000088800000, 0x0000000088800000, 0x0000000088900000|  0%| F|  |TAMS 0x0000000088800000, 0x0000000088800000| Untracked 
|  55|0x0000000088900000, 0x0000000088900000, 0x0000000088a00000|  0%| F|  |TAMS 0x0000000088900000, 0x0000000088900000| Untracked 
|  56|0x0000000088a00000, 0x0000000088a00000, 0x0000000088b00000|  0%| F|  |TAMS 0x0000000088a00000, 0x0000000088a00000| Untracked 
|  57|0x0000000088b00000, 0x0000000088b00000, 0x0000000088c00000|  0%| F|  |TAMS 0x0000000088b00000, 0x0000000088b00000| Untracked 
|  58|0x0000000088c00000, 0x0000000088c00000, 0x0000000088d00000|  0%| F|  |TAMS 0x0000000088c00000, 0x0000000088c00000| Untracked 
|  59|0x0000000088d00000, 0x0000000088d3fc18, 0x0000000088e00000| 24%| E|  |TAMS 0x0000000088d00000, 0x0000000088d00000| Complete 
|  60|0x0000000088e00000, 0x0000000088f00000, 0x0000000088f00000|100%| E|CS|TAMS 0x0000000088e00000, 0x0000000088e00000| Complete 
|  61|0x0000000088f00000, 0x0000000089000000, 0x0000000089000000|100%| E|  |TAMS 0x0000000088f00000, 0x0000000088f00000| Complete 
|  62|0x0000000089000000, 0x0000000089100000, 0x0000000089100000|100%| E|CS|TAMS 0x0000000089000000, 0x0000000089000000| Complete 
|  63|0x0000000089100000, 0x0000000089200000, 0x0000000089200000|100%| E|CS|TAMS 0x0000000089100000, 0x0000000089100000| Complete 
|  64|0x0000000089200000, 0x0000000089300000, 0x0000000089300000|100%| E|CS|TAMS 0x0000000089200000, 0x0000000089200000| Complete 
|  65|0x0000000089300000, 0x0000000089400000, 0x0000000089400000|100%| E|CS|TAMS 0x0000000089300000, 0x0000000089300000| Complete 
|  66|0x0000000089400000, 0x0000000089500000, 0x0000000089500000|100%| E|CS|TAMS 0x0000000089400000, 0x0000000089400000| Complete 
|  67|0x0000000089500000, 0x0000000089600000, 0x0000000089600000|100%| E|CS|TAMS 0x0000000089500000, 0x0000000089500000| Complete 
|  68|0x0000000089600000, 0x0000000089700000, 0x0000000089700000|100%| E|CS|TAMS 0x0000000089600000, 0x0000000089600000| Complete 
| 123|0x000000008cd00000, 0x000000008ce00000, 0x000000008ce00000|100%| E|CS|TAMS 0x000000008cd00000, 0x000000008cd00000| Complete 

Card table byte_map: [0x000001bba0f80000,0x000001bba1360000] _byte_map_base: 0x000001bba0b57000

Marking Bits (Prev, Next): (CMBitMap*) 0x000001bb89b68b50, (CMBitMap*) 0x000001bb89b68b10
 Prev Bits: [0x000001bba3600000, 0x000001bba54b8000)
 Next Bits: [0x000001bba1740000, 0x000001bba35f8000)

Polling page: 0x000001bb87a90000

Metaspace:

Usage:
  Non-class:     60.70 MB used.
      Class:      9.67 MB used.
       Both:     70.38 MB used.

Virtual space:
  Non-class space:       64.00 MB reserved,      61.00 MB ( 95%) committed,  8 nodes.
      Class space:        1.00 GB reserved,       9.94 MB ( <1%) committed,  1 nodes.
             Both:        1.06 GB reserved,      70.94 MB (  7%) committed. 

Chunk freelists:
   Non-Class:  2.70 MB
       Class:  2.03 MB
        Both:  4.74 MB

MaxMetaspaceSize: unlimited
CompressedClassSpaceSize: 1.00 GB
Initial GC threshold: 21.00 MB
Current GC threshold: 98.06 MB
CDS: on
MetaspaceReclaimPolicy: balanced
 - commit_granule_bytes: 65536.
 - commit_granule_words: 8192.
 - virtual_space_node_default_size: 1048576.
 - enlarge_chunks_in_place: 1.
 - new_chunks_are_fully_committed: 0.
 - uncommit_free_chunks: 1.
 - use_allocation_guard: 0.
 - handle_deallocations: 1.


Internal statistics:

num_allocs_failed_limit: 9.
num_arena_births: 798.
num_arena_deaths: 0.
num_vsnodes_births: 9.
num_vsnodes_deaths: 0.
num_space_committed: 1135.
num_space_uncommitted: 0.
num_chunks_returned_to_freelist: 9.
num_chunks_taken_from_freelist: 3475.
num_chunk_merges: 9.
num_chunk_splits: 2528.
num_chunks_enlarged: 1991.
num_purges: 0.
num_inconsistent_stats: 0.

CodeHeap 'non-profiled nmethods': size=119168Kb used=4526Kb max_used=4526Kb free=114641Kb
 bounds [0x000001bb98ec0000, 0x000001bb99330000, 0x000001bba0320000]
CodeHeap 'profiled nmethods': size=119104Kb used=12810Kb max_used=12810Kb free=106293Kb
 bounds [0x000001bb91a70000, 0x000001bb92700000, 0x000001bb98ec0000]
CodeHeap 'non-nmethods': size=7488Kb used=1347Kb max_used=3094Kb free=6140Kb
 bounds [0x000001bb91320000, 0x000001bb91630000, 0x000001bb91a70000]
 total_blobs=7036 nmethods=6353 adapters=595
 compilation: enabled
              stopped_count=0, restarted_count=0
 full_count=0

Compilation events (20 events):
Event: 682.709 Thread 0x000001bba8450480 7193       3       com.fasterxml.jackson.databind.introspect.AnnotatedClass::getAnnotation (11 bytes)
Event: 682.709 Thread 0x000001bbadb244e0 nmethod 7188 0x000001bb926ea410 code [0x000001bb926ea880, 0x000001bb926ecaa8]
Event: 682.710 Thread 0x000001bba8450480 nmethod 7193 0x000001bb926ed690 code [0x000001bb926ed840, 0x000001bb926eda08]
Event: 682.710 Thread 0x000001bba843f9d0 7194       4       java.lang.reflect.Modifier::isSynthetic (14 bytes)
Event: 682.710 Thread 0x000001bba843f9d0 nmethod 7194 0x000001bb9932b110 code [0x000001bb9932b280, 0x000001bb9932b2f8]
Event: 682.710 Thread 0x000001bbadb244e0 7195       3       java.util.HashMap::containsKey (14 bytes)
Event: 682.711 Thread 0x000001bba8450480 7196       3       com.fasterxml.jackson.databind.introspect.AnnotatedMethod::getParameterCount (8 bytes)
Event: 682.711 Thread 0x000001bbadb244e0 nmethod 7195 0x000001bb926edb10 code [0x000001bb926edcc0, 0x000001bb926ede68]
Event: 682.711 Thread 0x000001bba8450480 nmethod 7196 0x000001bb926edf10 code [0x000001bb926ee0a0, 0x000001bb926ee218]
Event: 682.711 Thread 0x000001bba8450480 7197       1       com.fasterxml.jackson.databind.SerializerProvider::getConfig (5 bytes)
Event: 682.711 Thread 0x000001bba8450480 nmethod 7197 0x000001bb9932b410 code [0x000001bb9932b5a0, 0x000001bb9932b678]
Event: 682.713 Thread 0x000001bba8450480 7198       3       org.apache.tomcat.util.buf.MessageBytes::toBytes (145 bytes)
Event: 682.713 Thread 0x000001bbadb244e0 7199       3       org.apache.coyote.http11.Http11OutputBuffer::write (28 bytes)
Event: 682.713 Thread 0x000001bbadb244e0 nmethod 7199 0x000001bb926ee310 code [0x000001bb926ee4e0, 0x000001bb926ee918]
Event: 682.713 Thread 0x000001bbadb244e0 7200       1       org.apache.coyote.Response::getWriteListener (5 bytes)
Event: 682.713 Thread 0x000001bbadb244e0 nmethod 7200 0x000001bb9932b710 code [0x000001bb9932b8a0, 0x000001bb9932b978]
Event: 682.713 Thread 0x000001bbadb244e0 7201       3       jakarta.servlet.http.HttpServletRequestWrapper::getRequestURI (10 bytes)
Event: 682.713 Thread 0x000001bbadb244e0 nmethod 7201 0x000001bb926eea90 code [0x000001bb926eec40, 0x000001bb926eefa8]
Event: 682.715 Thread 0x000001bba8450480 nmethod 7198 0x000001bb926ef090 code [0x000001bb926ef540, 0x000001bb926f1c78]
Event: 936.064 Thread 0x000001bba843f9d0 7202       4       java.util.TreeMap::put (221 bytes)

GC Heap History (20 events):
Event: 2.232 GC heap before
{Heap before GC invocations=6 (full 0):
 garbage-first heap   total 51200K, used 37568K [0x0000000085200000, 0x0000000100000000)
  region size 1024K, 30 young (30720K), 7 survivors (7168K)
 Metaspace       used 24893K, committed 25152K, reserved 1073152K
  class space    used 3212K, committed 3328K, reserved 1048576K
}
Event: 2.240 GC heap after
{Heap after GC invocations=7 (full 0):
 garbage-first heap   total 51200K, used 15535K [0x0000000085200000, 0x0000000100000000)
  region size 1024K, 2 young (2048K), 2 survivors (2048K)
 Metaspace       used 24893K, committed 25152K, reserved 1073152K
  class space    used 3212K, committed 3328K, reserved 1048576K
}
Event: 2.260 GC heap before
{Heap before GC invocations=7 (full 0):
 garbage-first heap   total 51200K, used 17583K [0x0000000085200000, 0x0000000100000000)
  region size 1024K, 4 young (4096K), 2 survivors (2048K)
 Metaspace       used 25034K, committed 25408K, reserved 1073152K
  class space    used 3227K, committed 3392K, reserved 1048576K
}
Event: 2.264 GC heap after
{Heap after GC invocations=8 (full 0):
 garbage-first heap   total 79872K, used 15746K [0x0000000085200000, 0x0000000100000000)
  region size 1024K, 1 young (1024K), 1 survivors (1024K)
 Metaspace       used 25034K, committed 25408K, reserved 1073152K
  class space    used 3227K, committed 3392K, reserved 1048576K
}
Event: 3.165 GC heap before
{Heap before GC invocations=8 (full 0):
 garbage-first heap   total 79872K, used 59778K [0x0000000085200000, 0x0000000100000000)
  region size 1024K, 44 young (45056K), 1 survivors (1024K)
 Metaspace       used 32821K, committed 33216K, reserved 1081344K
  class space    used 4280K, committed 4480K, reserved 1048576K
}
Event: 3.174 GC heap after
{Heap after GC invocations=9 (full 0):
 garbage-first heap   total 79872K, used 18993K [0x0000000085200000, 0x0000000100000000)
  region size 1024K, 4 young (4096K), 4 survivors (4096K)
 Metaspace       used 32821K, committed 33216K, reserved 1081344K
  class space    used 4280K, committed 4480K, reserved 1048576K
}
Event: 3.407 GC heap before
{Heap before GC invocations=9 (full 0):
 garbage-first heap   total 79872K, used 30257K [0x0000000085200000, 0x0000000100000000)
  region size 1024K, 16 young (16384K), 4 survivors (4096K)
 Metaspace       used 35608K, committed 35968K, reserved 1081344K
  class space    used 4720K, committed 4864K, reserved 1048576K
}
Event: 3.412 GC heap after
{Heap after GC invocations=10 (full 0):
 garbage-first heap   total 79872K, used 19761K [0x0000000085200000, 0x0000000100000000)
  region size 1024K, 1 young (1024K), 1 survivors (1024K)
 Metaspace       used 35608K, committed 35968K, reserved 1081344K
  class space    used 4720K, committed 4864K, reserved 1048576K
}
Event: 4.211 GC heap before
{Heap before GC invocations=11 (full 0):
 garbage-first heap   total 71680K, used 61745K [0x0000000085200000, 0x0000000100000000)
  region size 1024K, 42 young (43008K), 1 survivors (1024K)
 Metaspace       used 45972K, committed 46400K, reserved 1089536K
  class space    used 6077K, committed 6272K, reserved 1048576K
}
Event: 4.216 GC heap after
{Heap after GC invocations=12 (full 0):
 garbage-first heap   total 71680K, used 22598K [0x0000000085200000, 0x0000000100000000)
  region size 1024K, 4 young (4096K), 4 survivors (4096K)
 Metaspace       used 45972K, committed 46400K, reserved 1089536K
  class space    used 6077K, committed 6272K, reserved 1048576K
}
Event: 4.802 GC heap before
{Heap before GC invocations=12 (full 0):
 garbage-first heap   total 71680K, used 55366K [0x0000000085200000, 0x0000000100000000)
  region size 1024K, 36 young (36864K), 4 survivors (4096K)
 Metaspace       used 54674K, committed 55168K, reserved 1097728K
  class space    used 7514K, committed 7744K, reserved 1048576K
}
Event: 4.807 GC heap after
{Heap after GC invocations=13 (full 0):
 garbage-first heap   total 71680K, used 23751K [0x0000000085200000, 0x0000000100000000)
  region size 1024K, 2 young (2048K), 2 survivors (2048K)
 Metaspace       used 54674K, committed 55168K, reserved 1097728K
  class space    used 7514K, committed 7744K, reserved 1048576K
}
Event: 5.314 GC heap before
{Heap before GC invocations=13 (full 0):
 garbage-first heap   total 71680K, used 50375K [0x0000000085200000, 0x0000000100000000)
  region size 1024K, 29 young (29696K), 2 survivors (2048K)
 Metaspace       used 59632K, committed 60160K, reserved 1105920K
  class space    used 8171K, committed 8448K, reserved 1048576K
}
Event: 5.316 GC heap after
{Heap after GC invocations=14 (full 0):
 garbage-first heap   total 71680K, used 26042K [0x0000000085200000, 0x0000000100000000)
  region size 1024K, 4 young (4096K), 4 survivors (4096K)
 Metaspace       used 59632K, committed 60160K, reserved 1105920K
  class space    used 8171K, committed 8448K, reserved 1048576K
}
Event: 5.828 GC heap before
{Heap before GC invocations=15 (full 0):
 garbage-first heap   total 71680K, used 54714K [0x0000000085200000, 0x0000000100000000)
  region size 1024K, 33 young (33792K), 4 survivors (4096K)
 Metaspace       used 63187K, committed 63680K, reserved 1105920K
  class space    used 8729K, committed 8960K, reserved 1048576K
}
Event: 5.831 GC heap after
{Heap after GC invocations=16 (full 0):
 garbage-first heap   total 71680K, used 27777K [0x0000000085200000, 0x0000000100000000)
  region size 1024K, 4 young (4096K), 4 survivors (4096K)
 Metaspace       used 63187K, committed 63680K, reserved 1105920K
  class space    used 8729K, committed 8960K, reserved 1048576K
}
Event: 6.379 GC heap before
{Heap before GC invocations=16 (full 0):
 garbage-first heap   total 71680K, used 57473K [0x0000000085200000, 0x0000000100000000)
  region size 1024K, 33 young (33792K), 4 survivors (4096K)
 Metaspace       used 65768K, committed 66304K, reserved 1105920K
  class space    used 9089K, committed 9344K, reserved 1048576K
}
Event: 6.382 GC heap after
{Heap after GC invocations=17 (full 0):
 garbage-first heap   total 71680K, used 30229K [0x0000000085200000, 0x0000000100000000)
  region size 1024K, 5 young (5120K), 5 survivors (5120K)
 Metaspace       used 65768K, committed 66304K, reserved 1105920K
  class space    used 9089K, committed 9344K, reserved 1048576K
}
Event: 44.448 GC heap before
{Heap before GC invocations=17 (full 0):
 garbage-first heap   total 71680K, used 55829K [0x0000000085200000, 0x0000000100000000)
  region size 1024K, 31 young (31744K), 5 survivors (5120K)
 Metaspace       used 70597K, committed 71168K, reserved 1114112K
  class space    used 9739K, committed 9984K, reserved 1048576K
}
Event: 44.454 GC heap after
{Heap after GC invocations=18 (full 0):
 garbage-first heap   total 71680K, used 31966K [0x0000000085200000, 0x0000000100000000)
  region size 1024K, 2 young (2048K), 2 survivors (2048K)
 Metaspace       used 70597K, committed 71168K, reserved 1114112K
  class space    used 9739K, committed 9984K, reserved 1048576K
}

Deoptimization events (20 events):
Event: 615.778 Thread 0x000001bbaba2a480 Uncommon trap: trap_request=0xffffffbe fr.pc=0x000001bb9932329c relative=0x000000000000277c
Event: 615.778 Thread 0x000001bbaba2a480 Uncommon trap: reason=profile_predicate action=maybe_recompile pc=0x000001bb9932329c method=java.util.TreeMap.put(Ljava/lang/Object;Ljava/lang/Object;Z)Ljava/lang/Object; @ 27 c2
Event: 615.778 Thread 0x000001bbaba2a480 DEOPT PACKING pc=0x000001bb9932329c sp=0x0000009d0abfedc0
Event: 615.778 Thread 0x000001bbaba2a480 DEOPT UNPACKING pc=0x000001bb913723a3 sp=0x0000009d0abfed80 mode 2
Event: 615.778 Thread 0x000001bbaba2a480 Uncommon trap: trap_request=0xffffffbe fr.pc=0x000001bb9932329c relative=0x000000000000277c
Event: 615.778 Thread 0x000001bbaba2a480 Uncommon trap: reason=profile_predicate action=maybe_recompile pc=0x000001bb9932329c method=java.util.TreeMap.put(Ljava/lang/Object;Ljava/lang/Object;Z)Ljava/lang/Object; @ 27 c2
Event: 615.778 Thread 0x000001bbaba2a480 DEOPT PACKING pc=0x000001bb9932329c sp=0x0000009d0abfedc0
Event: 615.778 Thread 0x000001bbaba2a480 DEOPT UNPACKING pc=0x000001bb913723a3 sp=0x0000009d0abfed80 mode 2
Event: 625.784 Thread 0x000001bbaba2a950 Uncommon trap: trap_request=0xffffffbe fr.pc=0x000001bb9932329c relative=0x000000000000277c
Event: 625.784 Thread 0x000001bbaba2a950 Uncommon trap: reason=profile_predicate action=maybe_recompile pc=0x000001bb9932329c method=java.util.TreeMap.put(Ljava/lang/Object;Ljava/lang/Object;Z)Ljava/lang/Object; @ 27 c2
Event: 625.784 Thread 0x000001bbaba2a950 DEOPT PACKING pc=0x000001bb9932329c sp=0x0000009d0acfeb70
Event: 625.784 Thread 0x000001bbaba2a950 DEOPT UNPACKING pc=0x000001bb913723a3 sp=0x0000009d0acfeb30 mode 2
Event: 682.668 Thread 0x000001bbb0136e30 Uncommon trap: trap_request=0xffffff45 fr.pc=0x000001bb9902a6ac relative=0x000000000000018c
Event: 682.668 Thread 0x000001bbb0136e30 Uncommon trap: reason=unstable_if action=reinterpret pc=0x000001bb9902a6ac method=java.util.HashMap.getNode(Ljava/lang/Object;)Ljava/util/HashMap$Node; @ 66 c2
Event: 682.668 Thread 0x000001bbb0136e30 DEOPT PACKING pc=0x000001bb9902a6ac sp=0x0000009d0b8fa130
Event: 682.668 Thread 0x000001bbb0136e30 DEOPT UNPACKING pc=0x000001bb913723a3 sp=0x0000009d0b8fa038 mode 2
Event: 682.669 Thread 0x000001bbb0136e30 Uncommon trap: trap_request=0xffffffde fr.pc=0x000001bb99249174 relative=0x0000000000001df4
Event: 682.669 Thread 0x000001bbb0136e30 Uncommon trap: reason=class_check action=maybe_recompile pc=0x000001bb99249174 method=org.springframework.core.annotation.AnnotatedElementUtils.getAnnotationAttributes(Lorg/springframework/core/annotation/MergedAnnotation;ZZ)Lorg/springframework/core/anno
Event: 682.669 Thread 0x000001bbb0136e30 DEOPT PACKING pc=0x000001bb99249174 sp=0x0000009d0b8f9cc0
Event: 682.669 Thread 0x000001bbb0136e30 DEOPT UNPACKING pc=0x000001bb913723a3 sp=0x0000009d0b8f9b38 mode 2

Classes unloaded (0 events):
No events

Classes redefined (0 events):
No events

Internal exceptions (20 events):
Event: 5.537 Thread 0x000001bb89b2b8f0 Exception <a 'java/lang/reflect/InvocationTargetException'{0x0000000088ac7808}> (0x0000000088ac7808) 
thrown [t:\workspace\open\src\hotspot\share\runtime\reflection.cpp, line 1121]
Event: 5.539 Thread 0x000001bb89b2b8f0 Exception <a 'java/lang/reflect/InvocationTargetException'{0x0000000088ad4240}> (0x0000000088ad4240) 
thrown [t:\workspace\open\src\hotspot\share\runtime\reflection.cpp, line 1121]
Event: 5.645 Thread 0x000001bb89b2b8f0 Exception <a 'sun/nio/fs/WindowsException'{0x0000000088411390}> (0x0000000088411390) 
thrown [t:\workspace\open\src\hotspot\share\prims\jni.cpp, line 516]
Event: 6.040 Thread 0x000001bb89b2b8f0 Exception <a 'sun/nio/fs/WindowsException'{0x0000000088e32248}> (0x0000000088e32248) 
thrown [t:\workspace\open\src\hotspot\share\prims\jni.cpp, line 516]
Event: 6.111 Thread 0x000001bb89b2b8f0 Exception <a 'java/lang/IncompatibleClassChangeError'{0x0000000088ad9a60}: Found class java.lang.Object, but interface was expected> (0x0000000088ad9a60) 
thrown [t:\workspace\open\src\hotspot\share\interpreter\linkResolver.cpp, line 833]
Event: 6.207 Thread 0x000001bb89b2b8f0 Exception <a 'java/lang/NoSuchMethodError'{0x000000008846e150}: 'java.lang.Object java.lang.invoke.DirectMethodHandle$Holder.invokeInterface(java.lang.Object, java.lang.Object, java.lang.Object, java.lang.Object)'> (0x000000008846e150) 
thrown [t:\workspace\open\src\hotspot\share\interpreter\linkResolver.cpp, line 766]
Event: 6.271 Thread 0x000001bb89b2b8f0 Exception <a 'java/lang/NoSuchMethodError'{0x00000000881509b8}: 'void java.lang.invoke.DirectMethodHandle$Holder.invokeVirtual(java.lang.Object, java.lang.Object, long)'> (0x00000000881509b8) 
thrown [t:\workspace\open\src\hotspot\share\interpreter\linkResolver.cpp, line 766]
Event: 6.346 Thread 0x000001bb89b2b8f0 Exception <a 'java/lang/NoSuchMethodError'{0x0000000087dd8388}: 'int java.lang.invoke.DirectMethodHandle$Holder.invokeStaticInit(java.lang.Object, java.lang.Object, java.lang.Object, java.lang.Object)'> (0x0000000087dd8388) 
thrown [t:\workspace\open\src\hotspot\share\interpreter\linkResolver.cpp, line 766]
Event: 6.368 Thread 0x000001bb89b2b8f0 Exception <a 'java/lang/IncompatibleClassChangeError'{0x0000000087b5cdd8}: Found class java.lang.Object, but interface was expected> (0x0000000087b5cdd8) 
thrown [t:\workspace\open\src\hotspot\share\interpreter\linkResolver.cpp, line 833]
Event: 6.473 Thread 0x000001bb89b2b8f0 Exception <a 'java/lang/NoSuchMethodError'{0x00000000890801b0}: 'void java.lang.invoke.DirectMethodHandle$Holder.invokeSpecial(java.lang.Object, java.lang.Object, int, java.lang.Object, java.lang.Object, java.lang.Object, java.lang.Object)'> (0x00000000890801b0) 
thrown [t:\workspace\open\src\hotspot\share\interpreter\linkResolver.cpp, line 766]
Event: 6.474 Thread 0x000001bb89b2b8f0 Exception <a 'java/lang/NoSuchMethodError'{0x0000000089087ee8}: 'java.lang.Object java.lang.invoke.DirectMethodHandle$Holder.newInvokeSpecial(java.lang.Object, java.lang.Object, int, java.lang.Object, java.lang.Object)'> (0x0000000089087ee8) 
thrown [t:\workspace\open\src\hotspot\share\interpreter\linkResolver.cpp, line 766]
Event: 6.476 Thread 0x000001bb89b2b8f0 Exception <a 'java/lang/NoSuchMethodError'{0x00000000890930f0}: 'java.lang.Object java.lang.invoke.DirectMethodHandle$Holder.invokeSpecial(java.lang.Object, java.lang.Object, int, java.lang.Object, int, java.lang.Object)'> (0x00000000890930f0) 
thrown [t:\workspace\open\src\hotspot\share\interpreter\linkResolver.cpp, line 766]
Event: 6.476 Thread 0x000001bb89b2b8f0 Exception <a 'java/lang/NoSuchMethodError'{0x000000008909aaf8}: 'java.lang.Object java.lang.invoke.DirectMethodHandle$Holder.newInvokeSpecial(java.lang.Object, java.lang.Object, int, java.lang.Object, int)'> (0x000000008909aaf8) 
thrown [t:\workspace\open\src\hotspot\share\interpreter\linkResolver.cpp, line 766]
Event: 6.476 Thread 0x000001bb89b2b8f0 Exception <a 'java/lang/NoSuchMethodError'{0x000000008909ebb0}: 'java.lang.Object java.lang.invoke.DirectMethodHandle$Holder.invokeSpecial(java.lang.Object, java.lang.Object, java.lang.Object, int, java.lang.Object, int)'> (0x000000008909ebb0) 
thrown [t:\workspace\open\src\hotspot\share\interpreter\linkResolver.cpp, line 766]
Event: 13.771 Thread 0x000001bbb0134c80 Exception <a 'java/lang/NoSuchMethodError'{0x0000000088c718d8}: 'java.lang.Object java.lang.invoke.DirectMethodHandle$Holder.invokeSpecial(java.lang.Object, java.lang.Object, java.lang.Object, java.lang.Object, java.lang.Object, long)'> (0x0000000088c718d8) 
thrown [t:\workspace\open\src\hotspot\share\interpreter\linkResolver.cpp, line 766]
Event: 13.771 Thread 0x000001bbb0134c80 Exception <a 'java/lang/NoSuchMethodError'{0x0000000088c752d0}: 'java.lang.Object java.lang.invoke.Invokers$Holder.linkToTargetMethod(java.lang.Object, java.lang.Object, java.lang.Object, long, java.lang.Object)'> (0x0000000088c752d0) 
thrown [t:\workspace\open\src\hotspot\share\interpreter\linkResolver.cpp, line 766]
Event: 44.515 Thread 0x000001bbb0137ca0 Exception <a 'java/lang/NoSuchMethodError'{0x000000008958e868}: 'int java.lang.invoke.DirectMethodHandle$Holder.invokeStatic(java.lang.Object, java.lang.Object, int, int)'> (0x000000008958e868) 
thrown [t:\workspace\open\src\hotspot\share\interpreter\linkResolver.cpp, line 766]
Event: 44.520 Thread 0x000001bbb0137ca0 Implicit null exception at 0x000001bb98efd87e to 0x000001bb98efe6fc
Event: 385.254 Thread 0x000001bbb0136e30 Exception <a 'java/lang/NoSuchMethodError'{0x00000000891a5af8}: 'java.lang.Object java.lang.invoke.Invokers$Holder.linkToTargetMethod(java.lang.Object, int, java.lang.Object, java.lang.Object, java.lang.Object, java.lang.Object)'> (0x00000000891a5af8) 
thrown [t:\workspace\open\src\hotspot\share\interpreter\linkResolver.cpp, line 766]
Event: 385.255 Thread 0x000001bbb0136e30 Exception <a 'java/lang/NoSuchMethodError'{0x00000000891b2ff0}: 'int java.lang.invoke.DirectMethodHandle$Holder.invokeStatic(java.lang.Object, java.lang.Object, int, java.lang.Object)'> (0x00000000891b2ff0) 
thrown [t:\workspace\open\src\hotspot\share\interpreter\linkResolver.cpp, line 766]

VM Operations (20 events):
Event: 346.194 Executing VM operation: Cleanup
Event: 346.194 Executing VM operation: Cleanup done
Event: 385.564 Executing VM operation: Cleanup
Event: 385.565 Executing VM operation: Cleanup done
Event: 433.964 Executing VM operation: Cleanup
Event: 433.964 Executing VM operation: Cleanup done
Event: 442.002 Executing VM operation: Cleanup
Event: 442.002 Executing VM operation: Cleanup done
Event: 536.824 Executing VM operation: Cleanup
Event: 536.824 Executing VM operation: Cleanup done
Event: 557.022 Executing VM operation: Cleanup
Event: 557.023 Executing VM operation: Cleanup done
Event: 585.265 Executing VM operation: Cleanup
Event: 585.265 Executing VM operation: Cleanup done
Event: 655.937 Executing VM operation: Cleanup
Event: 655.937 Executing VM operation: Cleanup done
Event: 659.968 Executing VM operation: Cleanup
Event: 659.968 Executing VM operation: Cleanup done
Event: 683.195 Executing VM operation: Cleanup
Event: 683.195 Executing VM operation: Cleanup done

Events (20 events):
Event: 44.402 loading class java/util/zip/GZIPOutputStream
Event: 44.403 loading class java/util/zip/GZIPOutputStream done
Event: 44.430 loading class java/text/ParsePosition
Event: 44.431 loading class java/text/ParsePosition done
Event: 44.431 loading class java/time/format/DateTimeParseContext
Event: 44.431 loading class java/time/format/DateTimeParseContext done
Event: 44.432 loading class java/time/format/Parsed
Event: 44.432 loading class java/time/format/Parsed done
Event: 44.497 loading class jdk/internal/reflect/UnsafeBooleanFieldAccessorImpl
Event: 44.498 loading class jdk/internal/reflect/UnsafeBooleanFieldAccessorImpl done
Event: 44.549 Thread 0x000001bbb006a040 Thread added: 0x000001bbb006a040
Event: 45.290 Thread 0x000001bbb006a040 Thread exited: 0x000001bbb006a040
Event: 293.697 Thread 0x000001bbaa668990 Thread added: 0x000001bbaa668990
Event: 298.756 Thread 0x000001bbaa668990 Thread exited: 0x000001bbaa668990
Event: 441.220 Thread 0x000001bbaa668990 Thread added: 0x000001bbaa668990
Event: 441.226 Thread 0x000001bbadb244e0 Thread added: 0x000001bbadb244e0
Event: 445.637 Thread 0x000001bbaa668990 Thread exited: 0x000001bbaa668990
Event: 445.638 Thread 0x000001bbadb244e0 Thread exited: 0x000001bbadb244e0
Event: 682.658 Thread 0x000001bbadb244e0 Thread added: 0x000001bbadb244e0
Event: 687.722 Thread 0x000001bbadb244e0 Thread exited: 0x000001bbadb244e0


Dynamic libraries:
0x00007ff722b30000 - 0x00007ff722b40000 	C:\Program Files\Java\jdk-17\bin\javaw.exe
0x00007ff9d8a40000 - 0x00007ff9d8ca7000 	C:\WINDOWS\SYSTEM32\ntdll.dll
0x00007ff9d7a70000 - 0x00007ff9d7b39000 	C:\WINDOWS\System32\KERNEL32.DLL
0x00007ff9d6220000 - 0x00007ff9d660f000 	C:\WINDOWS\System32\KERNELBASE.dll
0x00007ff9d60a0000 - 0x00007ff9d61eb000 	C:\WINDOWS\System32\ucrtbase.dll
0x00007ff9cbcb0000 - 0x00007ff9cbcc8000 	C:\Program Files\Java\jdk-17\bin\jli.dll
0x00007ff9cc030000 - 0x00007ff9cc04a000 	C:\Program Files\Java\jdk-17\bin\VCRUNTIME140.dll
0x00007ff9d79b0000 - 0x00007ff9d7a64000 	C:\WINDOWS\System32\ADVAPI32.dll
0x00007ff9d7210000 - 0x00007ff9d72b9000 	C:\WINDOWS\System32\msvcrt.dll
0x00007ff9d69b0000 - 0x00007ff9d6a56000 	C:\WINDOWS\System32\sechost.dll
0x00007ff9d7890000 - 0x00007ff9d79a8000 	C:\WINDOWS\System32\RPCRT4.dll
0x00007ff9d67e0000 - 0x00007ff9d69a5000 	C:\WINDOWS\System32\USER32.dll
0x00007ff9d61f0000 - 0x00007ff9d6217000 	C:\WINDOWS\System32\win32u.dll
0x00007ff9d71e0000 - 0x00007ff9d720b000 	C:\WINDOWS\System32\GDI32.dll
0x00007ff9b0090000 - 0x00007ff9b0323000 	C:\WINDOWS\WinSxS\amd64_microsoft.windows.common-controls_6595b64144ccf1df_6.0.26100.7309_none_3e05feeae336a044\COMCTL32.dll
0x00007ff9d6620000 - 0x00007ff9d674c000 	C:\WINDOWS\System32\gdi32full.dll
0x00007ff9d5d00000 - 0x00007ff9d5da3000 	C:\WINDOWS\System32\msvcp_win.dll
0x00007ff9cacd0000 - 0x00007ff9cacdb000 	C:\WINDOWS\SYSTEM32\VERSION.dll
0x00007ff9d7340000 - 0x00007ff9d7371000 	C:\WINDOWS\System32\IMM32.DLL
0x00007ff9c98b0000 - 0x00007ff9c98bc000 	C:\Program Files\Java\jdk-17\bin\vcruntime140_1.dll
0x00007ff9ac280000 - 0x00007ff9ac30d000 	C:\Program Files\Java\jdk-17\bin\msvcp140.dll
0x00007ff911910000 - 0x00007ff9124ce000 	C:\Program Files\Java\jdk-17\bin\server\jvm.dll
0x00007ff9d72d0000 - 0x00007ff9d72d8000 	C:\WINDOWS\System32\PSAPI.DLL
0x00007ff9ae750000 - 0x00007ff9ae75a000 	C:\WINDOWS\SYSTEM32\WSOCK32.dll
0x00007ff9cc540000 - 0x00007ff9cc575000 	C:\WINDOWS\SYSTEM32\WINMM.dll
0x00007ff9d8980000 - 0x00007ff9d89f4000 	C:\WINDOWS\System32\WS2_32.dll
0x00007ff9d4940000 - 0x00007ff9d495b000 	C:\WINDOWS\SYSTEM32\kernel.appcore.dll
0x00007ff9c98a0000 - 0x00007ff9c98aa000 	C:\Program Files\Java\jdk-17\bin\jimage.dll
0x00007ff9d3210000 - 0x00007ff9d3452000 	C:\WINDOWS\SYSTEM32\DBGHELP.DLL
0x00007ff9d6ce0000 - 0x00007ff9d7065000 	C:\WINDOWS\System32\combase.dll
0x00007ff9d82b0000 - 0x00007ff9d8386000 	C:\WINDOWS\System32\OLEAUT32.dll
0x00007ff9ae6a0000 - 0x00007ff9ae6dc000 	C:\WINDOWS\SYSTEM32\dbgcore.DLL
0x00007ff9d5ff0000 - 0x00007ff9d6095000 	C:\WINDOWS\System32\bcryptPrimitives.dll
0x00007ff9c9870000 - 0x00007ff9c9895000 	C:\Program Files\Java\jdk-17\bin\java.dll
0x00007ff9a5240000 - 0x00007ff9a5316000 	C:\Program Files\Java\jdk-17\bin\svml.dll
0x00007ff9d7b40000 - 0x00007ff9d8293000 	C:\WINDOWS\System32\SHELL32.dll
0x00007ff9d5b90000 - 0x00007ff9d5cfa000 	C:\WINDOWS\System32\wintypes.dll
0x00007ff9d3760000 - 0x00007ff9d3fbe000 	C:\WINDOWS\SYSTEM32\windows.storage.dll
0x00007ff9d8640000 - 0x00007ff9d8735000 	C:\WINDOWS\System32\SHCORE.dll
0x00007ff9d6a60000 - 0x00007ff9d6ac6000 	C:\WINDOWS\System32\shlwapi.dll
0x00007ff9d5ab0000 - 0x00007ff9d5ad9000 	C:\WINDOWS\SYSTEM32\profapi.dll
0x00007ff9c9850000 - 0x00007ff9c9869000 	C:\Program Files\Java\jdk-17\bin\net.dll
0x00007ff9cc3d0000 - 0x00007ff9cc4f8000 	C:\WINDOWS\SYSTEM32\WINHTTP.dll
0x00007ff9d4eb0000 - 0x00007ff9d4f1b000 	C:\WINDOWS\system32\mswsock.dll
0x00007ff9c9830000 - 0x00007ff9c9845000 	C:\Program Files\Java\jdk-17\bin\nio.dll
0x00007ff9c2da0000 - 0x00007ff9c2db8000 	C:\Program Files\Java\jdk-17\bin\zip.dll
0x00007ff9c2d90000 - 0x00007ff9c2d9e000 	C:\Program Files\Java\jdk-17\bin\sunmscapi.dll
0x00007ff9d5db0000 - 0x00007ff9d5f27000 	C:\WINDOWS\System32\CRYPT32.dll
0x00007ff9d5390000 - 0x00007ff9d53c0000 	C:\WINDOWS\SYSTEM32\ncrypt.dll
0x00007ff9d5340000 - 0x00007ff9d537f000 	C:\WINDOWS\SYSTEM32\NTASN1.dll
0x00007ff9d5170000 - 0x00007ff9d518b000 	C:\WINDOWS\SYSTEM32\CRYPTSP.dll
0x00007ff9d48a0000 - 0x00007ff9d48da000 	C:\WINDOWS\system32\rsaenh.dll
0x00007ff9d4f60000 - 0x00007ff9d4f8b000 	C:\WINDOWS\SYSTEM32\USERENV.dll
0x00007ff9d5a80000 - 0x00007ff9d5aaa000 	C:\WINDOWS\SYSTEM32\bcrypt.dll
0x00007ff9d5190000 - 0x00007ff9d519c000 	C:\WINDOWS\SYSTEM32\CRYPTBASE.dll
0x00007ff9d43c0000 - 0x00007ff9d43f4000 	C:\WINDOWS\SYSTEM32\IPHLPAPI.DLL
0x00007ff9d6cb0000 - 0x00007ff9d6cba000 	C:\WINDOWS\System32\NSI.dll
0x00007ff9ccb60000 - 0x00007ff9ccb7e000 	C:\WINDOWS\SYSTEM32\dhcpcsvc6.DLL
0x00007ff9ccb30000 - 0x00007ff9ccb53000 	C:\WINDOWS\SYSTEM32\dhcpcsvc.DLL
0x00007ff9d4400000 - 0x00007ff9d452c000 	C:\WINDOWS\SYSTEM32\DNSAPI.dll
0x00007ff9b7820000 - 0x00007ff9b7829000 	C:\Program Files\Java\jdk-17\bin\management.dll
0x00007ff9b7810000 - 0x00007ff9b781b000 	C:\Program Files\Java\jdk-17\bin\management_ext.dll
0x00007ff9b7800000 - 0x00007ff9b7810000 	C:\Program Files\Java\jdk-17\bin\verify.dll
0x00007ff9cc590000 - 0x00007ff9cc59b000 	C:\Windows\System32\rasadhlp.dll
0x00007ff9cceb0000 - 0x00007ff9ccf36000 	C:\WINDOWS\System32\fwpuclnt.dll
0x00007ff9961a0000 - 0x00007ff9961a8000 	C:\WINDOWS\system32\wshunix.dll

dbghelp: loaded successfully - version: 4.0.5 - missing functions: none
symbol engine: initialized successfully - sym options: 0x614 - pdb path: .;C:\Program Files\Java\jdk-17\bin;C:\WINDOWS\SYSTEM32;C:\WINDOWS\WinSxS\amd64_microsoft.windows.common-controls_6595b64144ccf1df_6.0.26100.7309_none_3e05feeae336a044;C:\Program Files\Java\jdk-17\bin\server

VM Arguments:
jvm_args: -Dfile.encoding=UTF-8 -Dstdout.encoding=UTF-8 -Dstderr.encoding=UTF-8 -XX:+ShowCodeDetailsInExceptionMessages 
java_command: com.hms.HospitalManagementSystemApplication
java_class_path (initial): D:\HMS\hospital-management-system\hospital-management-system\target\classes;C:\Users\Tejas\.m2\repository\org\springframework\boot\spring-boot-starter-web\3.2.5\spring-boot-starter-web-3.2.5.jar;C:\Users\Tejas\.m2\repository\org\springframework\boot\spring-boot-starter\3.2.5\spring-boot-starter-3.2.5.jar;C:\Users\Tejas\.m2\repository\org\springframework\boot\spring-boot\3.2.5\spring-boot-3.2.5.jar;C:\Users\Tejas\.m2\repository\org\springframework\boot\spring-boot-autoconfigure\3.2.5\spring-boot-autoconfigure-3.2.5.jar;C:\Users\Tejas\.m2\repository\org\springframework\boot\spring-boot-starter-logging\3.2.5\spring-boot-starter-logging-3.2.5.jar;C:\Users\Tejas\.m2\repository\ch\qos\logback\logback-classic\1.4.14\logback-classic-1.4.14.jar;C:\Users\Tejas\.m2\repository\ch\qos\logback\logback-core\1.4.14\logback-core-1.4.14.jar;C:\Users\Tejas\.m2\repository\org\apache\logging\log4j\log4j-to-slf4j\2.21.1\log4j-to-slf4j-2.21.1.jar;C:\Users\Tejas\.m2\repository\org\apache\logging\log4j\log4j-api\2.21.1\log4j-api-2.21.1.jar;C:\Users\Tejas\.m2\repository\org\slf4j\jul-to-slf4j\2.0.13\jul-to-slf4j-2.0.13.jar;C:\Users\Tejas\.m2\repository\jakarta\annotation\jakarta.annotation-api\2.1.1\jakarta.annotation-api-2.1.1.jar;C:\Users\Tejas\.m2\repository\org\yaml\snakeyaml\2.2\snakeyaml-2.2.jar;C:\Users\Tejas\.m2\repository\org\springframework\boot\spring-boot-starter-json\3.2.5\spring-boot-starter-json-3.2.5.jar;C:\Users\Tejas\.m2\repository\com\fasterxml\jackson\datatype\jackson-datatype-jdk8\2.15.4\jackson-datatype-jdk8-2.15.4.jar;C:\Users\Tejas\.m2\repository\com\fasterxml\jackson\datatype\jackson-datatype-jsr310\2.15.4\jackson-datatype-jsr310-2.15.4.jar;C:\Users\Tejas\.m2\repository\com\fasterxml\jackson\module\jackson-module-parameter-names\2.15.4\jackson-module-parameter-names-2.15.4.jar;C:\Users\Tejas\.m2\repository\org\springframework\boot\spring-boot-starter-tomcat\3.2.5\spring-boot-starter-tomcat-3.2.5.jar;C:\Users\Tejas\.m2\repository\org\apach
Launcher Type: SUN_STANDARD

[Global flags]
     intx CICompilerCount                          = 12                                        {product} {ergonomic}
     uint ConcGCThreads                            = 3                                         {product} {ergonomic}
     uint G1ConcRefinementThreads                  = 13                                        {product} {ergonomic}
   size_t G1HeapRegionSize                         = 1048576                                   {product} {ergonomic}
    uintx GCDrainStackTargetSize                   = 64                                        {product} {ergonomic}
   size_t InitialHeapSize                          = 130023424                                 {product} {ergonomic}
   size_t MarkStackSize                            = 4194304                                   {product} {ergonomic}
   size_t MaxHeapSize                              = 2061500416                                {product} {ergonomic}
   size_t MaxNewSize                               = 1236271104                                {product} {ergonomic}
   size_t MinHeapDeltaBytes                        = 1048576                                   {product} {ergonomic}
   size_t MinHeapSize                              = 8388608                                   {product} {ergonomic}
    uintx NonNMethodCodeHeapSize                   = 7602480                                {pd product} {ergonomic}
    uintx NonProfiledCodeHeapSize                  = 122027880                              {pd product} {ergonomic}
    uintx ProfiledCodeHeapSize                     = 122027880                              {pd product} {ergonomic}
    uintx ReservedCodeCacheSize                    = 251658240                              {pd product} {ergonomic}
     bool SegmentedCodeCache                       = true                                      {product} {ergonomic}
     bool ShowCodeDetailsInExceptionMessages       = true                                   {manageable} {command line}
   size_t SoftMaxHeapSize                          = 2061500416                             {manageable} {ergonomic}
     bool UseCompressedClassPointers               = true                           {product lp64_product} {ergonomic}
     bool UseCompressedOops                        = true                           {product lp64_product} {ergonomic}
     bool UseG1GC                                  = true                                      {product} {ergonomic}
     bool UseLargePagesIndividualAllocation        = false                                  {pd product} {ergonomic}

Logging:
Log output configuration:
 #0: stdout all=warning uptime,level,tags
 #1: stderr all=off uptime,level,tags

Environment Variables:
PATH=C:/Users/Tejas/.p2/pool/plugins/org.eclipse.justj.openjdk.hotspot.jre.full.win32.x86_64_21.0.8.v20250724-1412/jre/bin/server;C:/Users/Tejas/.p2/pool/plugins/org.eclipse.justj.openjdk.hotspot.jre.full.win32.x86_64_21.0.8.v20250724-1412/jre/bin;C:\Program Files\Common Files\Oracle\Java\javapath;C:\WINDOWS\system32;C:\WINDOWS;C:\WINDOWS\System32\Wbem;C:\WINDOWS\System32\WindowsPowerShell\v1.0\;C:\WINDOWS\System32\OpenSSH\;C:\Program Files (x86)\Microsoft SQL Server\160\Tools\Binn\;C:\Program Files\Microsoft SQL Server\160\Tools\Binn\;C:\Program Files\Microsoft SQL Server\Client SDK\ODBC\170\Tools\Binn\;C:\Program Files\Microsoft SQL Server\160\DTS\Binn\;C:\Program Files\Azure Data Studio\bin;C:\Program Files (x86)\Microsoft SQL Server\160\DTS\Binn\;C:\windows\IsmFiles;C:\Program Files\nodejs\;C:\Program Files\Git\cmd;C:\Program Files\MySQL\MySQL Shell 8.0\bin\;C:\Users\Tejas\AppData\Local\Microsoft\WindowsApps;C:\Users\Tejas\AppData\Local\Programs\Microsoft VS Code\bin;C:\Program Files\Azure Data Studio\bin;C:\Users\Tejas\AppData\Local\Programs\mongosh\;C:\Users\Tejas\AppData\Roaming\npm;C:\Users\Tejas\AppData\Local\PowerToys\;C:\Users\Tejas\AppData\Local\GitHubDesktop\bin;C:\WINDOWS\system32;
USERNAME=Tejas
OS=Windows_NT
PROCESSOR_IDENTIFIER=Intel64 Family 6 Model 154 Stepping 3, GenuineIntel



---------------  S Y S T E M  ---------------

OS:
 Windows 10 , 64 bit Build 26100 (10.0.26100.7309)
OS uptime: 0 days 0:34 hours
Hyper-V role detected

CPU: total 16 (initial active 16) (8 cores per cpu, 2 threads per core) family 6 model 154 stepping 3 microcode 0x434, cx8, cmov, fxsr, ht, mmx, 3dnowpref, sse, sse2, sse3, ssse3, sse4.1, sse4.2, popcnt, lzcnt, tsc, tscinvbit, avx, avx2, aes, erms, clmul, bmi1, bmi2, adx, sha, fma, vzeroupper, clflush, clflushopt, clwb, hv

Memory: 4k page, system-wide physical 7860M (1278M free)
TotalPageFile size 16266M (AvailPageFile size 419M)
current process WorkingSet (physical memory assigned to process): 99M, peak: 285M
current process commit charge ("private bytes"): 292M, peak: 332M

vm_info: Java HotSpot(TM) 64-Bit Server VM (17+35-LTS-2724) for windows-amd64 JRE (17+35-LTS-2724), built on Aug  5 2021 23:28:28 by "mach5one" with MS VC++ 16.8 (VS2019)

END.
