#
# There is insufficient memory for the Java Runtime Environment to continue.
# Native memory allocation (malloc) failed to allocate 596480 bytes for Chunk::new
# Possible reasons:
#   The system is out of physical RAM or swap space
#   The process is running with CompressedOops enabled, and the Java Heap may be blocking the growth of the native heap
# Possible solutions:
#   Reduce memory load on the system
#   Increase physical memory or swap space
#   Check if swap backing store is full
#   Decrease Java heap size (-Xmx/-Xms)
#   Decrease number of Java threads
#   Decrease Java thread stack sizes (-Xss)
#   Set larger code cache with -XX:ReservedCodeCacheSize=
#   JVM is running with Unscaled Compressed Oops mode in which the Java heap is
#     placed in the first 4GB address space. The Java Heap base address is the
#     maximum limit for the native heap growth. Please use -XX:HeapBaseMinAddress
#     to set the Java Heap base and to place the Java Heap above 4GB virtual address.
# This output file may be truncated or incomplete.
#
#  Out of Memory Error (arena.cpp:189), pid=19532, tid=14024
#
# JRE version: Java(TM) SE Runtime Environment (17.0+35) (build 17+35-LTS-2724)
# Java VM: Java HotSpot(TM) 64-Bit Server VM (17+35-LTS-2724, mixed mode, sharing, tiered, compressed oops, compressed class ptrs, g1 gc, windows-amd64)
# No core dump will be written. Minidumps are not enabled by default on client versions of Windows
#

---------------  S U M M A R Y ------------

Command Line: -Dfile.encoding=UTF-8 -Dstdout.encoding=UTF-8 -Dstderr.encoding=UTF-8 -XX:+ShowCodeDetailsInExceptionMessages com.hms.HospitalManagementSystemApplication

Host: 12th Gen Intel(R) Core(TM) i5-1240P, 16 cores, 7G,  Windows 10 , 64 bit Build 26100 (10.0.26100.7623)
Time: Mon Jan 19 18:20:07 2026 India Standard Time elapsed time: 55.632131 seconds (0d 0h 0m 55s)

---------------  T H R E A D  ---------------

Current thread (0x00000132af441420):  JavaThread "C2 CompilerThread0" daemon [_thread_in_native, id=14024, stack(0x00000022a7b00000,0x00000022a7c00000)]


Current CompileTask:
C2:  55632 7204       4       jdk.internal.org.objectweb.asm.MethodWriter::putMethodInfo (1274 bytes)

Stack: [0x00000022a7b00000,0x00000022a7c00000]
Native frames: (J=compiled Java code, j=interpreted, Vv=VM code, C=native code)
V  [jvm.dll+0x66f8ea]
V  [jvm.dll+0x7ce224]
V  [jvm.dll+0x7cf9ce]
V  [jvm.dll+0x7d0033]
V  [jvm.dll+0x242bb5]
V  [jvm.dll+0xaa05b]
V  [jvm.dll+0xaa5ec]
V  [jvm.dll+0x35f9f7]
V  [jvm.dll+0x329f61]
V  [jvm.dll+0x32940a]
V  [jvm.dll+0x215ca1]
V  [jvm.dll+0x2150c1]
V  [jvm.dll+0x1a168d]
V  [jvm.dll+0x2248f8]
V  [jvm.dll+0x222a5c]
V  [jvm.dll+0x78422b]
V  [jvm.dll+0x77e7ea]
V  [jvm.dll+0x66e715]
C  [ucrtbase.dll+0x37b0]
C  [KERNEL32.DLL+0x2e8d7]
C  [ntdll.dll+0x8c53c]


---------------  P R O C E S S  ---------------

Threads class SMR info:
_java_thread_list=0x00000132b75d9310, length=33, elements={
0x00000132af422be0, 0x00000132af4255a0, 0x00000132af436b40, 0x00000132af4374f0,
0x00000132af4391b0, 0x00000132af43ae70, 0x00000132af441420, 0x00000132af4631e0,
0x00000132af466230, 0x00000132b010f290, 0x00000132b0117580, 0x00000132b48ed750,
0x00000132b4ff0b10, 0x00000132b0bad4c0, 0x00000132b0a09a70, 0x00000132b5fe9750,
0x00000132b1636840, 0x00000132b1636d10, 0x00000132b16376b0, 0x00000132b1638050,
0x00000132b09d6a80, 0x00000132b09d8290, 0x00000132b09d60e0, 0x00000132b09d5c10,
0x00000132b09d6f50, 0x00000132b09d8760, 0x00000132b09d7420, 0x00000132b09d78f0,
0x00000132b09d8c30, 0x00000132b5ed4300, 0x00000132b5ed4d20, 0x00000132b5ed33d0,
0x00000132b5ed1060
}

Java Threads: ( => current thread )
  0x00000132af422be0 JavaThread "Reference Handler" daemon [_thread_blocked, id=16548, stack(0x00000022a7500000,0x00000022a7600000)]
  0x00000132af4255a0 JavaThread "Finalizer" daemon [_thread_blocked, id=25584, stack(0x00000022a7600000,0x00000022a7700000)]
  0x00000132af436b40 JavaThread "Signal Dispatcher" daemon [_thread_blocked, id=8668, stack(0x00000022a7700000,0x00000022a7800000)]
  0x00000132af4374f0 JavaThread "Attach Listener" daemon [_thread_blocked, id=18968, stack(0x00000022a7800000,0x00000022a7900000)]
  0x00000132af4391b0 JavaThread "Service Thread" daemon [_thread_blocked, id=19060, stack(0x00000022a7900000,0x00000022a7a00000)]
  0x00000132af43ae70 JavaThread "Monitor Deflation Thread" daemon [_thread_blocked, id=27364, stack(0x00000022a7a00000,0x00000022a7b00000)]
=>0x00000132af441420 JavaThread "C2 CompilerThread0" daemon [_thread_in_native, id=14024, stack(0x00000022a7b00000,0x00000022a7c00000)]
  0x00000132af4631e0 JavaThread "C1 CompilerThread0" daemon [_thread_blocked, id=3116, stack(0x00000022a7c00000,0x00000022a7d00000)]
  0x00000132af466230 JavaThread "Sweeper thread" daemon [_thread_blocked, id=30996, stack(0x00000022a7d00000,0x00000022a7e00000)]
  0x00000132b010f290 JavaThread "Notification Thread" daemon [_thread_blocked, id=29084, stack(0x00000022a8000000,0x00000022a8100000)]
  0x00000132b0117580 JavaThread "Common-Cleaner" daemon [_thread_blocked, id=14976, stack(0x00000022a8200000,0x00000022a8300000)]
  0x00000132b48ed750 JavaThread "mysql-cj-abandoned-connection-cleanup" daemon [_thread_blocked, id=28880, stack(0x00000022a9400000,0x00000022a9500000)]
  0x00000132b4ff0b10 JavaThread "HikariPool-1 housekeeper" daemon [_thread_blocked, id=23432, stack(0x00000022a9600000,0x00000022a9700000)]
  0x00000132b0bad4c0 JavaThread "Catalina-utility-1" [_thread_blocked, id=30724, stack(0x00000022a9800000,0x00000022a9900000)]
  0x00000132b0a09a70 JavaThread "Catalina-utility-2" [_thread_blocked, id=20804, stack(0x00000022a9900000,0x00000022a9a00000)]
  0x00000132b5fe9750 JavaThread "container-0" [_thread_blocked, id=32228, stack(0x00000022a9a00000,0x00000022a9b00000)]
  0x00000132b1636840 JavaThread "http-nio-8083-exec-1" daemon [_thread_blocked, id=14500, stack(0x00000022a9b00000,0x00000022a9c00000)]
  0x00000132b1636d10 JavaThread "http-nio-8083-exec-2" daemon [_thread_blocked, id=25072, stack(0x00000022a9c00000,0x00000022a9d00000)]
  0x00000132b16376b0 JavaThread "http-nio-8083-exec-3" daemon [_thread_blocked, id=21620, stack(0x00000022a9d00000,0x00000022a9e00000)]
  0x00000132b1638050 JavaThread "http-nio-8083-exec-4" daemon [_thread_in_vm, id=32532, stack(0x00000022a9e00000,0x00000022a9f00000)]
  0x00000132b09d6a80 JavaThread "http-nio-8083-exec-5" daemon [_thread_blocked, id=26620, stack(0x00000022a9f00000,0x00000022aa000000)]
  0x00000132b09d8290 JavaThread "http-nio-8083-exec-6" daemon [_thread_blocked, id=33616, stack(0x00000022aa000000,0x00000022aa100000)]
  0x00000132b09d60e0 JavaThread "http-nio-8083-exec-7" daemon [_thread_blocked, id=29636, stack(0x00000022aa100000,0x00000022aa200000)]
  0x00000132b09d5c10 JavaThread "http-nio-8083-exec-8" daemon [_thread_blocked, id=14248, stack(0x00000022aa200000,0x00000022aa300000)]
  0x00000132b09d6f50 JavaThread "http-nio-8083-exec-9" daemon [_thread_blocked, id=27716, stack(0x00000022aa300000,0x00000022aa400000)]
  0x00000132b09d8760 JavaThread "http-nio-8083-exec-10" daemon [_thread_blocked, id=23448, stack(0x00000022aa400000,0x00000022aa500000)]
  0x00000132b09d7420 JavaThread "http-nio-8083-Poller" daemon [_thread_in_native, id=29592, stack(0x00000022aa500000,0x00000022aa600000)]
  0x00000132b09d78f0 JavaThread "http-nio-8083-Acceptor" daemon [_thread_in_native, id=21844, stack(0x00000022aa600000,0x00000022aa700000)]
  0x00000132b09d8c30 JavaThread "DestroyJavaVM" [_thread_blocked, id=20116, stack(0x00000022a6e00000,0x00000022a6f00000)]
  0x00000132b5ed4300 JavaThread "C1 CompilerThread1" daemon [_thread_blocked, id=29004, stack(0x00000022a8800000,0x00000022a8900000)]
  0x00000132b5ed4d20 JavaThread "C1 CompilerThread2" daemon [_thread_blocked, id=11700, stack(0x00000022a9300000,0x00000022a9400000)]
  0x00000132b5ed33d0 JavaThread "C1 CompilerThread3" daemon [_thread_blocked, id=25804, stack(0x00000022a9700000,0x00000022a9800000)]
  0x00000132b5ed1060 JavaThread "C2 CompilerThread1" daemon [_thread_in_native, id=30432, stack(0x00000022a8300000,0x00000022a8400000)]

Other Threads:
  0x00000132af41bb30 VMThread "VM Thread" [stack: 0x00000022a7400000,0x00000022a7500000] [id=29812]
  0x00000132b010f760 WatcherThread [stack: 0x00000022a8100000,0x00000022a8200000] [id=10916]
  0x000001328ed4c670 GCTaskThread "GC Thread#0" [stack: 0x00000022a6f00000,0x00000022a7000000] [id=29208]
  0x00000132b0b56a10 GCTaskThread "GC Thread#1" [stack: 0x00000022a8400000,0x00000022a8500000] [id=28332]
  0x00000132b0a6a670 GCTaskThread "GC Thread#2" [stack: 0x00000022a8500000,0x00000022a8600000] [id=21036]
  0x00000132b0c8cda0 GCTaskThread "GC Thread#3" [stack: 0x00000022a8600000,0x00000022a8700000] [id=16216]
  0x00000132b0b7bc50 GCTaskThread "GC Thread#4" [stack: 0x00000022a8700000,0x00000022a8800000] [id=33412]
  0x00000132b0e79d40 GCTaskThread "GC Thread#5" [stack: 0x00000022a8a00000,0x00000022a8b00000] [id=33744]
  0x00000132b12aef90 GCTaskThread "GC Thread#6" [stack: 0x00000022a8b00000,0x00000022a8c00000] [id=26596]
  0x00000132b12af640 GCTaskThread "GC Thread#7" [stack: 0x00000022a8c00000,0x00000022a8d00000] [id=28508]
  0x00000132b12afd00 GCTaskThread "GC Thread#8" [stack: 0x00000022a8d00000,0x00000022a8e00000] [id=24900]
  0x00000132b16de7d0 GCTaskThread "GC Thread#9" [stack: 0x00000022a8f00000,0x00000022a9000000] [id=24136]
  0x00000132b10ddc50 GCTaskThread "GC Thread#10" [stack: 0x00000022a9000000,0x00000022a9100000] [id=532]
  0x00000132b10c4f50 GCTaskThread "GC Thread#11" [stack: 0x00000022a9100000,0x00000022a9200000] [id=21808]
  0x00000132b1152d90 GCTaskThread "GC Thread#12" [stack: 0x00000022a8900000,0x00000022a8a00000] [id=22868]
  0x000001328ed5cd50 ConcurrentGCThread "G1 Main Marker" [stack: 0x00000022a7000000,0x00000022a7100000] [id=33344]
  0x000001328ed61d40 ConcurrentGCThread "G1 Conc#0" [stack: 0x00000022a7100000,0x00000022a7200000] [id=4228]
  0x00000132b1152ae0 ConcurrentGCThread "G1 Conc#1" [stack: 0x00000022a8e00000,0x00000022a8f00000] [id=30584]
  0x00000132b11532f0 ConcurrentGCThread "G1 Conc#2" [stack: 0x00000022a9200000,0x00000022a9300000] [id=22300]
  0x00000132af2c60d0 ConcurrentGCThread "G1 Refine#0" [stack: 0x00000022a7200000,0x00000022a7300000] [id=25552]
  0x00000132af2c67a0 ConcurrentGCThread "G1 Service" [stack: 0x00000022a7300000,0x00000022a7400000] [id=31620]

Threads with active compile tasks:
C2 CompilerThread0    55658 7204       4       jdk.internal.org.objectweb.asm.MethodWriter::putMethodInfo (1274 bytes)
C1 CompilerThread3    55658 7234       3       java.util.concurrent.ConcurrentHashMap::<init> (73 bytes)
C2 CompilerThread1    55658 7228   !   4       java.lang.reflect.Executable::declaredAnnotations (85 bytes)

VM state: not at safepoint (normal execution)

VM Mutex/Monitor currently owned by a thread: None

Heap address: 0x0000000085200000, size: 1966 MB, Compressed Oops mode: 32-bit

CDS archive(s) mapped at: [0x0000000800000000-0x0000000800bc0000-0x0000000800bc0000), size 12320768, SharedBaseAddress: 0x0000000800000000, ArchiveRelocationMode: 0.
Compressed class space mapped at: 0x0000000800c00000-0x0000000840c00000, reserved size: 1073741824
Narrow klass base: 0x0000000800000000, Narrow klass shift: 0, Narrow klass range: 0x100000000

GC Precious Log:
 CPUs: 16 total, 16 available
 Memory: 7860M
 Large Page Support: Disabled
 NUMA Support: Disabled
 Compressed Oops: Enabled (32-bit)
 Heap Region Size: 1M
 Heap Min Capacity: 8M
 Heap Initial Capacity: 124M
 Heap Max Capacity: 1966M
 Pre-touch: Disabled
 Parallel Workers: 13
 Concurrent Workers: 3
 Concurrent Refinement Workers: 13
 Periodic GC: Disabled

Heap:
 garbage-first heap   total 104448K, used 60953K [0x0000000085200000, 0x0000000100000000)
  region size 1024K, 31 young (31744K), 4 survivors (4096K)
 Metaspace       used 74535K, committed 75136K, reserved 1114112K
  class space    used 10462K, committed 10752K, reserved 1048576K

Heap Regions: E=young(eden), S=young(survivor), O=old, HS=humongous(starts), HC=humongous(continues), CS=collection set, F=free, OA=open archive, CA=closed archive, TAMS=top-at-mark-start (previous, next)
|   0|0x0000000085200000, 0x0000000085300000, 0x0000000085300000|100%|HS|  |TAMS 0x0000000085300000, 0x0000000085200000| Complete 
|   1|0x0000000085300000, 0x0000000085400000, 0x0000000085400000|100%|HS|  |TAMS 0x0000000085400000, 0x0000000085300000| Complete 
|   2|0x0000000085400000, 0x0000000085500000, 0x0000000085500000|100%| O|  |TAMS 0x0000000085500000, 0x0000000085400000| Untracked 
|   3|0x0000000085500000, 0x0000000085600000, 0x0000000085600000|100%| O|  |TAMS 0x0000000085600000, 0x0000000085500000| Untracked 
|   4|0x0000000085600000, 0x0000000085700000, 0x0000000085700000|100%| O|  |TAMS 0x0000000085700000, 0x0000000085600000| Untracked 
|   5|0x0000000085700000, 0x0000000085800000, 0x0000000085800000|100%| O|  |TAMS 0x0000000085800000, 0x0000000085700000| Untracked 
|   6|0x0000000085800000, 0x0000000085900000, 0x0000000085900000|100%| O|  |TAMS 0x0000000085900000, 0x0000000085800000| Untracked 
|   7|0x0000000085900000, 0x0000000085a00000, 0x0000000085a00000|100%| O|  |TAMS 0x0000000085a00000, 0x0000000085900000| Untracked 
|   8|0x0000000085a00000, 0x0000000085ae6a00, 0x0000000085b00000| 90%| O|  |TAMS 0x0000000085ae6a00, 0x0000000085a00000| Untracked 
|   9|0x0000000085b00000, 0x0000000085c00000, 0x0000000085c00000|100%| O|  |TAMS 0x0000000085c00000, 0x0000000085b00000| Untracked 
|  10|0x0000000085c00000, 0x0000000085d00000, 0x0000000085d00000|100%| O|  |TAMS 0x0000000085d00000, 0x0000000085c00000| Untracked 
|  11|0x0000000085d00000, 0x0000000085e00000, 0x0000000085e00000|100%| O|  |TAMS 0x0000000085e00000, 0x0000000085d00000| Untracked 
|  12|0x0000000085e00000, 0x0000000085f00000, 0x0000000085f00000|100%| O|  |TAMS 0x0000000085f00000, 0x0000000085e00000| Untracked 
|  13|0x0000000085f00000, 0x0000000086000000, 0x0000000086000000|100%| O|  |TAMS 0x0000000086000000, 0x0000000085f00000| Untracked 
|  14|0x0000000086000000, 0x0000000086100000, 0x0000000086100000|100%| O|  |TAMS 0x0000000086100000, 0x0000000086000000| Untracked 
|  15|0x0000000086100000, 0x0000000086200000, 0x0000000086200000|100%| O|  |TAMS 0x0000000086200000, 0x0000000086100000| Untracked 
|  16|0x0000000086200000, 0x0000000086300000, 0x0000000086300000|100%| O|  |TAMS 0x0000000086300000, 0x0000000086200000| Untracked 
|  17|0x0000000086300000, 0x0000000086400000, 0x0000000086400000|100%| O|  |TAMS 0x0000000086400000, 0x0000000086300000| Untracked 
|  18|0x0000000086400000, 0x0000000086500000, 0x0000000086500000|100%| O|  |TAMS 0x0000000086500000, 0x0000000086400000| Untracked 
|  19|0x0000000086500000, 0x0000000086600000, 0x0000000086600000|100%| O|  |TAMS 0x0000000086600000, 0x0000000086500000| Untracked 
|  20|0x0000000086600000, 0x0000000086640800, 0x0000000086700000| 25%| O|  |TAMS 0x0000000086640800, 0x0000000086600000| Untracked 
|  21|0x0000000086700000, 0x0000000086800000, 0x0000000086800000|100%| O|  |TAMS 0x0000000086800000, 0x0000000086700000| Untracked 
|  22|0x0000000086800000, 0x0000000086900000, 0x0000000086900000|100%| O|  |TAMS 0x0000000086900000, 0x0000000086800000| Untracked 
|  23|0x0000000086900000, 0x0000000086a00000, 0x0000000086a00000|100%| O|  |TAMS 0x0000000086a00000, 0x0000000086900000| Untracked 
|  24|0x0000000086a00000, 0x0000000086b00000, 0x0000000086b00000|100%| O|  |TAMS 0x0000000086b00000, 0x0000000086a00000| Untracked 
|  25|0x0000000086b00000, 0x0000000086c00000, 0x0000000086c00000|100%| O|  |TAMS 0x0000000086ba0c00, 0x0000000086b00000| Untracked 
|  26|0x0000000086c00000, 0x0000000086d00000, 0x0000000086d00000|100%| O|  |TAMS 0x0000000086c00000, 0x0000000086c00000| Untracked 
|  27|0x0000000086d00000, 0x0000000086e00000, 0x0000000086e00000|100%| O|  |TAMS 0x0000000086d00000, 0x0000000086d00000| Untracked 
|  28|0x0000000086e00000, 0x0000000086f00000, 0x0000000086f00000|100%| O|  |TAMS 0x0000000086e00000, 0x0000000086e00000| Untracked 
|  29|0x0000000086f00000, 0x0000000087000000, 0x0000000087000000|100%| O|  |TAMS 0x0000000086f00000, 0x0000000086f00000| Untracked 
|  30|0x0000000087000000, 0x0000000087100000, 0x0000000087100000|100%| O|  |TAMS 0x0000000087000000, 0x0000000087000000| Untracked 
|  31|0x0000000087100000, 0x00000000871f6600, 0x0000000087200000| 96%| O|  |TAMS 0x0000000087100000, 0x0000000087100000| Untracked 
|  32|0x0000000087200000, 0x0000000087200000, 0x0000000087300000|  0%| F|  |TAMS 0x0000000087200000, 0x0000000087200000| Untracked 
|  33|0x0000000087300000, 0x0000000087300000, 0x0000000087400000|  0%| F|  |TAMS 0x0000000087300000, 0x0000000087300000| Untracked 
|  34|0x0000000087400000, 0x0000000087400000, 0x0000000087500000|  0%| F|  |TAMS 0x0000000087400000, 0x0000000087400000| Untracked 
|  35|0x0000000087500000, 0x0000000087500000, 0x0000000087600000|  0%| F|  |TAMS 0x0000000087500000, 0x0000000087500000| Untracked 
|  36|0x0000000087600000, 0x0000000087600000, 0x0000000087700000|  0%| F|  |TAMS 0x0000000087600000, 0x0000000087600000| Untracked 
|  37|0x0000000087700000, 0x0000000087700000, 0x0000000087800000|  0%| F|  |TAMS 0x0000000087700000, 0x0000000087700000| Untracked 
|  38|0x0000000087800000, 0x0000000087800000, 0x0000000087900000|  0%| F|  |TAMS 0x0000000087800000, 0x0000000087800000| Untracked 
|  39|0x0000000087900000, 0x0000000087900000, 0x0000000087a00000|  0%| F|  |TAMS 0x0000000087900000, 0x0000000087900000| Untracked 
|  40|0x0000000087a00000, 0x0000000087a00000, 0x0000000087b00000|  0%| F|  |TAMS 0x0000000087a00000, 0x0000000087a00000| Untracked 
|  41|0x0000000087b00000, 0x0000000087b00000, 0x0000000087c00000|  0%| F|  |TAMS 0x0000000087b00000, 0x0000000087b00000| Untracked 
|  42|0x0000000087c00000, 0x0000000087c00000, 0x0000000087d00000|  0%| F|  |TAMS 0x0000000087c00000, 0x0000000087c00000| Untracked 
|  43|0x0000000087d00000, 0x0000000087d00000, 0x0000000087e00000|  0%| F|  |TAMS 0x0000000087d00000, 0x0000000087d00000| Untracked 
|  44|0x0000000087e00000, 0x0000000087e00000, 0x0000000087f00000|  0%| F|  |TAMS 0x0000000087e00000, 0x0000000087e00000| Untracked 
|  45|0x0000000087f00000, 0x0000000087f68d60, 0x0000000088000000| 40%| S|CS|TAMS 0x0000000087f00000, 0x0000000087f00000| Complete 
|  46|0x0000000088000000, 0x0000000088100000, 0x0000000088100000|100%| S|CS|TAMS 0x0000000088000000, 0x0000000088000000| Complete 
|  47|0x0000000088100000, 0x0000000088200000, 0x0000000088200000|100%| S|CS|TAMS 0x0000000088100000, 0x0000000088100000| Complete 
|  48|0x0000000088200000, 0x0000000088300000, 0x0000000088300000|100%| S|CS|TAMS 0x0000000088200000, 0x0000000088200000| Complete 
|  49|0x0000000088300000, 0x0000000088300000, 0x0000000088400000|  0%| F|  |TAMS 0x0000000088300000, 0x0000000088300000| Untracked 
|  50|0x0000000088400000, 0x0000000088400000, 0x0000000088500000|  0%| F|  |TAMS 0x0000000088400000, 0x0000000088400000| Untracked 
|  51|0x0000000088500000, 0x0000000088500000, 0x0000000088600000|  0%| F|  |TAMS 0x0000000088500000, 0x0000000088500000| Untracked 
|  52|0x0000000088600000, 0x0000000088600000, 0x0000000088700000|  0%| F|  |TAMS 0x0000000088600000, 0x0000000088600000| Untracked 
|  53|0x0000000088700000, 0x0000000088700000, 0x0000000088800000|  0%| F|  |TAMS 0x0000000088700000, 0x0000000088700000| Untracked 
|  54|0x0000000088800000, 0x0000000088800000, 0x0000000088900000|  0%| F|  |TAMS 0x0000000088800000, 0x0000000088800000| Untracked 
|  55|0x0000000088900000, 0x0000000088900000, 0x0000000088a00000|  0%| F|  |TAMS 0x0000000088900000, 0x0000000088900000| Untracked 
|  56|0x0000000088a00000, 0x0000000088a00000, 0x0000000088b00000|  0%| F|  |TAMS 0x0000000088a00000, 0x0000000088a00000| Untracked 
|  57|0x0000000088b00000, 0x0000000088b00000, 0x0000000088c00000|  0%| F|  |TAMS 0x0000000088b00000, 0x0000000088b00000| Untracked 
|  58|0x0000000088c00000, 0x0000000088c00000, 0x0000000088d00000|  0%| F|  |TAMS 0x0000000088c00000, 0x0000000088c00000| Untracked 
|  59|0x0000000088d00000, 0x0000000088d00000, 0x0000000088e00000|  0%| F|  |TAMS 0x0000000088d00000, 0x0000000088d00000| Untracked 
|  60|0x0000000088e00000, 0x0000000088e00000, 0x0000000088f00000|  0%| F|  |TAMS 0x0000000088e00000, 0x0000000088e00000| Untracked 
|  61|0x0000000088f00000, 0x0000000088f00000, 0x0000000089000000|  0%| F|  |TAMS 0x0000000088f00000, 0x0000000088f00000| Untracked 
|  62|0x0000000089000000, 0x0000000089000000, 0x0000000089100000|  0%| F|  |TAMS 0x0000000089000000, 0x0000000089000000| Untracked 
|  63|0x0000000089100000, 0x0000000089100000, 0x0000000089200000|  0%| F|  |TAMS 0x0000000089100000, 0x0000000089100000| Untracked 
|  64|0x0000000089200000, 0x0000000089200000, 0x0000000089300000|  0%| F|  |TAMS 0x0000000089200000, 0x0000000089200000| Untracked 
|  65|0x0000000089300000, 0x0000000089300000, 0x0000000089400000|  0%| F|  |TAMS 0x0000000089300000, 0x0000000089300000| Untracked 
|  66|0x0000000089400000, 0x0000000089400000, 0x0000000089500000|  0%| F|  |TAMS 0x0000000089400000, 0x0000000089400000| Untracked 
|  67|0x0000000089500000, 0x0000000089500000, 0x0000000089600000|  0%| F|  |TAMS 0x0000000089500000, 0x0000000089500000| Untracked 
|  68|0x0000000089600000, 0x0000000089600000, 0x0000000089700000|  0%| F|  |TAMS 0x0000000089600000, 0x0000000089600000| Untracked 
|  69|0x0000000089700000, 0x0000000089700000, 0x0000000089800000|  0%| F|  |TAMS 0x0000000089700000, 0x0000000089700000| Untracked 
|  70|0x0000000089800000, 0x0000000089800000, 0x0000000089900000|  0%| F|  |TAMS 0x0000000089800000, 0x0000000089800000| Untracked 
|  71|0x0000000089900000, 0x0000000089900000, 0x0000000089a00000|  0%| F|  |TAMS 0x0000000089900000, 0x0000000089900000| Untracked 
|  72|0x0000000089a00000, 0x0000000089a00000, 0x0000000089b00000|  0%| F|  |TAMS 0x0000000089a00000, 0x0000000089a00000| Untracked 
|  73|0x0000000089b00000, 0x0000000089b00000, 0x0000000089c00000|  0%| F|  |TAMS 0x0000000089b00000, 0x0000000089b00000| Untracked 
|  74|0x0000000089c00000, 0x0000000089c00000, 0x0000000089d00000|  0%| F|  |TAMS 0x0000000089c00000, 0x0000000089c00000| Untracked 
|  75|0x0000000089d00000, 0x0000000089d2a1c8, 0x0000000089e00000| 16%| E|  |TAMS 0x0000000089d00000, 0x0000000089d00000| Complete 
|  76|0x0000000089e00000, 0x0000000089f00000, 0x0000000089f00000|100%| E|CS|TAMS 0x0000000089e00000, 0x0000000089e00000| Complete 
|  77|0x0000000089f00000, 0x000000008a000000, 0x000000008a000000|100%| E|CS|TAMS 0x0000000089f00000, 0x0000000089f00000| Complete 
|  78|0x000000008a000000, 0x000000008a100000, 0x000000008a100000|100%| E|CS|TAMS 0x000000008a000000, 0x000000008a000000| Complete 
|  79|0x000000008a100000, 0x000000008a200000, 0x000000008a200000|100%| E|CS|TAMS 0x000000008a100000, 0x000000008a100000| Complete 
|  80|0x000000008a200000, 0x000000008a300000, 0x000000008a300000|100%| E|CS|TAMS 0x000000008a200000, 0x000000008a200000| Complete 
|  81|0x000000008a300000, 0x000000008a400000, 0x000000008a400000|100%| E|CS|TAMS 0x000000008a300000, 0x000000008a300000| Complete 
|  82|0x000000008a400000, 0x000000008a500000, 0x000000008a500000|100%| E|CS|TAMS 0x000000008a400000, 0x000000008a400000| Complete 
|  83|0x000000008a500000, 0x000000008a600000, 0x000000008a600000|100%| E|CS|TAMS 0x000000008a500000, 0x000000008a500000| Complete 
|  84|0x000000008a600000, 0x000000008a700000, 0x000000008a700000|100%| E|CS|TAMS 0x000000008a600000, 0x000000008a600000| Complete 
|  85|0x000000008a700000, 0x000000008a800000, 0x000000008a800000|100%| E|  |TAMS 0x000000008a700000, 0x000000008a700000| Complete 
|  86|0x000000008a800000, 0x000000008a900000, 0x000000008a900000|100%| E|CS|TAMS 0x000000008a800000, 0x000000008a800000| Complete 
|  87|0x000000008a900000, 0x000000008aa00000, 0x000000008aa00000|100%| E|CS|TAMS 0x000000008a900000, 0x000000008a900000| Complete 
|  88|0x000000008aa00000, 0x000000008ab00000, 0x000000008ab00000|100%| E|CS|TAMS 0x000000008aa00000, 0x000000008aa00000| Complete 
|  89|0x000000008ab00000, 0x000000008ac00000, 0x000000008ac00000|100%| E|CS|TAMS 0x000000008ab00000, 0x000000008ab00000| Complete 
|  90|0x000000008ac00000, 0x000000008ad00000, 0x000000008ad00000|100%| E|CS|TAMS 0x000000008ac00000, 0x000000008ac00000| Complete 
|  91|0x000000008ad00000, 0x000000008ae00000, 0x000000008ae00000|100%| E|CS|TAMS 0x000000008ad00000, 0x000000008ad00000| Complete 
|  92|0x000000008ae00000, 0x000000008af00000, 0x000000008af00000|100%| E|CS|TAMS 0x000000008ae00000, 0x000000008ae00000| Complete 
|  93|0x000000008af00000, 0x000000008b000000, 0x000000008b000000|100%| E|CS|TAMS 0x000000008af00000, 0x000000008af00000| Complete 
|  94|0x000000008b000000, 0x000000008b100000, 0x000000008b100000|100%| E|CS|TAMS 0x000000008b000000, 0x000000008b000000| Complete 
|  95|0x000000008b100000, 0x000000008b200000, 0x000000008b200000|100%| E|CS|TAMS 0x000000008b100000, 0x000000008b100000| Complete 
|  96|0x000000008b200000, 0x000000008b300000, 0x000000008b300000|100%| E|CS|TAMS 0x000000008b200000, 0x000000008b200000| Complete 
|  97|0x000000008b300000, 0x000000008b400000, 0x000000008b400000|100%| E|CS|TAMS 0x000000008b300000, 0x000000008b300000| Complete 
|  98|0x000000008b400000, 0x000000008b500000, 0x000000008b500000|100%| E|CS|TAMS 0x000000008b400000, 0x000000008b400000| Complete 
|  99|0x000000008b500000, 0x000000008b600000, 0x000000008b600000|100%| E|CS|TAMS 0x000000008b500000, 0x000000008b500000| Complete 
| 100|0x000000008b600000, 0x000000008b700000, 0x000000008b700000|100%| E|CS|TAMS 0x000000008b600000, 0x000000008b600000| Complete 
| 123|0x000000008cd00000, 0x000000008ce00000, 0x000000008ce00000|100%| E|CS|TAMS 0x000000008cd00000, 0x000000008cd00000| Complete 

Card table byte_map: [0x00000132a7ed0000,0x00000132a82b0000] _byte_map_base: 0x00000132a7aa7000

Marking Bits (Prev, Next): (CMBitMap*) 0x000001328ed4ccc0, (CMBitMap*) 0x000001328ed4cc80
 Prev Bits: [0x00000132aa550000, 0x00000132ac408000)
 Next Bits: [0x00000132a8690000, 0x00000132aa548000)

Polling page: 0x000001328ea10000

Metaspace:

Usage:
  Non-class:     62.57 MB used.
      Class:     10.22 MB used.
       Both:     72.79 MB used.

Virtual space:
  Non-class space:       64.00 MB reserved,      62.88 MB ( 98%) committed,  8 nodes.
      Class space:        1.00 GB reserved,      10.50 MB (  1%) committed,  1 nodes.
             Both:        1.06 GB reserved,      73.38 MB (  7%) committed. 

Chunk freelists:
   Non-Class:  464.00 KB
       Class:  1.48 MB
        Both:  1.94 MB

MaxMetaspaceSize: unlimited
CompressedClassSpaceSize: 1.00 GB
Initial GC threshold: 21.00 MB
Current GC threshold: 98.06 MB
CDS: on
MetaspaceReclaimPolicy: balanced
 - commit_granule_bytes: 65536.
 - commit_granule_words: 8192.
 - virtual_space_node_default_size: 1048576.
 - enlarge_chunks_in_place: 1.
 - new_chunks_are_fully_committed: 0.
 - uncommit_free_chunks: 1.
 - use_allocation_guard: 0.
 - handle_deallocations: 1.


Internal statistics:

num_allocs_failed_limit: 9.
num_arena_births: 800.
num_arena_deaths: 0.
num_vsnodes_births: 9.
num_vsnodes_deaths: 0.
num_space_committed: 1174.
num_space_uncommitted: 0.
num_chunks_returned_to_freelist: 9.
num_chunks_taken_from_freelist: 3557.
num_chunk_merges: 9.
num_chunk_splits: 2606.
num_chunks_enlarged: 2073.
num_purges: 0.
num_inconsistent_stats: 0.

CodeHeap 'non-profiled nmethods': size=119168Kb used=4755Kb max_used=4755Kb free=114412Kb
 bounds [0x000001329f6c0000, 0x000001329fb70000, 0x00000132a6b20000]
CodeHeap 'profiled nmethods': size=119104Kb used=12805Kb max_used=12805Kb free=106298Kb
 bounds [0x0000013298270000, 0x0000013298f00000, 0x000001329f6c0000]
CodeHeap 'non-nmethods': size=7488Kb used=3042Kb max_used=3111Kb free=4446Kb
 bounds [0x0000013297b20000, 0x0000013297e40000, 0x0000013298270000]
 total_blobs=6990 nmethods=6301 adapters=597
 compilation: enabled
              stopped_count=0, restarted_count=0
 full_count=0

Compilation events (20 events):
Event: 55.584 Thread 0x00000132b5ed4300 nmethod 7201 0x0000013298ee0290 code [0x0000013298ee05e0, 0x0000013298ee1df8]
Event: 55.591 Thread 0x00000132b5ed1060 nmethod 7186 0x000001329fb5dd90 code [0x000001329fb5df40, 0x000001329fb5e818]
Event: 55.593 Thread 0x00000132b5ed1060 7205       4       jdk.internal.org.objectweb.asm.Handler::putExceptionTable (63 bytes)
Event: 55.594 Thread 0x00000132af4631e0 7206       3       org.apache.tomcat.util.http.MimeHeaders::getHeader (19 bytes)
Event: 55.594 Thread 0x00000132af4631e0 nmethod 7206 0x0000013298ee2690 code [0x0000013298ee2840, 0x0000013298ee2a38]
Event: 55.596 Thread 0x00000132af441420 nmethod 7175 0x000001329fb5ea90 code [0x000001329fb5ee00, 0x000001329fb60578]
Event: 55.596 Thread 0x00000132af441420 7204       4       jdk.internal.org.objectweb.asm.MethodWriter::putMethodInfo (1274 bytes)
Event: 55.606 Thread 0x00000132b5ed1060 nmethod 7205 0x000001329fb61b90 code [0x000001329fb61d80, 0x000001329fb62420]
Event: 55.607 Thread 0x00000132b5ed1060 7179       4       org.springframework.util.ConcurrentReferenceHashMap$1::execute (55 bytes)
Event: 55.609 Thread 0x00000132b5ed1060 nmethod 7179 0x000001329fb62910 code [0x000001329fb62aa0, 0x000001329fb62b88]
Event: 55.609 Thread 0x00000132b5ed1060 7203       4       java.util.Calendar::internalSet (8 bytes)
Event: 55.610 Thread 0x00000132b5ed4d20 7207       3       java.util.concurrent.ConcurrentLinkedQueue::poll (84 bytes)
Event: 55.610 Thread 0x00000132b5ed4300 7208       3       java.util.concurrent.ConcurrentLinkedQueue::updateHead (26 bytes)
Event: 55.610 Thread 0x00000132b5ed33d0 7209       3       java.util.concurrent.atomic.AtomicReference::lazySet (9 bytes)
Event: 55.612 Thread 0x00000132b5ed33d0 nmethod 7209 0x0000013298ee2b10 code [0x0000013298ee2d80, 0x0000013298ee3828]
Event: 55.612 Thread 0x00000132b5ed1060 nmethod 7203 0x000001329fb62c90 code [0x000001329fb62e00, 0x000001329fb62eb8]
Event: 55.613 Thread 0x00000132b5ed4300 nmethod 7208 0x0000013298ee3b90 code [0x0000013298ee3f20, 0x0000013298ee56b8]
Event: 55.616 Thread 0x00000132b5ed4d20 nmethod 7207 0x0000013298ee5e10 code [0x0000013298ee64e0, 0x0000013298eea1e8]
Event: 55.617 Thread 0x00000132b5ed33d0 7210   !   3       java.io.StringReader::read (52 bytes)
Event: 55.617 Thread 0x00000132b5ed33d0 nmethod 7210 0x0000013298eeb310 code [0x0000013298eeb560, 0x0000013298eebea8]

GC Heap History (20 events):
Event: 3.318 GC heap before
{Heap before GC invocations=6 (full 0):
 garbage-first heap   total 58368K, used 43930K [0x0000000085200000, 0x0000000100000000)
  region size 1024K, 34 young (34816K), 7 survivors (7168K)
 Metaspace       used 25356K, committed 25664K, reserved 1073152K
  class space    used 3279K, committed 3392K, reserved 1048576K
}
Event: 3.330 GC heap after
{Heap after GC invocations=7 (full 0):
 garbage-first heap   total 58368K, used 18705K [0x0000000085200000, 0x0000000100000000)
  region size 1024K, 3 young (3072K), 3 survivors (3072K)
 Metaspace       used 25356K, committed 25664K, reserved 1073152K
  class space    used 3279K, committed 3392K, reserved 1048576K
}
Event: 4.850 GC heap before
{Heap before GC invocations=7 (full 0):
 garbage-first heap   total 58368K, used 43281K [0x0000000085200000, 0x0000000100000000)
  region size 1024K, 27 young (27648K), 3 survivors (3072K)
 Metaspace       used 30474K, committed 30912K, reserved 1081344K
  class space    used 3960K, committed 4160K, reserved 1048576K
}
Event: 4.859 GC heap after
{Heap after GC invocations=8 (full 0):
 garbage-first heap   total 58368K, used 20896K [0x0000000085200000, 0x0000000100000000)
  region size 1024K, 3 young (3072K), 3 survivors (3072K)
 Metaspace       used 30474K, committed 30912K, reserved 1081344K
  class space    used 3960K, committed 4160K, reserved 1048576K
}
Event: 5.022 GC heap before
{Heap before GC invocations=8 (full 0):
 garbage-first heap   total 58368K, used 42400K [0x0000000085200000, 0x0000000100000000)
  region size 1024K, 25 young (25600K), 3 survivors (3072K)
 Metaspace       used 30894K, committed 31360K, reserved 1081344K
  class space    used 4026K, committed 4224K, reserved 1048576K
}
Event: 5.029 GC heap after
{Heap after GC invocations=9 (full 0):
 garbage-first heap   total 58368K, used 21392K [0x0000000085200000, 0x0000000100000000)
  region size 1024K, 1 young (1024K), 1 survivors (1024K)
 Metaspace       used 30894K, committed 31360K, reserved 1081344K
  class space    used 4026K, committed 4224K, reserved 1048576K
}
Event: 5.092 GC heap before
{Heap before GC invocations=9 (full 0):
 garbage-first heap   total 58368K, used 42896K [0x0000000085200000, 0x0000000100000000)
  region size 1024K, 23 young (23552K), 1 survivors (1024K)
 Metaspace       used 31206K, committed 31616K, reserved 1081344K
  class space    used 4089K, committed 4288K, reserved 1048576K
}
Event: 5.096 GC heap after
{Heap after GC invocations=10 (full 0):
 garbage-first heap   total 97280K, used 21449K [0x0000000085200000, 0x0000000100000000)
  region size 1024K, 1 young (1024K), 1 survivors (1024K)
 Metaspace       used 31206K, committed 31616K, reserved 1081344K
  class space    used 4089K, committed 4288K, reserved 1048576K
}
Event: 5.673 GC heap before
{Heap before GC invocations=10 (full 0):
 garbage-first heap   total 97280K, used 38857K [0x0000000085200000, 0x0000000100000000)
  region size 1024K, 19 young (19456K), 1 survivors (1024K)
 Metaspace       used 35559K, committed 35968K, reserved 1081344K
  class space    used 4722K, committed 4928K, reserved 1048576K
}
Event: 5.677 GC heap after
{Heap after GC invocations=11 (full 0):
 garbage-first heap   total 97280K, used 22125K [0x0000000085200000, 0x0000000100000000)
  region size 1024K, 2 young (2048K), 2 survivors (2048K)
 Metaspace       used 35559K, committed 35968K, reserved 1081344K
  class space    used 4722K, committed 4928K, reserved 1048576K
}
Event: 6.922 GC heap before
{Heap before GC invocations=12 (full 0):
 garbage-first heap   total 81920K, used 68205K [0x0000000085200000, 0x0000000100000000)
  region size 1024K, 48 young (49152K), 2 survivors (2048K)
 Metaspace       used 47235K, committed 47680K, reserved 1097728K
  class space    used 6221K, committed 6400K, reserved 1048576K
}
Event: 6.928 GC heap after
{Heap after GC invocations=13 (full 0):
 garbage-first heap   total 81920K, used 25626K [0x0000000085200000, 0x0000000100000000)
  region size 1024K, 5 young (5120K), 5 survivors (5120K)
 Metaspace       used 47235K, committed 47680K, reserved 1097728K
  class space    used 6221K, committed 6400K, reserved 1048576K
}
Event: 7.773 GC heap before
{Heap before GC invocations=13 (full 0):
 garbage-first heap   total 81920K, used 63514K [0x0000000085200000, 0x0000000100000000)
  region size 1024K, 42 young (43008K), 5 survivors (5120K)
 Metaspace       used 55891K, committed 56384K, reserved 1097728K
  class space    used 7655K, committed 7872K, reserved 1048576K
}
Event: 7.780 GC heap after
{Heap after GC invocations=14 (full 0):
 garbage-first heap   total 81920K, used 27423K [0x0000000085200000, 0x0000000100000000)
  region size 1024K, 2 young (2048K), 2 survivors (2048K)
 Metaspace       used 55891K, committed 56384K, reserved 1097728K
  class space    used 7655K, committed 7872K, reserved 1048576K
}
Event: 8.405 GC heap before
{Heap before GC invocations=14 (full 0):
 garbage-first heap   total 81920K, used 45855K [0x0000000085200000, 0x0000000100000000)
  region size 1024K, 21 young (21504K), 2 survivors (2048K)
 Metaspace       used 59543K, committed 60096K, reserved 1105920K
  class space    used 8157K, committed 8448K, reserved 1048576K
}
Event: 8.409 GC heap after
{Heap after GC invocations=15 (full 0):
 garbage-first heap   total 81920K, used 29181K [0x0000000085200000, 0x0000000100000000)
  region size 1024K, 4 young (4096K), 4 survivors (4096K)
 Metaspace       used 59543K, committed 60096K, reserved 1105920K
  class space    used 8157K, committed 8448K, reserved 1048576K
}
Event: 9.269 GC heap before
{Heap before GC invocations=16 (full 0):
 garbage-first heap   total 81920K, used 62973K [0x0000000085200000, 0x0000000100000000)
  region size 1024K, 38 young (38912K), 4 survivors (4096K)
 Metaspace       used 64722K, committed 65216K, reserved 1105920K
  class space    used 9102K, committed 9344K, reserved 1048576K
}
Event: 9.278 GC heap after
{Heap after GC invocations=17 (full 0):
 garbage-first heap   total 81920K, used 32086K [0x0000000085200000, 0x0000000100000000)
  region size 1024K, 5 young (5120K), 5 survivors (5120K)
 Metaspace       used 64722K, committed 65216K, reserved 1105920K
  class space    used 9102K, committed 9344K, reserved 1048576K
}
Event: 10.337 GC heap before
{Heap before GC invocations=17 (full 0):
 garbage-first heap   total 81920K, used 63830K [0x0000000085200000, 0x0000000100000000)
  region size 1024K, 36 young (36864K), 5 survivors (5120K)
 Metaspace       used 68601K, committed 69184K, reserved 1114112K
  class space    used 9657K, committed 9920K, reserved 1048576K
}
Event: 10.343 GC heap after
{Heap after GC invocations=18 (full 0):
 garbage-first heap   total 104448K, used 35353K [0x0000000085200000, 0x0000000100000000)
  region size 1024K, 4 young (4096K), 4 survivors (4096K)
 Metaspace       used 68601K, committed 69184K, reserved 1114112K
  class space    used 9657K, committed 9920K, reserved 1048576K
}

Deoptimization events (20 events):
Event: 55.171 Thread 0x00000132b16376b0 DEOPT PACKING pc=0x000001329f85aa44 sp=0x00000022a9dfe320
Event: 55.171 Thread 0x00000132b16376b0 DEOPT UNPACKING pc=0x0000013297b723a3 sp=0x00000022a9dfe2e8 mode 2
Event: 55.171 Thread 0x00000132b16376b0 Uncommon trap: trap_request=0xffffff54 fr.pc=0x000001329fa0b5f0 relative=0x00000000000029d0
Event: 55.171 Thread 0x00000132b16376b0 Uncommon trap: reason=speculate_null_assert action=make_not_entrant pc=0x000001329fa0b5f0 method=java.lang.invoke.MethodType$ConcurrentWeakInternSet.add(Ljava/lang/Object;)Ljava/lang/Object; @ 47 c2
Event: 55.171 Thread 0x00000132b16376b0 DEOPT PACKING pc=0x000001329fa0b5f0 sp=0x00000022a9dfe4e0
Event: 55.171 Thread 0x00000132b16376b0 DEOPT UNPACKING pc=0x0000013297b723a3 sp=0x00000022a9dfe478 mode 2
Event: 55.198 Thread 0x00000132b1636840 Uncommon trap: trap_request=0xffffff45 fr.pc=0x000001329f75a814 relative=0x0000000000001234
Event: 55.198 Thread 0x00000132b1636840 Uncommon trap: reason=unstable_if action=reinterpret pc=0x000001329f75a814 method=java.util.concurrent.ConcurrentHashMap.putVal(Ljava/lang/Object;Ljava/lang/Object;Z)Ljava/lang/Object; @ 97 c2
Event: 55.198 Thread 0x00000132b1636840 DEOPT PACKING pc=0x000001329f75a814 sp=0x00000022a9bfe300
Event: 55.198 Thread 0x00000132b1636840 DEOPT UNPACKING pc=0x0000013297b723a3 sp=0x00000022a9bfe298 mode 2
Event: 55.270 Thread 0x00000132b1636840 DEOPT PACKING pc=0x0000013298bc07b1 sp=0x00000022a9bfd750
Event: 55.270 Thread 0x00000132b1636840 DEOPT UNPACKING pc=0x0000013297b72b43 sp=0x00000022a9bfcc08 mode 0
Event: 55.349 Thread 0x00000132b1636840 Uncommon trap: trap_request=0xffffff45 fr.pc=0x000001329f751d50 relative=0x00000000000001d0
Event: 55.349 Thread 0x00000132b1636840 Uncommon trap: reason=unstable_if action=reinterpret pc=0x000001329f751d50 method=java.lang.String.indexOf(Ljava/lang/String;)I @ 10 c2
Event: 55.349 Thread 0x00000132b1636840 DEOPT PACKING pc=0x000001329f751d50 sp=0x00000022a9bfd8d0
Event: 55.350 Thread 0x00000132b1636840 DEOPT UNPACKING pc=0x0000013297b723a3 sp=0x00000022a9bfd860 mode 2
Event: 55.391 Thread 0x00000132b1638050 Uncommon trap: trap_request=0xffffff45 fr.pc=0x000001329f7521b0 relative=0x00000000000001b0
Event: 55.391 Thread 0x00000132b1638050 Uncommon trap: reason=unstable_if action=reinterpret pc=0x000001329f7521b0 method=java.lang.StringLatin1.indexOf([B[B)I @ 9 c2
Event: 55.391 Thread 0x00000132b1638050 DEOPT PACKING pc=0x000001329f7521b0 sp=0x00000022a9efdad0
Event: 55.391 Thread 0x00000132b1638050 DEOPT UNPACKING pc=0x0000013297b723a3 sp=0x00000022a9efda70 mode 2

Classes unloaded (0 events):
No events

Classes redefined (0 events):
No events

Internal exceptions (20 events):
Event: 8.902 Thread 0x000001328ed0f020 Exception <a 'java/lang/reflect/InvocationTargetException'{0x0000000088613660}> (0x0000000088613660) 
thrown [t:\workspace\open\src\hotspot\share\runtime\reflection.cpp, line 1121]
Event: 8.904 Thread 0x000001328ed0f020 Exception <a 'java/lang/reflect/InvocationTargetException'{0x0000000088626500}> (0x0000000088626500) 
thrown [t:\workspace\open\src\hotspot\share\runtime\reflection.cpp, line 1121]
Event: 8.953 Thread 0x000001328ed0f020 Exception <a 'java/lang/reflect/InvocationTargetException'{0x0000000088465688}> (0x0000000088465688) 
thrown [t:\workspace\open\src\hotspot\share\runtime\reflection.cpp, line 1121]
Event: 9.072 Thread 0x000001328ed0f020 Exception <a 'sun/nio/fs/WindowsException'{0x0000000088117380}> (0x0000000088117380) 
thrown [t:\workspace\open\src\hotspot\share\prims\jni.cpp, line 516]
Event: 9.634 Thread 0x000001328ed0f020 Exception <a 'sun/nio/fs/WindowsException'{0x00000000898edb20}> (0x00000000898edb20) 
thrown [t:\workspace\open\src\hotspot\share\prims\jni.cpp, line 516]
Event: 9.692 Thread 0x000001328ed0f020 Exception <a 'java/lang/IncompatibleClassChangeError'{0x00000000894848f8}: Found class java.lang.Object, but interface was expected> (0x00000000894848f8) 
thrown [t:\workspace\open\src\hotspot\share\interpreter\linkResolver.cpp, line 833]
Event: 9.861 Thread 0x000001328ed0f020 Exception <a 'java/lang/NoSuchMethodError'{0x00000000890c7128}: 'java.lang.Object java.lang.invoke.DirectMethodHandle$Holder.invokeInterface(java.lang.Object, java.lang.Object, java.lang.Object, java.lang.Object)'> (0x00000000890c7128) 
thrown [t:\workspace\open\src\hotspot\share\interpreter\linkResolver.cpp, line 766]
Event: 9.937 Thread 0x000001328ed0f020 Exception <a 'java/lang/NoSuchMethodError'{0x0000000088ec95f8}: 'void java.lang.invoke.DirectMethodHandle$Holder.invokeVirtual(java.lang.Object, java.lang.Object, long)'> (0x0000000088ec95f8) 
thrown [t:\workspace\open\src\hotspot\share\interpreter\linkResolver.cpp, line 766]
Event: 10.035 Thread 0x000001328ed0f020 Exception <a 'java/lang/NoSuchMethodError'{0x0000000088a545e8}: 'int java.lang.invoke.DirectMethodHandle$Holder.invokeStaticInit(java.lang.Object, java.lang.Object, java.lang.Object, java.lang.Object)'> (0x0000000088a545e8) 
thrown [t:\workspace\open\src\hotspot\share\interpreter\linkResolver.cpp, line 766]
Event: 10.168 Thread 0x000001328ed0f020 Exception <a 'java/lang/IncompatibleClassChangeError'{0x0000000088709228}: Found class java.lang.Object, but interface was expected> (0x0000000088709228) 
thrown [t:\workspace\open\src\hotspot\share\interpreter\linkResolver.cpp, line 833]
Event: 10.314 Thread 0x000001328ed0f020 Exception <a 'java/lang/NoSuchMethodError'{0x000000008837f0a8}: 'java.lang.Object java.lang.invoke.DirectMethodHandle$Holder.newInvokeSpecial(java.lang.Object, java.lang.Object, int, java.lang.Object, java.lang.Object)'> (0x000000008837f0a8) 
thrown [t:\workspace\open\src\hotspot\share\interpreter\linkResolver.cpp, line 766]
Event: 10.316 Thread 0x000001328ed0f020 Exception <a 'java/lang/NoSuchMethodError'{0x000000008838a6d8}: 'java.lang.Object java.lang.invoke.DirectMethodHandle$Holder.invokeSpecial(java.lang.Object, java.lang.Object, int, java.lang.Object, int, java.lang.Object)'> (0x000000008838a6d8) 
thrown [t:\workspace\open\src\hotspot\share\interpreter\linkResolver.cpp, line 766]
Event: 10.317 Thread 0x000001328ed0f020 Exception <a 'java/lang/NoSuchMethodError'{0x00000000883920e0}: 'java.lang.Object java.lang.invoke.DirectMethodHandle$Holder.newInvokeSpecial(java.lang.Object, java.lang.Object, int, java.lang.Object, int)'> (0x00000000883920e0) 
thrown [t:\workspace\open\src\hotspot\share\interpreter\linkResolver.cpp, line 766]
Event: 10.318 Thread 0x000001328ed0f020 Exception <a 'java/lang/NoSuchMethodError'{0x0000000088396198}: 'java.lang.Object java.lang.invoke.DirectMethodHandle$Holder.invokeSpecial(java.lang.Object, java.lang.Object, java.lang.Object, int, java.lang.Object, int)'> (0x0000000088396198) 
thrown [t:\workspace\open\src\hotspot\share\interpreter\linkResolver.cpp, line 766]
Event: 10.584 Thread 0x000001328ed0f020 Exception <a 'java/lang/NoSuchMethodError'{0x000000008ae18b18}: 'void java.lang.invoke.DirectMethodHandle$Holder.invokeSpecialIFC(java.lang.Object, java.lang.Object, int, java.lang.Object, java.lang.Object, java.lang.Object, java.lang.Object)'> (0x000000008ae18b18) 
thrown [t:\workspace\open\src\hotspot\share\interpreter\linkResolver.cpp, line 766]
Event: 10.802 Thread 0x000001328ed0f020 Exception <a 'java/lang/NoSuchMethodError'{0x000000008aac6560}: 'java.lang.Object java.lang.invoke.Invokers$Holder.linkToTargetMethod(java.lang.Object, int, java.lang.Object, java.lang.Object, java.lang.Object, java.lang.Object)'> (0x000000008aac6560) 
thrown [t:\workspace\open\src\hotspot\share\interpreter\linkResolver.cpp, line 766]
Event: 10.803 Thread 0x000001328ed0f020 Exception <a 'java/lang/NoSuchMethodError'{0x000000008aad2ce0}: 'int java.lang.invoke.DirectMethodHandle$Holder.invokeStatic(java.lang.Object, java.lang.Object, int, java.lang.Object)'> (0x000000008aad2ce0) 
thrown [t:\workspace\open\src\hotspot\share\interpreter\linkResolver.cpp, line 766]
Event: 55.204 Thread 0x00000132b16376b0 Exception <a 'java/lang/NoSuchMethodError'{0x000000008a74ef78}: 'java.lang.Object java.lang.invoke.DirectMethodHandle$Holder.invokeSpecial(java.lang.Object, java.lang.Object, java.lang.Object, java.lang.Object, java.lang.Object, long)'> (0x000000008a74ef78) 
thrown [t:\workspace\open\src\hotspot\share\interpreter\linkResolver.cpp, line 766]
Event: 55.204 Thread 0x00000132b16376b0 Exception <a 'java/lang/NoSuchMethodError'{0x000000008a752bb8}: 'java.lang.Object java.lang.invoke.Invokers$Holder.linkToTargetMethod(java.lang.Object, java.lang.Object, java.lang.Object, long, java.lang.Object)'> (0x000000008a752bb8) 
thrown [t:\workspace\open\src\hotspot\share\interpreter\linkResolver.cpp, line 766]
Event: 55.581 Thread 0x00000132b1638050 Exception <a 'java/lang/IncompatibleClassChangeError'{0x0000000089f550e8}: Found class java.lang.Object, but interface was expected> (0x0000000089f550e8) 
thrown [t:\workspace\open\src\hotspot\share\interpreter\linkResolver.cpp, line 833]

VM Operations (20 events):
Event: 10.558 Executing VM operation: HandshakeAllThreads
Event: 10.558 Executing VM operation: HandshakeAllThreads done
Event: 11.572 Executing VM operation: Cleanup
Event: 11.573 Executing VM operation: Cleanup done
Event: 18.625 Executing VM operation: Cleanup
Event: 18.625 Executing VM operation: Cleanup done
Event: 25.697 Executing VM operation: Cleanup
Event: 25.697 Executing VM operation: Cleanup done
Event: 55.237 Executing VM operation: HandshakeAllThreads
Event: 55.237 Executing VM operation: HandshakeAllThreads done
Event: 55.237 Executing VM operation: Cleanup
Event: 55.238 Executing VM operation: Cleanup done
Event: 55.474 Executing VM operation: HandshakeAllThreads
Event: 55.474 Executing VM operation: HandshakeAllThreads done
Event: 55.529 Executing VM operation: HandshakeAllThreads
Event: 55.529 Executing VM operation: HandshakeAllThreads done
Event: 55.539 Executing VM operation: HandshakeAllThreads
Event: 55.539 Executing VM operation: HandshakeAllThreads done
Event: 55.589 Executing VM operation: HandshakeAllThreads
Event: 55.589 Executing VM operation: HandshakeAllThreads done

Events (20 events):
Event: 55.434 loading class java/util/zip/GZIPOutputStream
Event: 55.434 loading class java/util/zip/GZIPOutputStream done
Event: 55.478 loading class java/security/InvalidKeyException
Event: 55.479 loading class java/security/KeyException
Event: 55.479 loading class java/security/KeyException done
Event: 55.479 loading class java/security/InvalidKeyException done
Event: 55.479 loading class javax/crypto/Mac
Event: 55.480 loading class javax/crypto/Mac done
Event: 55.480 loading class com/sun/crypto/provider/HmacCore$HmacSHA256
Event: 55.481 loading class com/sun/crypto/provider/HmacCore
Event: 55.481 loading class javax/crypto/MacSpi
Event: 55.481 loading class javax/crypto/MacSpi done
Event: 55.481 loading class com/sun/crypto/provider/HmacCore done
Event: 55.481 loading class com/sun/crypto/provider/HmacCore$HmacSHA256 done
Event: 55.502 Thread 0x00000132b5ed1060 Thread exited: 0x00000132b5ed1060
Event: 55.559 Thread 0x00000132b5ed1060 Thread added: 0x00000132b5ed1060
Event: 55.624 loading class java/util/stream/LongStream
Event: 55.625 loading class java/util/stream/LongStream done
Event: 55.625 loading class java/util/stream/DoubleStream
Event: 55.626 loading class java/util/stream/DoubleStream done


Dynamic libraries:
0x00007ff7921c0000 - 0x00007ff7921d0000 	C:\Program Files\Java\jdk-17\bin\javaw.exe
0x00007ff98ddc0000 - 0x00007ff98e027000 	C:\WINDOWS\SYSTEM32\ntdll.dll
0x00007ff98d210000 - 0x00007ff98d2d9000 	C:\WINDOWS\System32\KERNEL32.DLL
0x00007ff98b760000 - 0x00007ff98bb4f000 	C:\WINDOWS\System32\KERNELBASE.dll
0x00007ff98b4e0000 - 0x00007ff98b62b000 	C:\WINDOWS\System32\ucrtbase.dll
0x00007ff97cb90000 - 0x00007ff97cba8000 	C:\Program Files\Java\jdk-17\bin\jli.dll
0x00007ff96db60000 - 0x00007ff96db7a000 	C:\Program Files\Java\jdk-17\bin\VCRUNTIME140.dll
0x00007ff98dba0000 - 0x00007ff98dc54000 	C:\WINDOWS\System32\ADVAPI32.dll
0x00007ff98c750000 - 0x00007ff98c7f9000 	C:\WINDOWS\System32\msvcrt.dll
0x00007ff98bdd0000 - 0x00007ff98be76000 	C:\WINDOWS\System32\sechost.dll
0x00007ff98bb60000 - 0x00007ff98bc78000 	C:\WINDOWS\System32\RPCRT4.dll
0x00007ff98d4c0000 - 0x00007ff98d685000 	C:\WINDOWS\System32\USER32.dll
0x00007ff98b370000 - 0x00007ff98b397000 	C:\WINDOWS\System32\win32u.dll
0x00007ff98be80000 - 0x00007ff98beab000 	C:\WINDOWS\System32\GDI32.dll
0x00007ff9668f0000 - 0x00007ff966b83000 	C:\WINDOWS\WinSxS\amd64_microsoft.windows.common-controls_6595b64144ccf1df_6.0.26100.7309_none_3e05feeae336a044\COMCTL32.dll
0x00007ff98b630000 - 0x00007ff98b75c000 	C:\WINDOWS\System32\gdi32full.dll
0x00007ff98b3a0000 - 0x00007ff98b443000 	C:\WINDOWS\System32\msvcp_win.dll
0x00007ff97f9d0000 - 0x00007ff97f9db000 	C:\WINDOWS\SYSTEM32\VERSION.dll
0x00007ff98beb0000 - 0x00007ff98bee1000 	C:\WINDOWS\System32\IMM32.DLL
0x00007ff97cb80000 - 0x00007ff97cb8c000 	C:\Program Files\Java\jdk-17\bin\vcruntime140_1.dll
0x00007ff96d9c0000 - 0x00007ff96da4d000 	C:\Program Files\Java\jdk-17\bin\msvcp140.dll
0x00007ff8cfb80000 - 0x00007ff8d073e000 	C:\Program Files\Java\jdk-17\bin\server\jvm.dll
0x00007ff98d170000 - 0x00007ff98d178000 	C:\WINDOWS\System32\PSAPI.DLL
0x00007ff981780000 - 0x00007ff9817b5000 	C:\WINDOWS\SYSTEM32\WINMM.dll
0x00007ff963890000 - 0x00007ff96389a000 	C:\WINDOWS\SYSTEM32\WSOCK32.dll
0x00007ff98bce0000 - 0x00007ff98bd54000 	C:\WINDOWS\System32\WS2_32.dll
0x00007ff989cc0000 - 0x00007ff989cdb000 	C:\WINDOWS\SYSTEM32\kernel.appcore.dll
0x00007ff96dae0000 - 0x00007ff96daea000 	C:\Program Files\Java\jdk-17\bin\jimage.dll
0x00007ff988490000 - 0x00007ff9886d2000 	C:\WINDOWS\SYSTEM32\DBGHELP.DLL
0x00007ff98cdd0000 - 0x00007ff98d156000 	C:\WINDOWS\System32\combase.dll
0x00007ff98d690000 - 0x00007ff98d766000 	C:\WINDOWS\System32\OLEAUT32.dll
0x00007ff964120000 - 0x00007ff96415c000 	C:\WINDOWS\SYSTEM32\dbgcore.DLL
0x00007ff98af10000 - 0x00007ff98afb5000 	C:\WINDOWS\System32\bcryptPrimitives.dll
0x00007ff96dab0000 - 0x00007ff96dad5000 	C:\Program Files\Java\jdk-17\bin\java.dll
0x00007ff95afe0000 - 0x00007ff95b0b6000 	C:\Program Files\Java\jdk-17\bin\svml.dll
0x00007ff98bef0000 - 0x00007ff98c643000 	C:\WINDOWS\System32\SHELL32.dll
0x00007ff98b140000 - 0x00007ff98b2aa000 	C:\WINDOWS\System32\wintypes.dll
0x00007ff988ae0000 - 0x00007ff98933e000 	C:\WINDOWS\SYSTEM32\windows.storage.dll
0x00007ff98c650000 - 0x00007ff98c745000 	C:\WINDOWS\System32\SHCORE.dll
0x00007ff98bd60000 - 0x00007ff98bdc6000 	C:\WINDOWS\System32\shlwapi.dll
0x00007ff98ae30000 - 0x00007ff98ae59000 	C:\WINDOWS\SYSTEM32\profapi.dll
0x00007ff964e00000 - 0x00007ff964e19000 	C:\Program Files\Java\jdk-17\bin\net.dll
0x00007ff9814e0000 - 0x00007ff981608000 	C:\WINDOWS\SYSTEM32\WINHTTP.dll
0x00007ff98a230000 - 0x00007ff98a29b000 	C:\WINDOWS\system32\mswsock.dll
0x00007ff963cf0000 - 0x00007ff963d05000 	C:\Program Files\Java\jdk-17\bin\nio.dll
0x00007ff95d340000 - 0x00007ff95d358000 	C:\Program Files\Java\jdk-17\bin\zip.dll
0x00007ff96da60000 - 0x00007ff96da6e000 	C:\Program Files\Java\jdk-17\bin\sunmscapi.dll
0x00007ff98afc0000 - 0x00007ff98b137000 	C:\WINDOWS\System32\CRYPT32.dll
0x00007ff98a710000 - 0x00007ff98a740000 	C:\WINDOWS\SYSTEM32\ncrypt.dll
0x00007ff98a6c0000 - 0x00007ff98a6ff000 	C:\WINDOWS\SYSTEM32\NTASN1.dll
0x00007ff98a4f0000 - 0x00007ff98a50b000 	C:\WINDOWS\SYSTEM32\CRYPTSP.dll
0x00007ff989c20000 - 0x00007ff989c5a000 	C:\WINDOWS\system32\rsaenh.dll
0x00007ff98a2e0000 - 0x00007ff98a30b000 	C:\WINDOWS\SYSTEM32\USERENV.dll
0x00007ff98ae00000 - 0x00007ff98ae2a000 	C:\WINDOWS\SYSTEM32\bcrypt.dll
0x00007ff98a510000 - 0x00007ff98a51c000 	C:\WINDOWS\SYSTEM32\CRYPTBASE.dll
0x00007ff989740000 - 0x00007ff989774000 	C:\WINDOWS\SYSTEM32\IPHLPAPI.DLL
0x00007ff98d160000 - 0x00007ff98d16a000 	C:\WINDOWS\System32\NSI.dll
0x00007ff9828c0000 - 0x00007ff9828de000 	C:\WINDOWS\SYSTEM32\dhcpcsvc6.DLL
0x00007ff982380000 - 0x00007ff9823a3000 	C:\WINDOWS\SYSTEM32\dhcpcsvc.DLL
0x00007ff989780000 - 0x00007ff9898ac000 	C:\WINDOWS\SYSTEM32\DNSAPI.dll
0x00007ff96d9b0000 - 0x00007ff96d9b9000 	C:\Program Files\Java\jdk-17\bin\management.dll
0x00007ff96bc10000 - 0x00007ff96bc1b000 	C:\Program Files\Java\jdk-17\bin\management_ext.dll
0x00007ff96a610000 - 0x00007ff96a620000 	C:\Program Files\Java\jdk-17\bin\verify.dll
0x00007ff981260000 - 0x00007ff98126b000 	C:\Windows\System32\rasadhlp.dll
0x00007ff982d80000 - 0x00007ff982e06000 	C:\WINDOWS\System32\fwpuclnt.dll
0x00007ff943330000 - 0x00007ff943338000 	C:\WINDOWS\system32\wshunix.dll

dbghelp: loaded successfully - version: 4.0.5 - missing functions: none
symbol engine: initialized successfully - sym options: 0x614 - pdb path: .;C:\Program Files\Java\jdk-17\bin;C:\WINDOWS\SYSTEM32;C:\WINDOWS\WinSxS\amd64_microsoft.windows.common-controls_6595b64144ccf1df_6.0.26100.7309_none_3e05feeae336a044;C:\Program Files\Java\jdk-17\bin\server

VM Arguments:
jvm_args: -Dfile.encoding=UTF-8 -Dstdout.encoding=UTF-8 -Dstderr.encoding=UTF-8 -XX:+ShowCodeDetailsInExceptionMessages 
java_command: com.hms.HospitalManagementSystemApplication
java_class_path (initial): D:\HMS\hospital-management-system\hospital-management-system\target\classes;C:\Users\Tejas\.m2\repository\org\springframework\boot\spring-boot-starter-web\3.2.5\spring-boot-starter-web-3.2.5.jar;C:\Users\Tejas\.m2\repository\org\springframework\boot\spring-boot-starter\3.2.5\spring-boot-starter-3.2.5.jar;C:\Users\Tejas\.m2\repository\org\springframework\boot\spring-boot\3.2.5\spring-boot-3.2.5.jar;C:\Users\Tejas\.m2\repository\org\springframework\boot\spring-boot-autoconfigure\3.2.5\spring-boot-autoconfigure-3.2.5.jar;C:\Users\Tejas\.m2\repository\org\springframework\boot\spring-boot-starter-logging\3.2.5\spring-boot-starter-logging-3.2.5.jar;C:\Users\Tejas\.m2\repository\ch\qos\logback\logback-classic\1.4.14\logback-classic-1.4.14.jar;C:\Users\Tejas\.m2\repository\ch\qos\logback\logback-core\1.4.14\logback-core-1.4.14.jar;C:\Users\Tejas\.m2\repository\org\apache\logging\log4j\log4j-to-slf4j\2.21.1\log4j-to-slf4j-2.21.1.jar;C:\Users\Tejas\.m2\repository\org\apache\logging\log4j\log4j-api\2.21.1\log4j-api-2.21.1.jar;C:\Users\Tejas\.m2\repository\org\slf4j\jul-to-slf4j\2.0.13\jul-to-slf4j-2.0.13.jar;C:\Users\Tejas\.m2\repository\jakarta\annotation\jakarta.annotation-api\2.1.1\jakarta.annotation-api-2.1.1.jar;C:\Users\Tejas\.m2\repository\org\yaml\snakeyaml\2.2\snakeyaml-2.2.jar;C:\Users\Tejas\.m2\repository\org\springframework\boot\spring-boot-starter-json\3.2.5\spring-boot-starter-json-3.2.5.jar;C:\Users\Tejas\.m2\repository\com\fasterxml\jackson\datatype\jackson-datatype-jdk8\2.15.4\jackson-datatype-jdk8-2.15.4.jar;C:\Users\Tejas\.m2\repository\com\fasterxml\jackson\datatype\jackson-datatype-jsr310\2.15.4\jackson-datatype-jsr310-2.15.4.jar;C:\Users\Tejas\.m2\repository\com\fasterxml\jackson\module\jackson-module-parameter-names\2.15.4\jackson-module-parameter-names-2.15.4.jar;C:\Users\Tejas\.m2\repository\org\springframework\boot\spring-boot-starter-tomcat\3.2.5\spring-boot-starter-tomcat-3.2.5.jar;C:\Users\Tejas\.m2\repository\org\apach
Launcher Type: SUN_STANDARD

[Global flags]
     intx CICompilerCount                          = 12                                        {product} {ergonomic}
     uint ConcGCThreads                            = 3                                         {product} {ergonomic}
     uint G1ConcRefinementThreads                  = 13                                        {product} {ergonomic}
   size_t G1HeapRegionSize                         = 1048576                                   {product} {ergonomic}
    uintx GCDrainStackTargetSize                   = 64                                        {product} {ergonomic}
   size_t InitialHeapSize                          = 130023424                                 {product} {ergonomic}
   size_t MarkStackSize                            = 4194304                                   {product} {ergonomic}
   size_t MaxHeapSize                              = 2061500416                                {product} {ergonomic}
   size_t MaxNewSize                               = 1236271104                                {product} {ergonomic}
   size_t MinHeapDeltaBytes                        = 1048576                                   {product} {ergonomic}
   size_t MinHeapSize                              = 8388608                                   {product} {ergonomic}
    uintx NonNMethodCodeHeapSize                   = 7602480                                {pd product} {ergonomic}
    uintx NonProfiledCodeHeapSize                  = 122027880                              {pd product} {ergonomic}
    uintx ProfiledCodeHeapSize                     = 122027880                              {pd product} {ergonomic}
    uintx ReservedCodeCacheSize                    = 251658240                              {pd product} {ergonomic}
     bool SegmentedCodeCache                       = true                                      {product} {ergonomic}
     bool ShowCodeDetailsInExceptionMessages       = true                                   {manageable} {command line}
   size_t SoftMaxHeapSize                          = 2061500416                             {manageable} {ergonomic}
     bool UseCompressedClassPointers               = true                           {product lp64_product} {ergonomic}
     bool UseCompressedOops                        = true                           {product lp64_product} {ergonomic}
     bool UseG1GC                                  = true                                      {product} {ergonomic}
     bool UseLargePagesIndividualAllocation        = false                                  {pd product} {ergonomic}

Logging:
Log output configuration:
 #0: stdout all=warning uptime,level,tags
 #1: stderr all=off uptime,level,tags

Environment Variables:
PATH=C:/Users/Tejas/.p2/pool/plugins/org.eclipse.justj.openjdk.hotspot.jre.full.win32.x86_64_21.0.8.v20250724-1412/jre/bin/server;C:/Users/Tejas/.p2/pool/plugins/org.eclipse.justj.openjdk.hotspot.jre.full.win32.x86_64_21.0.8.v20250724-1412/jre/bin;C:\Program Files\Common Files\Oracle\Java\javapath;C:\WINDOWS\system32;C:\WINDOWS;C:\WINDOWS\System32\Wbem;C:\WINDOWS\System32\WindowsPowerShell\v1.0\;C:\WINDOWS\System32\OpenSSH\;C:\Program Files (x86)\Microsoft SQL Server\160\Tools\Binn\;C:\Program Files\Microsoft SQL Server\160\Tools\Binn\;C:\Program Files\Microsoft SQL Server\Client SDK\ODBC\170\Tools\Binn\;C:\Program Files\Microsoft SQL Server\160\DTS\Binn\;C:\Program Files\Azure Data Studio\bin;C:\Program Files (x86)\Microsoft SQL Server\160\DTS\Binn\;C:\windows\IsmFiles;C:\Program Files\nodejs\;C:\Program Files\Git\cmd;C:\Program Files\MySQL\MySQL Shell 8.0\bin\;C:\Users\Tejas\AppData\Local\Microsoft\WindowsApps;C:\Users\Tejas\AppData\Local\Programs\Microsoft VS Code\bin;C:\Program Files\Azure Data Studio\bin;C:\Users\Tejas\AppData\Local\Programs\mongosh\;C:\Users\Tejas\AppData\Roaming\npm;C:\Users\Tejas\AppData\Local\PowerToys\;C:\Users\Tejas\AppData\Local\GitHubDesktop\bin;C:\WINDOWS\system32;
USERNAME=Tejas
OS=Windows_NT
PROCESSOR_IDENTIFIER=Intel64 Family 6 Model 154 Stepping 3, GenuineIntel



---------------  S Y S T E M  ---------------

OS:
 Windows 10 , 64 bit Build 26100 (10.0.26100.7623)
OS uptime: 0 days 7:11 hours
Hyper-V role detected

CPU: total 16 (initial active 16) (8 cores per cpu, 2 threads per core) family 6 model 154 stepping 3 microcode 0x434, cx8, cmov, fxsr, ht, mmx, 3dnowpref, sse, sse2, sse3, ssse3, sse4.1, sse4.2, popcnt, lzcnt, tsc, tscinvbit, avx, avx2, aes, erms, clmul, bmi1, bmi2, adx, sha, fma, vzeroupper, clflush, clflushopt, clwb, hv

Memory: 4k page, system-wide physical 7860M (561M free)
TotalPageFile size 18748M (AvailPageFile size 2M)
current process WorkingSet (physical memory assigned to process): 234M, peak: 310M
current process commit charge ("private bytes"): 335M, peak: 375M

vm_info: Java HotSpot(TM) 64-Bit Server VM (17+35-LTS-2724) for windows-amd64 JRE (17+35-LTS-2724), built on Aug  5 2021 23:28:28 by "mach5one" with MS VC++ 16.8 (VS2019)

END.
