#
# There is insufficient memory for the Java Runtime Environment to continue.
# Native memory allocation (mmap) failed to map 30408704 bytes for G1 virtual space
# Possible reasons:
#   The system is out of physical RAM or swap space
#   The process is running with CompressedOops enabled, and the Java Heap may be blocking the growth of the native heap
# Possible solutions:
#   Reduce memory load on the system
#   Increase physical memory or swap space
#   Check if swap backing store is full
#   Decrease Java heap size (-Xmx/-Xms)
#   Decrease number of Java threads
#   Decrease Java thread stack sizes (-Xss)
#   Set larger code cache with -XX:ReservedCodeCacheSize=
#   JVM is running with Unscaled Compressed Oops mode in which the Java heap is
#     placed in the first 4GB address space. The Java Heap base address is the
#     maximum limit for the native heap growth. Please use -XX:HeapBaseMinAddress
#     to set the Java Heap base and to place the Java Heap above 4GB virtual address.
# This output file may be truncated or incomplete.
#
#  Out of Memory Error (os_windows.cpp:3469), pid=26692, tid=27232
#
# JRE version: Java(TM) SE Runtime Environment (17.0+35) (build 17+35-LTS-2724)
# Java VM: Java HotSpot(TM) 64-Bit Server VM (17+35-LTS-2724, mixed mode, sharing, tiered, compressed oops, compressed class ptrs, g1 gc, windows-amd64)
# No core dump will be written. Minidumps are not enabled by default on client versions of Windows
#

---------------  S U M M A R Y ------------

Command Line: -Dfile.encoding=UTF-8 -Dstdout.encoding=UTF-8 -Dstderr.encoding=UTF-8 -XX:+ShowCodeDetailsInExceptionMessages com.hms.HospitalManagementSystemApplication

Host: 12th Gen Intel(R) Core(TM) i5-1240P, 16 cores, 7G,  Windows 10 , 64 bit Build 26100 (10.0.26100.7623)
Time: Mon Jan 19 18:32:32 2026 India Standard Time elapsed time: 3.670361 seconds (0d 0h 0m 3s)

---------------  T H R E A D  ---------------

Current thread (0x00000200feca8d00):  VMThread "VM Thread" [stack: 0x00000072eba00000,0x00000072ebb00000] [id=27232]

Stack: [0x00000072eba00000,0x00000072ebb00000]
Native frames: (J=compiled Java code, j=interpreted, Vv=VM code, C=native code)
V  [jvm.dll+0x66f8ea]
V  [jvm.dll+0x7ce224]
V  [jvm.dll+0x7cf9ce]
V  [jvm.dll+0x7d0033]
V  [jvm.dll+0x242bb5]
V  [jvm.dll+0x66c909]
V  [jvm.dll+0x6613d2]
V  [jvm.dll+0x30082b]
V  [jvm.dll+0x307db6]
V  [jvm.dll+0x357a0e]
V  [jvm.dll+0x357c3f]
V  [jvm.dll+0x2d7ae8]
V  [jvm.dll+0x2d5db4]
V  [jvm.dll+0x2d53bc]
V  [jvm.dll+0x318d1b]
V  [jvm.dll+0x7d44cb]
V  [jvm.dll+0x7d5204]
V  [jvm.dll+0x7d571c]
V  [jvm.dll+0x7d5af4]
V  [jvm.dll+0x7d5bc0]
V  [jvm.dll+0x77e7ea]
V  [jvm.dll+0x66e715]
C  [ucrtbase.dll+0x37b0]
C  [KERNEL32.DLL+0x2e8d7]
C  [ntdll.dll+0x8c53c]

VM_Operation (0x00000072eb4f6a00): G1CollectForAllocation, mode: safepoint, requested by thread 0x00000200de15a5d0


---------------  P R O C E S S  ---------------

Threads class SMR info:
_java_thread_list=0x0000020084a96ce0, length=18, elements={
0x00000200de15a5d0, 0x00000200fecac690, 0x00000200fecad040, 0x00000200fecc0310,
0x00000200fecc0cc0, 0x00000200fecc1670, 0x00000200fecc2020, 0x00000200fecc2db0,
0x00000200fecc3e60, 0x00000200fecc5860, 0x00000200ff87e520, 0x00000200ff940e30,
0x00000200ff957980, 0x00000200ffa97740, 0x0000020080818050, 0x000002008083ddd0,
0x0000020082c092c0, 0x00000200841ff0a0
}

Java Threads: ( => current thread )
  0x00000200de15a5d0 JavaThread "main" [_thread_blocked, id=26828, stack(0x00000072eb400000,0x00000072eb500000)]
  0x00000200fecac690 JavaThread "Reference Handler" daemon [_thread_blocked, id=32328, stack(0x00000072ebb00000,0x00000072ebc00000)]
  0x00000200fecad040 JavaThread "Finalizer" daemon [_thread_blocked, id=19012, stack(0x00000072ebc00000,0x00000072ebd00000)]
  0x00000200fecc0310 JavaThread "Signal Dispatcher" daemon [_thread_blocked, id=19164, stack(0x00000072ebd00000,0x00000072ebe00000)]
  0x00000200fecc0cc0 JavaThread "Attach Listener" daemon [_thread_blocked, id=27628, stack(0x00000072ebe00000,0x00000072ebf00000)]
  0x00000200fecc1670 JavaThread "Service Thread" daemon [_thread_blocked, id=10368, stack(0x00000072ebf00000,0x00000072ec000000)]
  0x00000200fecc2020 JavaThread "Monitor Deflation Thread" daemon [_thread_blocked, id=10532, stack(0x00000072ec000000,0x00000072ec100000)]
  0x00000200fecc2db0 JavaThread "C2 CompilerThread0" daemon [_thread_in_native, id=15876, stack(0x00000072ec100000,0x00000072ec200000)]
  0x00000200fecc3e60 JavaThread "C1 CompilerThread0" daemon [_thread_blocked, id=31484, stack(0x00000072ec200000,0x00000072ec300000)]
  0x00000200fecc5860 JavaThread "Sweeper thread" daemon [_thread_blocked, id=23192, stack(0x00000072ec300000,0x00000072ec400000)]
  0x00000200ff87e520 JavaThread "C1 CompilerThread1" daemon [_thread_blocked, id=8252, stack(0x00000072ec400000,0x00000072ec500000)]
  0x00000200ff940e30 JavaThread "Notification Thread" daemon [_thread_blocked, id=33592, stack(0x00000072ec500000,0x00000072ec600000)]
  0x00000200ff957980 JavaThread "Common-Cleaner" daemon [_thread_blocked, id=22676, stack(0x00000072ec700000,0x00000072ec800000)]
  0x00000200ffa97740 JavaThread "C2 CompilerThread1" daemon [_thread_blocked, id=24116, stack(0x00000072ec800000,0x00000072ec900000)]
  0x0000020080818050 JavaThread "C1 CompilerThread2" daemon [_thread_blocked, id=15272, stack(0x00000072ec900000,0x00000072eca00000)]
  0x000002008083ddd0 JavaThread "C2 CompilerThread2" daemon [_thread_blocked, id=24532, stack(0x00000072eca00000,0x00000072ecb00000)]
  0x0000020082c092c0 JavaThread "C1 CompilerThread3" daemon [_thread_blocked, id=4992, stack(0x00000072ed400000,0x00000072ed500000)]
  0x00000200841ff0a0 JavaThread "mysql-cj-abandoned-connection-cleanup" daemon [_thread_blocked, id=27372, stack(0x00000072eda00000,0x00000072edb00000)]

Other Threads:
=>0x00000200feca8d00 VMThread "VM Thread" [stack: 0x00000072eba00000,0x00000072ebb00000] [id=27232]
  0x00000200ff943720 WatcherThread [stack: 0x00000072ec600000,0x00000072ec700000] [id=18768]
  0x00000200e03bb2d0 GCTaskThread "GC Thread#0" [stack: 0x00000072eb500000,0x00000072eb600000] [id=32124]
  0x0000020080a38280 GCTaskThread "GC Thread#1" [stack: 0x00000072ecb00000,0x00000072ecc00000] [id=14084]
  0x0000020080901c50 GCTaskThread "GC Thread#2" [stack: 0x00000072ecc00000,0x00000072ecd00000] [id=26040]
  0x0000020080a54130 GCTaskThread "GC Thread#3" [stack: 0x00000072ecd00000,0x00000072ece00000] [id=12240]
  0x0000020080a547e0 GCTaskThread "GC Thread#4" [stack: 0x00000072ece00000,0x00000072ecf00000] [id=5968]
  0x0000020080ac0420 GCTaskThread "GC Thread#5" [stack: 0x00000072ed000000,0x00000072ed100000] [id=20700]
  0x0000020080abfec0 GCTaskThread "GC Thread#6" [stack: 0x00000072ed100000,0x00000072ed200000] [id=32228]
  0x0000020080ac0170 GCTaskThread "GC Thread#7" [stack: 0x00000072ed200000,0x00000072ed300000] [id=16760]
  0x0000020080abf960 GCTaskThread "GC Thread#8" [stack: 0x00000072ed300000,0x00000072ed400000] [id=20208]
  0x0000020080ac0980 GCTaskThread "GC Thread#9" [stack: 0x00000072ed600000,0x00000072ed700000] [id=33148]
  0x0000020080abf150 GCTaskThread "GC Thread#10" [stack: 0x00000072ed700000,0x00000072ed800000] [id=25896]
  0x0000020080abf400 GCTaskThread "GC Thread#11" [stack: 0x00000072ed800000,0x00000072ed900000] [id=26900]
  0x0000020080eca7d0 GCTaskThread "GC Thread#12" [stack: 0x00000072ecf00000,0x00000072ed000000] [id=5496]
  0x00000200e03cb7d0 ConcurrentGCThread "G1 Main Marker" [stack: 0x00000072eb600000,0x00000072eb700000] [id=27228]
  0x00000200e03ce600 ConcurrentGCThread "G1 Conc#0" [stack: 0x00000072eb700000,0x00000072eb800000] [id=32180]
  0x0000020080ecaa80 ConcurrentGCThread "G1 Conc#1" [stack: 0x00000072ed500000,0x00000072ed600000] [id=24360]
  0x0000020080ecbd50 ConcurrentGCThread "G1 Conc#2" [stack: 0x00000072ed900000,0x00000072eda00000] [id=22404]
  0x00000200feb49500 ConcurrentGCThread "G1 Refine#0" [stack: 0x00000072eb800000,0x00000072eb900000] [id=27608]
  0x00000200feb4bbe0 ConcurrentGCThread "G1 Service" [stack: 0x00000072eb900000,0x00000072eba00000] [id=25400]

Threads with active compile tasks:
C2 CompilerThread0     3684 4221       4       java.lang.invoke.LambdaForm$Name::replaceNames (175 bytes)
C2 CompilerThread1     3684 4243   !   4       org.springframework.util.ReflectionUtils::doWithMethods (186 bytes)
C2 CompilerThread2     3684 4270   !   4       org.springframework.core.annotation.AnnotationsScanner::processClassHierarchy (234 bytes)

VM state: at safepoint (normal execution)

VM Mutex/Monitor currently owned by a thread:  ([mutex/lock_event])
[0x00000200e0380340] Threads_lock - owner thread: 0x00000200feca8d00
[0x00000200e037ffe0] Heap_lock - owner thread: 0x00000200de15a5d0

Heap address: 0x0000000085200000, size: 1966 MB, Compressed Oops mode: 32-bit

CDS archive(s) mapped at: [0x0000000800000000-0x0000000800bc0000-0x0000000800bc0000), size 12320768, SharedBaseAddress: 0x0000000800000000, ArchiveRelocationMode: 0.
Compressed class space mapped at: 0x0000000800c00000-0x0000000840c00000, reserved size: 1073741824
Narrow klass base: 0x0000000800000000, Narrow klass shift: 0, Narrow klass range: 0x100000000

GC Precious Log:
 CPUs: 16 total, 16 available
 Memory: 7860M
 Large Page Support: Disabled
 NUMA Support: Disabled
 Compressed Oops: Enabled (32-bit)
 Heap Region Size: 1M
 Heap Min Capacity: 8M
 Heap Initial Capacity: 124M
 Heap Max Capacity: 1966M
 Pre-touch: Disabled
 Parallel Workers: 13
 Concurrent Workers: 3
 Concurrent Refinement Workers: 13
 Periodic GC: Disabled

Heap:
 garbage-first heap   total 61440K, used 21816K [0x0000000085200000, 0x0000000100000000)
  region size 1024K, 1 young (1024K), 1 survivors (1024K)
 Metaspace       used 30920K, committed 31360K, reserved 1081344K
  class space    used 4023K, committed 4224K, reserved 1048576K

Heap Regions: E=young(eden), S=young(survivor), O=old, HS=humongous(starts), HC=humongous(continues), CS=collection set, F=free, OA=open archive, CA=closed archive, TAMS=top-at-mark-start (previous, next)
|   0|0x0000000085200000, 0x0000000085300000, 0x0000000085300000|100%|HS|  |TAMS 0x0000000085300000, 0x0000000085200000| Complete 
|   1|0x0000000085300000, 0x0000000085400000, 0x0000000085400000|100%|HS|  |TAMS 0x0000000085400000, 0x0000000085300000| Complete 
|   2|0x0000000085400000, 0x0000000085500000, 0x0000000085500000|100%| O|  |TAMS 0x0000000085500000, 0x0000000085400000| Untracked 
|   3|0x0000000085500000, 0x0000000085600000, 0x0000000085600000|100%| O|  |TAMS 0x0000000085600000, 0x0000000085500000| Untracked 
|   4|0x0000000085600000, 0x0000000085700000, 0x0000000085700000|100%| O|  |TAMS 0x0000000085700000, 0x0000000085600000| Untracked 
|   5|0x0000000085700000, 0x0000000085800000, 0x0000000085800000|100%| O|  |TAMS 0x0000000085800000, 0x0000000085700000| Untracked 
|   6|0x0000000085800000, 0x0000000085900000, 0x0000000085900000|100%| O|  |TAMS 0x0000000085900000, 0x0000000085800000| Untracked 
|   7|0x0000000085900000, 0x0000000085a00000, 0x0000000085a00000|100%| O|  |TAMS 0x0000000085a00000, 0x0000000085900000| Untracked 
|   8|0x0000000085a00000, 0x0000000085b00000, 0x0000000085b00000|100%| O|  |TAMS 0x0000000085b00000, 0x0000000085a00000| Untracked 
|   9|0x0000000085b00000, 0x0000000085b40000, 0x0000000085c00000| 25%| O|  |TAMS 0x0000000085b40000, 0x0000000085b00000| Untracked 
|  10|0x0000000085c00000, 0x0000000085d00000, 0x0000000085d00000|100%| O|  |TAMS 0x0000000085c00000, 0x0000000085c00000| Untracked 
|  11|0x0000000085d00000, 0x0000000085e00000, 0x0000000085e00000|100%| O|  |TAMS 0x0000000085d00000, 0x0000000085d00000| Untracked 
|  12|0x0000000085e00000, 0x0000000085f00000, 0x0000000085f00000|100%| O|  |TAMS 0x0000000085e00000, 0x0000000085e00000| Untracked 
|  13|0x0000000085f00000, 0x0000000086000000, 0x0000000086000000|100%| O|  |TAMS 0x0000000085f00000, 0x0000000085f00000| Untracked 
|  14|0x0000000086000000, 0x0000000086100000, 0x0000000086100000|100%| O|  |TAMS 0x0000000086000000, 0x0000000086000000| Untracked 
|  15|0x0000000086100000, 0x0000000086200000, 0x0000000086200000|100%| O|  |TAMS 0x0000000086100000, 0x0000000086100000| Untracked 
|  16|0x0000000086200000, 0x0000000086300000, 0x0000000086300000|100%| O|  |TAMS 0x0000000086200000, 0x0000000086200000| Untracked 
|  17|0x0000000086300000, 0x0000000086400000, 0x0000000086400000|100%| O|  |TAMS 0x0000000086300000, 0x0000000086300000| Untracked 
|  18|0x0000000086400000, 0x0000000086500000, 0x0000000086500000|100%| O|  |TAMS 0x0000000086400000, 0x0000000086400000| Untracked 
|  19|0x0000000086500000, 0x0000000086600000, 0x0000000086600000|100%| O|  |TAMS 0x0000000086500000, 0x0000000086500000| Untracked 
|  20|0x0000000086600000, 0x0000000086700000, 0x0000000086700000|100%| O|  |TAMS 0x0000000086600000, 0x0000000086600000| Untracked 
|  21|0x0000000086700000, 0x000000008678dc00, 0x0000000086800000| 55%| O|  |TAMS 0x0000000086700000, 0x0000000086700000| Untracked 
|  22|0x0000000086800000, 0x0000000086800000, 0x0000000086900000|  0%| F|  |TAMS 0x0000000086800000, 0x0000000086800000| Untracked 
|  23|0x0000000086900000, 0x0000000086900000, 0x0000000086a00000|  0%| F|  |TAMS 0x0000000086900000, 0x0000000086900000| Untracked 
|  24|0x0000000086a00000, 0x0000000086a00000, 0x0000000086b00000|  0%| F|  |TAMS 0x0000000086a00000, 0x0000000086a00000| Untracked 
|  25|0x0000000086b00000, 0x0000000086b00000, 0x0000000086c00000|  0%| F|  |TAMS 0x0000000086b00000, 0x0000000086b00000| Untracked 
|  26|0x0000000086c00000, 0x0000000086c00000, 0x0000000086d00000|  0%| F|  |TAMS 0x0000000086c00000, 0x0000000086c00000| Untracked 
|  27|0x0000000086d00000, 0x0000000086d00000, 0x0000000086e00000|  0%| F|  |TAMS 0x0000000086d00000, 0x0000000086d00000| Untracked 
|  28|0x0000000086e00000, 0x0000000086e00000, 0x0000000086f00000|  0%| F|  |TAMS 0x0000000086e00000, 0x0000000086e00000| Untracked 
|  29|0x0000000086f00000, 0x0000000086f00000, 0x0000000087000000|  0%| F|  |TAMS 0x0000000086f00000, 0x0000000086f00000| Untracked 
|  30|0x0000000087000000, 0x0000000087000000, 0x0000000087100000|  0%| F|  |TAMS 0x0000000087000000, 0x0000000087000000| Untracked 
|  31|0x0000000087100000, 0x0000000087100000, 0x0000000087200000|  0%| F|  |TAMS 0x0000000087100000, 0x0000000087100000| Untracked 
|  32|0x0000000087200000, 0x0000000087200000, 0x0000000087300000|  0%| F|  |TAMS 0x0000000087200000, 0x0000000087200000| Untracked 
|  33|0x0000000087300000, 0x0000000087300000, 0x0000000087400000|  0%| F|  |TAMS 0x0000000087300000, 0x0000000087300000| Untracked 
|  34|0x0000000087400000, 0x0000000087400000, 0x0000000087500000|  0%| F|  |TAMS 0x0000000087400000, 0x0000000087400000| Untracked 
|  35|0x0000000087500000, 0x00000000875805e0, 0x0000000087600000| 50%| S|CS|TAMS 0x0000000087500000, 0x0000000087500000| Complete 
|  36|0x0000000087600000, 0x0000000087600000, 0x0000000087700000|  0%| F|  |TAMS 0x0000000087600000, 0x0000000087600000| Untracked 
|  37|0x0000000087700000, 0x0000000087700000, 0x0000000087800000|  0%| F|  |TAMS 0x0000000087700000, 0x0000000087700000| Untracked 
|  38|0x0000000087800000, 0x0000000087800000, 0x0000000087900000|  0%| F|  |TAMS 0x0000000087800000, 0x0000000087800000| Untracked 
|  39|0x0000000087900000, 0x0000000087900000, 0x0000000087a00000|  0%| F|  |TAMS 0x0000000087900000, 0x0000000087900000| Untracked 
|  40|0x0000000087a00000, 0x0000000087a00000, 0x0000000087b00000|  0%| F|  |TAMS 0x0000000087a00000, 0x0000000087a00000| Untracked 
|  41|0x0000000087b00000, 0x0000000087b00000, 0x0000000087c00000|  0%| F|  |TAMS 0x0000000087b00000, 0x0000000087b00000| Untracked 
|  42|0x0000000087c00000, 0x0000000087c00000, 0x0000000087d00000|  0%| F|  |TAMS 0x0000000087c00000, 0x0000000087c00000| Untracked 
|  43|0x0000000087d00000, 0x0000000087d00000, 0x0000000087e00000|  0%| F|  |TAMS 0x0000000087d00000, 0x0000000087d00000| Untracked 
|  44|0x0000000087e00000, 0x0000000087e00000, 0x0000000087f00000|  0%| F|  |TAMS 0x0000000087e00000, 0x0000000087e00000| Untracked 
|  45|0x0000000087f00000, 0x0000000087f00000, 0x0000000088000000|  0%| F|  |TAMS 0x0000000087f00000, 0x0000000087f00000| Untracked 
|  46|0x0000000088000000, 0x0000000088000000, 0x0000000088100000|  0%| F|  |TAMS 0x0000000088000000, 0x0000000088000000| Untracked 
|  47|0x0000000088100000, 0x0000000088100000, 0x0000000088200000|  0%| F|  |TAMS 0x0000000088100000, 0x0000000088100000| Untracked 
|  48|0x0000000088200000, 0x0000000088200000, 0x0000000088300000|  0%| F|  |TAMS 0x0000000088200000, 0x0000000088200000| Untracked 
|  49|0x0000000088300000, 0x0000000088300000, 0x0000000088400000|  0%| F|  |TAMS 0x0000000088300000, 0x0000000088300000| Untracked 
|  50|0x0000000088400000, 0x0000000088400000, 0x0000000088500000|  0%| F|  |TAMS 0x0000000088400000, 0x0000000088400000| Untracked 
|  51|0x0000000088500000, 0x0000000088500000, 0x0000000088600000|  0%| F|  |TAMS 0x0000000088500000, 0x0000000088500000| Untracked 
|  81|0x000000008a300000, 0x000000008a300000, 0x000000008a400000|  0%| F|  |TAMS 0x000000008a300000, 0x000000008a300000| Untracked 
|  82|0x000000008a400000, 0x000000008a400000, 0x000000008a500000|  0%| F|  |TAMS 0x000000008a400000, 0x000000008a400000| Untracked 
|  83|0x000000008a500000, 0x000000008a500000, 0x000000008a600000|  0%| F|  |TAMS 0x000000008a500000, 0x000000008a500000| Untracked 
|  84|0x000000008a600000, 0x000000008a600000, 0x000000008a700000|  0%| F|  |TAMS 0x000000008a600000, 0x000000008a600000| Untracked 
|  85|0x000000008a700000, 0x000000008a700000, 0x000000008a800000|  0%| F|  |TAMS 0x000000008a700000, 0x000000008a700000| Untracked 
|  86|0x000000008a800000, 0x000000008a800000, 0x000000008a900000|  0%| F|  |TAMS 0x000000008a800000, 0x000000008a800000| Untracked 
|  87|0x000000008a900000, 0x000000008a900000, 0x000000008aa00000|  0%| F|  |TAMS 0x000000008a900000, 0x000000008a900000| Untracked 
| 123|0x000000008cd00000, 0x000000008cd00000, 0x000000008ce00000|  0%| F|  |TAMS 0x000000008cd00000, 0x000000008cd00000| Untracked 

Card table byte_map: [0x00000200f77e0000,0x00000200f7bc0000] _byte_map_base: 0x00000200f73b7000

Marking Bits (Prev, Next): (CMBitMap*) 0x00000200e03bb920, (CMBitMap*) 0x00000200e03bb8e0
 Prev Bits: [0x00000200f9e60000, 0x00000200fbd18000)
 Next Bits: [0x00000200f7fa0000, 0x00000200f9e58000)

Polling page: 0x00000200de300000

Metaspace:

Usage:
  Non-class:     26.27 MB used.
      Class:      3.93 MB used.
       Both:     30.20 MB used.

Virtual space:
  Non-class space:       32.00 MB reserved,      26.50 MB ( 83%) committed,  4 nodes.
      Class space:        1.00 GB reserved,       4.12 MB ( <1%) committed,  1 nodes.
             Both:        1.03 GB reserved,      30.62 MB (  3%) committed. 

Chunk freelists:
   Non-Class:  1.47 MB
       Class:  3.92 MB
        Both:  5.39 MB

MaxMetaspaceSize: unlimited
CompressedClassSpaceSize: 1.00 GB
Initial GC threshold: 21.00 MB
Current GC threshold: 35.12 MB
CDS: on
MetaspaceReclaimPolicy: balanced
 - commit_granule_bytes: 65536.
 - commit_granule_words: 8192.
 - virtual_space_node_default_size: 1048576.
 - enlarge_chunks_in_place: 1.
 - new_chunks_are_fully_committed: 0.
 - uncommit_free_chunks: 1.
 - use_allocation_guard: 0.
 - handle_deallocations: 1.


Internal statistics:

num_allocs_failed_limit: 3.
num_arena_births: 520.
num_arena_deaths: 0.
num_vsnodes_births: 5.
num_vsnodes_deaths: 0.
num_space_committed: 490.
num_space_uncommitted: 0.
num_chunks_returned_to_freelist: 3.
num_chunks_taken_from_freelist: 1673.
num_chunk_merges: 3.
num_chunk_splits: 1121.
num_chunks_enlarged: 810.
num_purges: 0.
num_inconsistent_stats: 0.

CodeHeap 'non-profiled nmethods': size=119168Kb used=2396Kb max_used=2396Kb free=116771Kb
 bounds [0x00000200ef710000, 0x00000200ef980000, 0x00000200f6b70000]
CodeHeap 'profiled nmethods': size=119104Kb used=9379Kb max_used=9379Kb free=109724Kb
 bounds [0x00000200e82c0000, 0x00000200e8bf0000, 0x00000200ef710000]
CodeHeap 'non-nmethods': size=7488Kb used=2908Kb max_used=2966Kb free=4579Kb
 bounds [0x00000200e7b70000, 0x00000200e7e70000, 0x00000200e82c0000]
 total_blobs=4793 nmethods=4272 adapters=430
 compilation: enabled
              stopped_count=0, restarted_count=0
 full_count=0

Compilation events (20 events):
Event: 3.647 Thread 0x0000020082c092c0 nmethod 4310 0x00000200e8be2e90 code [0x00000200e8be3020, 0x00000200e8be3198]
Event: 3.647 Thread 0x0000020080818050 nmethod 4312 0x00000200e8be3290 code [0x00000200e8be3460, 0x00000200e8be38c8]
Event: 3.647 Thread 0x00000200fecc3e60 nmethod 4313 0x00000200e8be4710 code [0x00000200e8be48c0, 0x00000200e8be4ca8]
Event: 3.647 Thread 0x00000200ff87e520 nmethod 4311 0x00000200e8be3a10 code [0x00000200e8be3c20, 0x00000200e8be43a8]
Event: 3.648 Thread 0x00000200ff87e520 4314       3       java.util.concurrent.ConcurrentHashMap::<init> (73 bytes)
Event: 3.648 Thread 0x00000200fecc3e60 4315       3       org.springframework.boot.context.properties.source.ConfigurationPropertyName::getElement (161 bytes)
Event: 3.648 Thread 0x00000200ff87e520 nmethod 4314 0x00000200e8be4d90 code [0x00000200e8be4fa0, 0x00000200e8be5518]
Event: 3.650 Thread 0x00000200fecc3e60 nmethod 4315 0x00000200e8be5690 code [0x00000200e8be59c0, 0x00000200e8be6be8]
Event: 3.651 Thread 0x00000200fecc3e60 4316       3       org.springframework.beans.factory.config.BeanPostProcessor::postProcessBeforeInitialization (2 bytes)
Event: 3.651 Thread 0x0000020082c092c0 4317       3       jdk.internal.reflect.DelegatingMethodAccessorImpl::invoke (10 bytes)
Event: 3.652 Thread 0x00000200fecc3e60 nmethod 4316 0x00000200e8be7190 code [0x00000200e8be7320, 0x00000200e8be7438]
Event: 3.652 Thread 0x0000020082c092c0 nmethod 4317 0x00000200e8be7510 code [0x00000200e8be76c0, 0x00000200e8be7888]
Event: 3.652 Thread 0x0000020082c092c0 4318       1       org.springframework.boot.web.servlet.context.ServletWebServerApplicationContext::getServletConfig (5 bytes)
Event: 3.652 Thread 0x00000200fecc3e60 4319       1       org.springframework.web.context.support.ServletContextAwareProcessor::getServletConfig (5 bytes)
Event: 3.652 Thread 0x0000020082c092c0 nmethod 4318 0x00000200ef966a10 code [0x00000200ef966ba0, 0x00000200ef966c78]
Event: 3.652 Thread 0x00000200fecc3e60 nmethod 4319 0x00000200ef966d10 code [0x00000200ef966ea0, 0x00000200ef966f78]
Event: 3.654 Thread 0x00000200fecc3e60 4320       1       org.springframework.beans.factory.support.DefaultListableBeanFactory::getAutowireCandidateResolver (5 bytes)
Event: 3.654 Thread 0x00000200fecc3e60 nmethod 4320 0x00000200ef967010 code [0x00000200ef9671a0, 0x00000200ef967278]
Event: 3.654 Thread 0x0000020080818050 4321       3       java.lang.ThreadLocal$ThreadLocalMap::set (133 bytes)
Event: 3.655 Thread 0x0000020080818050 nmethod 4321 0x00000200e8be7990 code [0x00000200e8be7c20, 0x00000200e8be8928]

GC Heap History (15 events):
Event: 0.616 GC heap before
{Heap before GC invocations=0 (full 0):
 garbage-first heap   total 126976K, used 24576K [0x0000000085200000, 0x0000000100000000)
  region size 1024K, 23 young (23552K), 0 survivors (0K)
 Metaspace       used 5313K, committed 5504K, reserved 1056768K
  class space    used 612K, committed 704K, reserved 1048576K
}
Event: 0.622 GC heap after
{Heap after GC invocations=1 (full 0):
 garbage-first heap   total 126976K, used 9372K [0x0000000085200000, 0x0000000100000000)
  region size 1024K, 3 young (3072K), 3 survivors (3072K)
 Metaspace       used 5313K, committed 5504K, reserved 1056768K
  class space    used 612K, committed 704K, reserved 1048576K
}
Event: 1.081 GC heap before
{Heap before GC invocations=1 (full 0):
 garbage-first heap   total 126976K, used 37020K [0x0000000085200000, 0x0000000100000000)
  region size 1024K, 30 young (30720K), 3 survivors (3072K)
 Metaspace       used 11347K, committed 11648K, reserved 1064960K
  class space    used 1517K, committed 1664K, reserved 1048576K
}
Event: 1.085 GC heap after
{Heap after GC invocations=2 (full 0):
 garbage-first heap   total 126976K, used 11576K [0x0000000085200000, 0x0000000100000000)
  region size 1024K, 3 young (3072K), 3 survivors (3072K)
 Metaspace       used 11347K, committed 11648K, reserved 1064960K
  class space    used 1517K, committed 1664K, reserved 1048576K
}
Event: 1.506 GC heap before
{Heap before GC invocations=2 (full 0):
 garbage-first heap   total 126976K, used 78136K [0x0000000085200000, 0x0000000100000000)
  region size 1024K, 69 young (70656K), 3 survivors (3072K)
 Metaspace       used 16769K, committed 17024K, reserved 1064960K
  class space    used 2111K, committed 2240K, reserved 1048576K
}
Event: 1.510 GC heap after
{Heap after GC invocations=3 (full 0):
 garbage-first heap   total 126976K, used 14184K [0x0000000085200000, 0x0000000100000000)
  region size 1024K, 5 young (5120K), 5 survivors (5120K)
 Metaspace       used 16769K, committed 17024K, reserved 1064960K
  class space    used 2111K, committed 2240K, reserved 1048576K
}
Event: 1.522 GC heap before
{Heap before GC invocations=3 (full 0):
 garbage-first heap   total 126976K, used 83816K [0x0000000085200000, 0x0000000100000000)
  region size 1024K, 74 young (75776K), 5 survivors (5120K)
 Metaspace       used 16930K, committed 17152K, reserved 1064960K
  class space    used 2144K, committed 2240K, reserved 1048576K
}
Event: 1.525 GC heap after
{Heap after GC invocations=4 (full 0):
 garbage-first heap   total 126976K, used 14312K [0x0000000085200000, 0x0000000100000000)
  region size 1024K, 5 young (5120K), 5 survivors (5120K)
 Metaspace       used 16930K, committed 17152K, reserved 1064960K
  class space    used 2144K, committed 2240K, reserved 1048576K
}
Event: 2.051 GC heap before
{Heap before GC invocations=4 (full 0):
 garbage-first heap   total 126976K, used 49128K [0x0000000085200000, 0x0000000100000000)
  region size 1024K, 41 young (41984K), 5 survivors (5120K)
 Metaspace       used 21274K, committed 21504K, reserved 1073152K
  class space    used 2706K, committed 2816K, reserved 1048576K
}
Event: 2.058 GC heap after
{Heap after GC invocations=5 (full 0):
 garbage-first heap   total 126976K, used 16640K [0x0000000085200000, 0x0000000100000000)
  region size 1024K, 7 young (7168K), 7 survivors (7168K)
 Metaspace       used 21274K, committed 21504K, reserved 1073152K
  class space    used 2706K, committed 2816K, reserved 1048576K
}
Event: 2.957 GC heap before
{Heap before GC invocations=6 (full 0):
 garbage-first heap   total 61440K, used 46336K [0x0000000085200000, 0x0000000100000000)
  region size 1024K, 36 young (36864K), 7 survivors (7168K)
 Metaspace       used 25864K, committed 26240K, reserved 1073152K
  class space    used 3345K, committed 3520K, reserved 1048576K
}
Event: 2.970 GC heap after
{Heap after GC invocations=7 (full 0):
 garbage-first heap   total 61440K, used 18758K [0x0000000085200000, 0x0000000100000000)
  region size 1024K, 3 young (3072K), 3 survivors (3072K)
 Metaspace       used 25864K, committed 26240K, reserved 1073152K
  class space    used 3345K, committed 3520K, reserved 1048576K
}
Event: 3.618 GC heap before
{Heap before GC invocations=7 (full 0):
 garbage-first heap   total 61440K, used 43334K [0x0000000085200000, 0x0000000100000000)
  region size 1024K, 28 young (28672K), 3 survivors (3072K)
 Metaspace       used 30853K, committed 31296K, reserved 1081344K
  class space    used 4012K, committed 4224K, reserved 1048576K
}
Event: 3.625 GC heap after
{Heap after GC invocations=8 (full 0):
 garbage-first heap   total 61440K, used 21387K [0x0000000085200000, 0x0000000100000000)
  region size 1024K, 3 young (3072K), 3 survivors (3072K)
 Metaspace       used 30853K, committed 31296K, reserved 1081344K
  class space    used 4012K, committed 4224K, reserved 1048576K
}
Event: 3.662 GC heap before
{Heap before GC invocations=8 (full 0):
 garbage-first heap   total 61440K, used 44939K [0x0000000085200000, 0x0000000100000000)
  region size 1024K, 27 young (27648K), 3 survivors (3072K)
 Metaspace       used 30920K, committed 31360K, reserved 1081344K
  class space    used 4023K, committed 4224K, reserved 1048576K
}

Deoptimization events (20 events):
Event: 3.613 Thread 0x00000200841ff0a0 Uncommon trap: trap_request=0xffffff45 fr.pc=0x00000200ef7f8d78 relative=0x0000000000003398
Event: 3.613 Thread 0x00000200841ff0a0 Uncommon trap: reason=unstable_if action=reinterpret pc=0x00000200ef7f8d78 method=java.net.URLStreamHandler.parseURL(Ljava/net/URL;Ljava/lang/String;II)V @ 57 c2
Event: 3.613 Thread 0x00000200841ff0a0 DEOPT PACKING pc=0x00000200ef7f8d78 sp=0x00000072edafe9c0
Event: 3.613 Thread 0x00000200841ff0a0 DEOPT UNPACKING pc=0x00000200e7bc23a3 sp=0x00000072edafe970 mode 2
Event: 3.617 Thread 0x00000200de15a5d0 DEOPT PACKING pc=0x00000200e8834554 sp=0x00000072eb4f8800
Event: 3.618 Thread 0x00000200de15a5d0 DEOPT UNPACKING pc=0x00000200e7bc2b43 sp=0x00000072eb4f7cd8 mode 0
Event: 3.626 Thread 0x00000200de15a5d0 DEOPT PACKING pc=0x00000200e8834554 sp=0x00000072eb4f8800
Event: 3.626 Thread 0x00000200de15a5d0 DEOPT UNPACKING pc=0x00000200e7bc2b43 sp=0x00000072eb4f7cd8 mode 0
Event: 3.627 Thread 0x00000200de15a5d0 DEOPT PACKING pc=0x00000200e8834554 sp=0x00000072eb4f8800
Event: 3.627 Thread 0x00000200de15a5d0 DEOPT UNPACKING pc=0x00000200e7bc2b43 sp=0x00000072eb4f7cd8 mode 0
Event: 3.628 Thread 0x00000200de15a5d0 DEOPT PACKING pc=0x00000200e8834554 sp=0x00000072eb4f8800
Event: 3.628 Thread 0x00000200de15a5d0 DEOPT UNPACKING pc=0x00000200e7bc2b43 sp=0x00000072eb4f7cd8 mode 0
Event: 3.628 Thread 0x00000200de15a5d0 DEOPT PACKING pc=0x00000200e8834554 sp=0x00000072eb4f8800
Event: 3.628 Thread 0x00000200de15a5d0 DEOPT UNPACKING pc=0x00000200e7bc2b43 sp=0x00000072eb4f7cd8 mode 0
Event: 3.642 Thread 0x00000200de15a5d0 DEOPT PACKING pc=0x00000200e8834554 sp=0x00000072eb4f82a0
Event: 3.642 Thread 0x00000200de15a5d0 DEOPT UNPACKING pc=0x00000200e7bc2b43 sp=0x00000072eb4f7778 mode 0
Event: 3.643 Thread 0x00000200de15a5d0 Uncommon trap: trap_request=0xffffff45 fr.pc=0x00000200ef796a9c relative=0x000000000000033c
Event: 3.643 Thread 0x00000200de15a5d0 Uncommon trap: reason=unstable_if action=reinterpret pc=0x00000200ef796a9c method=org.springframework.boot.context.properties.source.ConfigurationPropertyName.getElement(ILorg/springframework/boot/context/properties/source/ConfigurationPropertyName$Form;)
Event: 3.643 Thread 0x00000200de15a5d0 DEOPT PACKING pc=0x00000200ef796a9c sp=0x00000072eb4f7fa0
Event: 3.643 Thread 0x00000200de15a5d0 DEOPT UNPACKING pc=0x00000200e7bc23a3 sp=0x00000072eb4f7f68 mode 2

Classes unloaded (0 events):
No events

Classes redefined (0 events):
No events

Internal exceptions (20 events):
Event: 2.864 Thread 0x00000200de15a5d0 Exception <a 'java/lang/NoClassDefFoundError'{0x0000000086cbdb08}: org/springframework/session/jdbc/JdbcIndexedSessionRepository> (0x0000000086cbdb08) 
thrown [t:\workspace\open\src\hotspot\share\classfile\systemDictionary.cpp, line 245]
Event: 2.931 Thread 0x00000200de15a5d0 Exception <a 'java/lang/NoSuchMethodError'{0x0000000086a65448}: 'void java.lang.invoke.DirectMethodHandle$Holder.invokeSpecial(java.lang.Object, java.lang.Object, java.lang.Object, java.lang.Object, java.lang.Object, java.lang.Object)'> (0x0000000086a65448) 
thrown [t:\workspace\open\src\hotspot\share\interpreter\linkResolver.cpp, line 766]
Event: 3.041 Thread 0x00000200de15a5d0 Exception <a 'java/lang/NoSuchMethodError'{0x000000008a7339f8}: 'java.lang.Object java.lang.invoke.DirectMethodHandle$Holder.invokeSpecialIFC(java.lang.Object, java.lang.Object, java.lang.Object)'> (0x000000008a7339f8) 
thrown [t:\workspace\open\src\hotspot\share\interpreter\linkResolver.cpp, line 766]
Event: 3.201 Thread 0x00000200de15a5d0 Exception <a 'java/lang/NoSuchMethodError'{0x000000008a377fa0}: 'void java.lang.invoke.DirectMethodHandle$Holder.invokeInterface(java.lang.Object, java.lang.Object, int)'> (0x000000008a377fa0) 
thrown [t:\workspace\open\src\hotspot\share\interpreter\linkResolver.cpp, line 766]
Event: 3.205 Thread 0x00000200de15a5d0 Exception <a 'java/lang/IncompatibleClassChangeError'{0x000000008a3c8058}: Found class java.lang.Object, but interface was expected> (0x000000008a3c8058) 
thrown [t:\workspace\open\src\hotspot\share\interpreter\linkResolver.cpp, line 833]
Event: 3.207 Thread 0x00000200de15a5d0 Exception <a 'java/lang/NoSuchMethodError'{0x000000008a3d8b90}: 'int java.lang.invoke.DirectMethodHandle$Holder.invokeSpecialIFC(java.lang.Object, java.lang.Object, java.lang.Object)'> (0x000000008a3d8b90) 
thrown [t:\workspace\open\src\hotspot\share\interpreter\linkResolver.cpp, line 766]
Event: 3.208 Thread 0x00000200de15a5d0 Exception <a 'java/lang/NoSuchMethodError'{0x000000008a3f2380}: 'void java.lang.invoke.DirectMethodHandle$Holder.invokeStatic(java.lang.Object, int, java.lang.Object)'> (0x000000008a3f2380) 
thrown [t:\workspace\open\src\hotspot\share\interpreter\linkResolver.cpp, line 766]
Event: 3.214 Thread 0x00000200de15a5d0 Exception <a 'java/lang/NoSuchMethodError'{0x000000008852e718}: 'void java.lang.invoke.DirectMethodHandle$Holder.invokeVirtual(java.lang.Object, java.lang.Object, int)'> (0x000000008852e718) 
thrown [t:\workspace\open\src\hotspot\share\interpreter\linkResolver.cpp, line 766]
Event: 3.214 Thread 0x00000200de15a5d0 Exception <a 'java/lang/NoSuchMethodError'{0x0000000088534960}: 'void java.lang.invoke.DirectMethodHandle$Holder.invokeStatic(java.lang.Object, java.lang.Object, java.lang.Object, int, java.lang.Object)'> (0x0000000088534960) 
thrown [t:\workspace\open\src\hotspot\share\interpreter\linkResolver.cpp, line 766]
Event: 3.215 Thread 0x00000200de15a5d0 Exception <a 'java/lang/NoSuchMethodError'{0x000000008853be68}: 'java.lang.Object java.lang.invoke.DirectMethodHandle$Holder.newInvokeSpecial(java.lang.Object, java.lang.Object, java.lang.Object, int)'> (0x000000008853be68) 
thrown [t:\workspace\open\src\hotspot\share\interpreter\linkResolver.cpp, line 766]
Event: 3.215 Thread 0x00000200de15a5d0 Exception <a 'java/lang/NoSuchMethodError'{0x0000000088540150}: 'java.lang.Object java.lang.invoke.DirectMethodHandle$Holder.invokeSpecial(java.lang.Object, java.lang.Object, java.lang.Object, java.lang.Object, int)'> (0x0000000088540150) 
thrown [t:\workspace\open\src\hotspot\share\interpreter\linkResolver.cpp, line 766]
Event: 3.216 Thread 0x00000200de15a5d0 Exception <a 'java/lang/NoSuchMethodError'{0x0000000088543d18}: 'java.lang.Object java.lang.invoke.Invokers$Holder.linkToTargetMethod(java.lang.Object, java.lang.Object, int, java.lang.Object)'> (0x0000000088543d18) 
thrown [t:\workspace\open\src\hotspot\share\interpreter\linkResolver.cpp, line 766]
Event: 3.288 Thread 0x00000200de15a5d0 Exception <a 'java/lang/NoSuchMethodError'{0x0000000088124368}: 'java.lang.Object java.lang.invoke.DirectMethodHandle$Holder.invokeStaticInit(java.lang.Object, int, int, int, int)'> (0x0000000088124368) 
thrown [t:\workspace\open\src\hotspot\share\interpreter\linkResolver.cpp, line 766]
Event: 3.355 Thread 0x00000200de15a5d0 Exception <a 'java/lang/NoSuchMethodError'{0x00000000881f4eb0}: 'java.lang.Object java.lang.invoke.DirectMethodHandle$Holder.invokeStaticInit(java.lang.Object, java.lang.Object, int, int, int, int)'> (0x00000000881f4eb0) 
thrown [t:\workspace\open\src\hotspot\share\interpreter\linkResolver.cpp, line 766]
Event: 3.483 Thread 0x00000200de15a5d0 Exception <a 'java/lang/NoSuchMethodError'{0x0000000087cc70e8}: 'java.lang.Object java.lang.invoke.DirectMethodHandle$Holder.invokeSpecial(java.lang.Object, java.lang.Object, long, java.lang.Object, java.lang.Object, java.lang.Object, java.lang.Object, java.lang.Object, java.lang.Object)'> (0x0000000087cc70e8) 
thrown [t:\workspace\open\src\hotspot\share\interpreter\linkResolver.cpp, line 766]
Event: 3.483 Thread 0x00000200de15a5d0 Exception <a 'java/lang/NoSuchMethodError'{0x0000000087ccbc10}: 'java.lang.Object java.lang.invoke.DelegatingMethodHandle$Holder.reinvoke_L(java.lang.Object, long, java.lang.Object, java.lang.Object, java.lang.Object, java.lang.Object, java.lang.Object, java.lang.Object)'> (0x0000000087ccbc10) 
thrown [t:\workspace\open\src\hotspot\share\interpreter\linkResolver.cpp, line 766]
Event: 3.523 Thread 0x00000200de15a5d0 Exception <a 'java/io/FileNotFoundException'{0x0000000087a2e030}> (0x0000000087a2e030) 
thrown [t:\workspace\open\src\hotspot\share\prims\jni.cpp, line 516]
Event: 3.540 Thread 0x00000200de15a5d0 Exception <a 'java/io/FileNotFoundException'{0x00000000879e31a0}> (0x00000000879e31a0) 
thrown [t:\workspace\open\src\hotspot\share\prims\jni.cpp, line 516]
Event: 3.540 Thread 0x00000200de15a5d0 Exception <a 'java/io/FileNotFoundException'{0x00000000879e4460}> (0x00000000879e4460) 
thrown [t:\workspace\open\src\hotspot\share\prims\jni.cpp, line 516]
Event: 3.560 Thread 0x00000200de15a5d0 Exception <a 'java/lang/NoSuchMethodError'{0x00000000878bb208}: 'int java.lang.invoke.DirectMethodHandle$Holder.invokeInterface(java.lang.Object, java.lang.Object, java.lang.Object, java.lang.Object)'> (0x00000000878bb208) 
thrown [t:\workspace\open\src\hotspot\share\interpreter\linkResolver.cpp, line 766]

VM Operations (20 events):
Event: 2.991 Executing VM operation: HandshakeAllThreads done
Event: 3.303 Executing VM operation: HandshakeAllThreads
Event: 3.303 Executing VM operation: HandshakeAllThreads done
Event: 3.352 Executing VM operation: ICBufferFull
Event: 3.352 Executing VM operation: ICBufferFull done
Event: 3.448 Executing VM operation: HandshakeAllThreads
Event: 3.448 Executing VM operation: HandshakeAllThreads done
Event: 3.450 Executing VM operation: HandshakeAllThreads
Event: 3.450 Executing VM operation: HandshakeAllThreads done
Event: 3.498 Executing VM operation: HandshakeAllThreads
Event: 3.498 Executing VM operation: HandshakeAllThreads done
Event: 3.515 Executing VM operation: HandshakeAllThreads
Event: 3.515 Executing VM operation: HandshakeAllThreads done
Event: 3.612 Executing VM operation: HandshakeAllThreads
Event: 3.612 Executing VM operation: HandshakeAllThreads done
Event: 3.618 Executing VM operation: G1CollectForAllocation
Event: 3.625 Executing VM operation: G1CollectForAllocation done
Event: 3.644 Executing VM operation: HandshakeAllThreads
Event: 3.644 Executing VM operation: HandshakeAllThreads done
Event: 3.662 Executing VM operation: G1CollectForAllocation

Events (20 events):
Event: 3.515 loading class java/util/stream/ReduceOps$2ReducingSink done
Event: 3.516 loading class sun/management/RuntimeImpl
Event: 3.516 loading class sun/management/RuntimeImpl done
Event: 3.516 loading class java/util/Collections$2
Event: 3.516 loading class java/util/Collections$2 done
Event: 3.571 loading class java/util/UUID$Holder
Event: 3.572 loading class java/util/UUID$Holder done
Event: 3.594 loading class java/lang/SafeVarargs
Event: 3.594 loading class java/lang/SafeVarargs done
Event: 3.596 loading class sun/reflect/generics/reflectiveObjects/GenericArrayTypeImpl
Event: 3.596 loading class sun/reflect/generics/reflectiveObjects/GenericArrayTypeImpl done
Event: 3.611 loading class java/util/concurrent/Executors$FinalizableDelegatedExecutorService
Event: 3.611 loading class java/util/concurrent/Executors$DelegatedExecutorService
Event: 3.611 loading class java/util/concurrent/Executors$DelegatedExecutorService done
Event: 3.611 loading class java/util/concurrent/Executors$FinalizableDelegatedExecutorService done
Event: 3.612 loading class java/util/concurrent/ThreadPoolExecutor$Worker
Event: 3.612 loading class java/util/concurrent/ThreadPoolExecutor$Worker done
Event: 3.612 loading class java/lang/Thread$State
Event: 3.612 loading class java/lang/Thread$State done
Event: 3.612 Thread 0x00000200841ff0a0 Thread added: 0x00000200841ff0a0


Dynamic libraries:
0x00007ff6b5b40000 - 0x00007ff6b5b50000 	C:\Program Files\Java\jdk-17\bin\javaw.exe
0x00007ff98ddc0000 - 0x00007ff98e027000 	C:\WINDOWS\SYSTEM32\ntdll.dll
0x00007ff98d210000 - 0x00007ff98d2d9000 	C:\WINDOWS\System32\KERNEL32.DLL
0x00007ff98b760000 - 0x00007ff98bb4f000 	C:\WINDOWS\System32\KERNELBASE.dll
0x00007ff98b4e0000 - 0x00007ff98b62b000 	C:\WINDOWS\System32\ucrtbase.dll
0x00007ff97cb90000 - 0x00007ff97cbaa000 	C:\Program Files\Java\jdk-17\bin\VCRUNTIME140.dll
0x00007ff96db60000 - 0x00007ff96db78000 	C:\Program Files\Java\jdk-17\bin\jli.dll
0x00007ff98dba0000 - 0x00007ff98dc54000 	C:\WINDOWS\System32\ADVAPI32.dll
0x00007ff98c750000 - 0x00007ff98c7f9000 	C:\WINDOWS\System32\msvcrt.dll
0x00007ff98bdd0000 - 0x00007ff98be76000 	C:\WINDOWS\System32\sechost.dll
0x00007ff98bb60000 - 0x00007ff98bc78000 	C:\WINDOWS\System32\RPCRT4.dll
0x00007ff98d4c0000 - 0x00007ff98d685000 	C:\WINDOWS\System32\USER32.dll
0x00007ff98b370000 - 0x00007ff98b397000 	C:\WINDOWS\System32\win32u.dll
0x00007ff98be80000 - 0x00007ff98beab000 	C:\WINDOWS\System32\GDI32.dll
0x00007ff98b630000 - 0x00007ff98b75c000 	C:\WINDOWS\System32\gdi32full.dll
0x00007ff98b3a0000 - 0x00007ff98b443000 	C:\WINDOWS\System32\msvcp_win.dll
0x00007ff9668f0000 - 0x00007ff966b83000 	C:\WINDOWS\WinSxS\amd64_microsoft.windows.common-controls_6595b64144ccf1df_6.0.26100.7309_none_3e05feeae336a044\COMCTL32.dll
0x00007ff97f9d0000 - 0x00007ff97f9db000 	C:\WINDOWS\SYSTEM32\VERSION.dll
0x00007ff98beb0000 - 0x00007ff98bee1000 	C:\WINDOWS\System32\IMM32.DLL
0x00007ff97cb80000 - 0x00007ff97cb8c000 	C:\Program Files\Java\jdk-17\bin\vcruntime140_1.dll
0x00007ff96d9c0000 - 0x00007ff96da4d000 	C:\Program Files\Java\jdk-17\bin\msvcp140.dll
0x00007ff8cfb80000 - 0x00007ff8d073e000 	C:\Program Files\Java\jdk-17\bin\server\jvm.dll
0x00007ff98d170000 - 0x00007ff98d178000 	C:\WINDOWS\System32\PSAPI.DLL
0x00007ff963890000 - 0x00007ff96389a000 	C:\WINDOWS\SYSTEM32\WSOCK32.dll
0x00007ff98bce0000 - 0x00007ff98bd54000 	C:\WINDOWS\System32\WS2_32.dll
0x00007ff981780000 - 0x00007ff9817b5000 	C:\WINDOWS\SYSTEM32\WINMM.dll
0x00007ff989cc0000 - 0x00007ff989cdb000 	C:\WINDOWS\SYSTEM32\kernel.appcore.dll
0x00007ff96dac0000 - 0x00007ff96daca000 	C:\Program Files\Java\jdk-17\bin\jimage.dll
0x00007ff988490000 - 0x00007ff9886d2000 	C:\WINDOWS\SYSTEM32\DBGHELP.DLL
0x00007ff98cdd0000 - 0x00007ff98d156000 	C:\WINDOWS\System32\combase.dll
0x00007ff98d690000 - 0x00007ff98d766000 	C:\WINDOWS\System32\OLEAUT32.dll
0x00007ff964120000 - 0x00007ff96415c000 	C:\WINDOWS\SYSTEM32\dbgcore.DLL
0x00007ff98af10000 - 0x00007ff98afb5000 	C:\WINDOWS\System32\bcryptPrimitives.dll
0x00007ff963ce0000 - 0x00007ff963d05000 	C:\Program Files\Java\jdk-17\bin\java.dll
0x00007ff95afe0000 - 0x00007ff95b0b6000 	C:\Program Files\Java\jdk-17\bin\svml.dll
0x00007ff98bef0000 - 0x00007ff98c643000 	C:\WINDOWS\System32\SHELL32.dll
0x00007ff98b140000 - 0x00007ff98b2aa000 	C:\WINDOWS\System32\wintypes.dll
0x00007ff988ae0000 - 0x00007ff98933e000 	C:\WINDOWS\SYSTEM32\windows.storage.dll
0x00007ff98c650000 - 0x00007ff98c745000 	C:\WINDOWS\System32\SHCORE.dll
0x00007ff98bd60000 - 0x00007ff98bdc6000 	C:\WINDOWS\System32\shlwapi.dll
0x00007ff98ae30000 - 0x00007ff98ae59000 	C:\WINDOWS\SYSTEM32\profapi.dll
0x00007ff964e00000 - 0x00007ff964e19000 	C:\Program Files\Java\jdk-17\bin\net.dll
0x00007ff9814e0000 - 0x00007ff981608000 	C:\WINDOWS\SYSTEM32\WINHTTP.dll
0x00007ff98a230000 - 0x00007ff98a29b000 	C:\WINDOWS\system32\mswsock.dll
0x00007ff95d340000 - 0x00007ff95d355000 	C:\Program Files\Java\jdk-17\bin\nio.dll
0x00007ff95d320000 - 0x00007ff95d338000 	C:\Program Files\Java\jdk-17\bin\zip.dll
0x00007ff96dab0000 - 0x00007ff96dabe000 	C:\Program Files\Java\jdk-17\bin\sunmscapi.dll
0x00007ff98afc0000 - 0x00007ff98b137000 	C:\WINDOWS\System32\CRYPT32.dll
0x00007ff98a710000 - 0x00007ff98a740000 	C:\WINDOWS\SYSTEM32\ncrypt.dll
0x00007ff98a6c0000 - 0x00007ff98a6ff000 	C:\WINDOWS\SYSTEM32\NTASN1.dll
0x00007ff98a4f0000 - 0x00007ff98a50b000 	C:\WINDOWS\SYSTEM32\CRYPTSP.dll
0x00007ff989c20000 - 0x00007ff989c5a000 	C:\WINDOWS\system32\rsaenh.dll
0x00007ff98a2e0000 - 0x00007ff98a30b000 	C:\WINDOWS\SYSTEM32\USERENV.dll
0x00007ff98ae00000 - 0x00007ff98ae2a000 	C:\WINDOWS\SYSTEM32\bcrypt.dll
0x00007ff98a510000 - 0x00007ff98a51c000 	C:\WINDOWS\SYSTEM32\CRYPTBASE.dll
0x00007ff989740000 - 0x00007ff989774000 	C:\WINDOWS\SYSTEM32\IPHLPAPI.DLL
0x00007ff98d160000 - 0x00007ff98d16a000 	C:\WINDOWS\System32\NSI.dll
0x00007ff9828c0000 - 0x00007ff9828de000 	C:\WINDOWS\SYSTEM32\dhcpcsvc6.DLL
0x00007ff982380000 - 0x00007ff9823a3000 	C:\WINDOWS\SYSTEM32\dhcpcsvc.DLL
0x00007ff989780000 - 0x00007ff9898ac000 	C:\WINDOWS\SYSTEM32\DNSAPI.dll
0x00007ff96da60000 - 0x00007ff96da69000 	C:\Program Files\Java\jdk-17\bin\management.dll
0x00007ff96d9b0000 - 0x00007ff96d9bb000 	C:\Program Files\Java\jdk-17\bin\management_ext.dll

dbghelp: loaded successfully - version: 4.0.5 - missing functions: none
symbol engine: initialized successfully - sym options: 0x614 - pdb path: .;C:\Program Files\Java\jdk-17\bin;C:\WINDOWS\SYSTEM32;C:\WINDOWS\WinSxS\amd64_microsoft.windows.common-controls_6595b64144ccf1df_6.0.26100.7309_none_3e05feeae336a044;C:\Program Files\Java\jdk-17\bin\server

VM Arguments:
jvm_args: -Dfile.encoding=UTF-8 -Dstdout.encoding=UTF-8 -Dstderr.encoding=UTF-8 -XX:+ShowCodeDetailsInExceptionMessages 
java_command: com.hms.HospitalManagementSystemApplication
java_class_path (initial): D:\HMS\hospital-management-system\hospital-management-system\target\classes;C:\Users\Tejas\.m2\repository\org\springframework\boot\spring-boot-starter-web\3.2.5\spring-boot-starter-web-3.2.5.jar;C:\Users\Tejas\.m2\repository\org\springframework\boot\spring-boot-starter\3.2.5\spring-boot-starter-3.2.5.jar;C:\Users\Tejas\.m2\repository\org\springframework\boot\spring-boot\3.2.5\spring-boot-3.2.5.jar;C:\Users\Tejas\.m2\repository\org\springframework\boot\spring-boot-autoconfigure\3.2.5\spring-boot-autoconfigure-3.2.5.jar;C:\Users\Tejas\.m2\repository\org\springframework\boot\spring-boot-starter-logging\3.2.5\spring-boot-starter-logging-3.2.5.jar;C:\Users\Tejas\.m2\repository\ch\qos\logback\logback-classic\1.4.14\logback-classic-1.4.14.jar;C:\Users\Tejas\.m2\repository\ch\qos\logback\logback-core\1.4.14\logback-core-1.4.14.jar;C:\Users\Tejas\.m2\repository\org\apache\logging\log4j\log4j-to-slf4j\2.21.1\log4j-to-slf4j-2.21.1.jar;C:\Users\Tejas\.m2\repository\org\apache\logging\log4j\log4j-api\2.21.1\log4j-api-2.21.1.jar;C:\Users\Tejas\.m2\repository\org\slf4j\jul-to-slf4j\2.0.13\jul-to-slf4j-2.0.13.jar;C:\Users\Tejas\.m2\repository\jakarta\annotation\jakarta.annotation-api\2.1.1\jakarta.annotation-api-2.1.1.jar;C:\Users\Tejas\.m2\repository\org\yaml\snakeyaml\2.2\snakeyaml-2.2.jar;C:\Users\Tejas\.m2\repository\org\springframework\boot\spring-boot-starter-json\3.2.5\spring-boot-starter-json-3.2.5.jar;C:\Users\Tejas\.m2\repository\com\fasterxml\jackson\datatype\jackson-datatype-jdk8\2.15.4\jackson-datatype-jdk8-2.15.4.jar;C:\Users\Tejas\.m2\repository\com\fasterxml\jackson\datatype\jackson-datatype-jsr310\2.15.4\jackson-datatype-jsr310-2.15.4.jar;C:\Users\Tejas\.m2\repository\com\fasterxml\jackson\module\jackson-module-parameter-names\2.15.4\jackson-module-parameter-names-2.15.4.jar;C:\Users\Tejas\.m2\repository\org\springframework\boot\spring-boot-starter-tomcat\3.2.5\spring-boot-starter-tomcat-3.2.5.jar;C:\Users\Tejas\.m2\repository\org\apach
Launcher Type: SUN_STANDARD

[Global flags]
     intx CICompilerCount                          = 12                                        {product} {ergonomic}
     uint ConcGCThreads                            = 3                                         {product} {ergonomic}
     uint G1ConcRefinementThreads                  = 13                                        {product} {ergonomic}
   size_t G1HeapRegionSize                         = 1048576                                   {product} {ergonomic}
    uintx GCDrainStackTargetSize                   = 64                                        {product} {ergonomic}
   size_t InitialHeapSize                          = 130023424                                 {product} {ergonomic}
   size_t MarkStackSize                            = 4194304                                   {product} {ergonomic}
   size_t MaxHeapSize                              = 2061500416                                {product} {ergonomic}
   size_t MaxNewSize                               = 1236271104                                {product} {ergonomic}
   size_t MinHeapDeltaBytes                        = 1048576                                   {product} {ergonomic}
   size_t MinHeapSize                              = 8388608                                   {product} {ergonomic}
    uintx NonNMethodCodeHeapSize                   = 7602480                                {pd product} {ergonomic}
    uintx NonProfiledCodeHeapSize                  = 122027880                              {pd product} {ergonomic}
    uintx ProfiledCodeHeapSize                     = 122027880                              {pd product} {ergonomic}
    uintx ReservedCodeCacheSize                    = 251658240                              {pd product} {ergonomic}
     bool SegmentedCodeCache                       = true                                      {product} {ergonomic}
     bool ShowCodeDetailsInExceptionMessages       = true                                   {manageable} {command line}
   size_t SoftMaxHeapSize                          = 2061500416                             {manageable} {ergonomic}
     bool UseCompressedClassPointers               = true                           {product lp64_product} {ergonomic}
     bool UseCompressedOops                        = true                           {product lp64_product} {ergonomic}
     bool UseG1GC                                  = true                                      {product} {ergonomic}
     bool UseLargePagesIndividualAllocation        = false                                  {pd product} {ergonomic}

Logging:
Log output configuration:
 #0: stdout all=warning uptime,level,tags
 #1: stderr all=off uptime,level,tags

Environment Variables:
PATH=C:/Users/Tejas/.p2/pool/plugins/org.eclipse.justj.openjdk.hotspot.jre.full.win32.x86_64_21.0.8.v20250724-1412/jre/bin/server;C:/Users/Tejas/.p2/pool/plugins/org.eclipse.justj.openjdk.hotspot.jre.full.win32.x86_64_21.0.8.v20250724-1412/jre/bin;C:\Program Files\Common Files\Oracle\Java\javapath;C:\WINDOWS\system32;C:\WINDOWS;C:\WINDOWS\System32\Wbem;C:\WINDOWS\System32\WindowsPowerShell\v1.0\;C:\WINDOWS\System32\OpenSSH\;C:\Program Files (x86)\Microsoft SQL Server\160\Tools\Binn\;C:\Program Files\Microsoft SQL Server\160\Tools\Binn\;C:\Program Files\Microsoft SQL Server\Client SDK\ODBC\170\Tools\Binn\;C:\Program Files\Microsoft SQL Server\160\DTS\Binn\;C:\Program Files\Azure Data Studio\bin;C:\Program Files (x86)\Microsoft SQL Server\160\DTS\Binn\;C:\windows\IsmFiles;C:\Program Files\nodejs\;C:\Program Files\Git\cmd;C:\Program Files\MySQL\MySQL Shell 8.0\bin\;C:\Users\Tejas\AppData\Local\Microsoft\WindowsApps;C:\Users\Tejas\AppData\Local\Programs\Microsoft VS Code\bin;C:\Program Files\Azure Data Studio\bin;C:\Users\Tejas\AppData\Local\Programs\mongosh\;C:\Users\Tejas\AppData\Roaming\npm;C:\Users\Tejas\AppData\Local\PowerToys\;C:\Users\Tejas\AppData\Local\GitHubDesktop\bin;C:\WINDOWS\system32;
USERNAME=Tejas
OS=Windows_NT
PROCESSOR_IDENTIFIER=Intel64 Family 6 Model 154 Stepping 3, GenuineIntel



---------------  S Y S T E M  ---------------

OS:
 Windows 10 , 64 bit Build 26100 (10.0.26100.7623)
OS uptime: 0 days 7:23 hours
Hyper-V role detected

CPU: total 16 (initial active 16) (8 cores per cpu, 2 threads per core) family 6 model 154 stepping 3 microcode 0x434, cx8, cmov, fxsr, ht, mmx, 3dnowpref, sse, sse2, sse3, ssse3, sse4.1, sse4.2, popcnt, lzcnt, tsc, tscinvbit, avx, avx2, aes, erms, clmul, bmi1, bmi2, adx, sha, fma, vzeroupper, clflush, clflushopt, clwb, hv

Memory: 4k page, system-wide physical 7860M (551M free)
TotalPageFile size 18748M (AvailPageFile size 29M)
current process WorkingSet (physical memory assigned to process): 205M, peak: 208M
current process commit charge ("private bytes"): 254M, peak: 291M

vm_info: Java HotSpot(TM) 64-Bit Server VM (17+35-LTS-2724) for windows-amd64 JRE (17+35-LTS-2724), built on Aug  5 2021 23:28:28 by "mach5one" with MS VC++ 16.8 (VS2019)

END.
